{"total": {"lines":{"total":153,"covered":152,"skipped":0,"pct":99.34},"statements":{"total":163,"covered":161,"skipped":0,"pct":98.77},"functions":{"total":30,"covered":30,"skipped":0,"pct":100},"branches":{"total":139,"covered":136,"skipped":0,"pct":97.84},"branchesTrue":{"total":0,"covered":0,"skipped":0,"pct":"Unknown"}}
,"/home/ricardo/cvg-agent-secretary-v2/packages/policy-engine/src/capabilities.ts": {"lines":{"total":15,"covered":15,"skipped":0,"pct":100},"functions":{"total":4,"covered":4,"skipped":0,"pct":100},"statements":{"total":16,"covered":16,"skipped":0,"pct":100},"branches":{"total":10,"covered":10,"skipped":0,"pct":100}}
,"/home/ricardo/cvg-agent-secretary-v2/packages/policy-engine/src/documents.ts": {"lines":{"total":28,"covered":28,"skipped":0,"pct":100},"functions":{"total":7,"covered":7,"skipped":0,"pct":100},"statements":{"total":29,"covered":29,"skipped":0,"pct":100},"branches":{"total":14,"covered":14,"skipped":0,"pct":100}}
,"/home/ricardo/cvg-agent-secretary-v2/packages/policy-engine/src/engine.ts": {"lines":{"total":93,"covered":92,"skipped":0,"pct":98.92},"functions":{"total":13,"covered":13,"skipped":0,"pct":100},"statements":{"total":99,"covered":98,"skipped":0,"pct":98.98},"branches":{"total":109,"covered":107,"skipped":0,"pct":98.16}}
,"/home/ricardo/cvg-agent-secretary-v2/packages/policy-engine/src/grants.ts": {"lines":{"total":17,"covered":17,"skipped":0,"pct":100},"functions":{"total":6,"covered":6,"skipped":0,"pct":100},"statements":{"total":19,"covered":18,"skipped":0,"pct":94.73},"branches":{"total":6,"covered":5,"skipped":0,"pct":83.33}}
,"/home/ricardo/cvg-agent-secretary-v2/packages/policy-engine/src/index.ts": {"lines":{"total":0,"covered":0,"skipped":0,"pct":100},"functions":{"total":0,"covered":0,"skipped":0,"pct":100},"statements":{"total":0,"covered":0,"skipped":0,"pct":100},"branches":{"total":0,"covered":0,"skipped":0,"pct":100}}
}
