{
  "/home/ricardo/cvg-agent-secretary-v2/packages/policy-engine/src/capabilities.ts": {
    "path": "/home/ricardo/cvg-agent-secretary-v2/packages/policy-engine/src/capabilities.ts",
    "statementMap": {
      "0": {
        "start": { "line": 3, "column": 32 },
        "end": { "line": 25, "column": null }
      },
      "1": {
        "start": { "line": 29, "column": 35 },
        "end": { "line": 35, "column": null }
      },
      "2": {
        "start": { "line": 39, "column": 40 },
        "end": { "line": 48, "column": null }
      },
      "3": {
        "start": { "line": 61, "column": 4 },
        "end": { "line": 191, "column": null }
      },
      "4": {
        "start": { "line": 200, "column": 4 },
        "end": { "line": 206, "column": null }
      },
      "5": {
        "start": { "line": 218, "column": 18 },
        "end": { "line": 218, "column": null }
      },
      "6": {
        "start": { "line": 219, "column": 2 },
        "end": { "line": 219, "column": null }
      },
      "7": {
        "start": { "line": 219, "column": 16 },
        "end": { "line": 219, "column": null }
      },
      "8": {
        "start": { "line": 220, "column": 2 },
        "end": { "line": 222, "column": null }
      },
      "9": {
        "start": { "line": 221, "column": 4 },
        "end": { "line": 221, "column": null }
      },
      "10": {
        "start": { "line": 223, "column": 2 },
        "end": { "line": 225, "column": null }
      },
      "11": {
        "start": { "line": 238, "column": 4 },
        "end": { "line": 260, "column": null }
      },
      "12": {
        "start": { "line": 266, "column": 2 },
        "end": { "line": 266, "column": null }
      },
      "13": {
        "start": { "line": 270, "column": 2 },
        "end": { "line": 270, "column": null }
      },
      "14": {
        "start": { "line": 274, "column": 15 },
        "end": { "line": 274, "column": null }
      },
      "15": {
        "start": { "line": 275, "column": 2 },
        "end": { "line": 275, "column": null }
      }
    },
    "fnMap": {
      "0": {
        "name": "capabilityResourceScope",
        "decl": {
          "start": { "line": 214, "column": 16 },
          "end": { "line": 214, "column": null }
        },
        "loc": {
          "start": { "line": 217, "column": 21 },
          "end": { "line": 226, "column": null }
        },
        "line": 217
      },
      "1": {
        "name": "actionMatchesCapability",
        "decl": {
          "start": { "line": 262, "column": 16 },
          "end": { "line": 262, "column": null }
        },
        "loc": {
          "start": { "line": 265, "column": 11 },
          "end": { "line": 267, "column": null }
        },
        "line": 265
      },
      "2": {
        "name": "capabilityRisk",
        "decl": {
          "start": { "line": 269, "column": 16 },
          "end": { "line": 269, "column": 31 }
        },
        "loc": {
          "start": { "line": 269, "column": 70 },
          "end": { "line": 271, "column": null }
        },
        "line": 269
      },
      "3": {
        "name": "isHighRiskCapability",
        "decl": {
          "start": { "line": 273, "column": 16 },
          "end": { "line": 273, "column": 37 }
        },
        "loc": {
          "start": { "line": 273, "column": 70 },
          "end": { "line": 276, "column": null }
        },
        "line": 273
      }
    },
    "branchMap": {
      "0": {
        "loc": {
          "start": { "line": 219, "column": 2 },
          "end": { "line": 219, "column": null }
        },
        "type": "if",
        "locations": [
          {
            "start": { "line": 219, "column": 2 },
            "end": { "line": 219, "column": null }
          },
          { "start": {}, "end": {} }
        ],
        "line": 219
      },
      "1": {
        "loc": {
          "start": { "line": 220, "column": 2 },
          "end": { "line": 222, "column": null }
        },
        "type": "if",
        "locations": [
          {
            "start": { "line": 220, "column": 2 },
            "end": { "line": 222, "column": null }
          },
          { "start": {}, "end": {} }
        ],
        "line": 220
      },
      "2": {
        "loc": {
          "start": { "line": 220, "column": 6 },
          "end": { "line": 220, "column": 54 }
        },
        "type": "binary-expr",
        "locations": [
          {
            "start": { "line": 220, "column": 6 },
            "end": { "line": 220, "column": 19 }
          },
          {
            "start": { "line": 220, "column": 19 },
            "end": { "line": 220, "column": 54 }
          }
        ],
        "line": 220
      },
      "3": {
        "loc": {
          "start": { "line": 223, "column": 9 },
          "end": { "line": 225, "column": null }
        },
        "type": "cond-expr",
        "locations": [
          {
            "start": { "line": 224, "column": 6 },
            "end": { "line": 224, "column": null }
          },
          {
            "start": { "line": 225, "column": 6 },
            "end": { "line": 225, "column": null }
          }
        ],
        "line": 223
      },
      "4": {
        "loc": {
          "start": { "line": 275, "column": 9 },
          "end": { "line": 275, "column": null }
        },
        "type": "binary-expr",
        "locations": [
          {
            "start": { "line": 275, "column": 9 },
            "end": { "line": 275, "column": 39 }
          },
          {
            "start": { "line": 275, "column": 39 },
            "end": { "line": 275, "column": null }
          }
        ],
        "line": 275
      }
    },
    "s": {
      "0": 5,
      "1": 5,
      "2": 5,
      "3": 5,
      "4": 5,
      "5": 725,
      "6": 725,
      "7": 450,
      "8": 275,
      "9": 27,
      "10": 248,
      "11": 5,
      "12": 662,
      "13": 1535,
      "14": 100,
      "15": 100
    },
    "f": { "0": 725, "1": 662, "2": 1535, "3": 100 },
    "b": {
      "0": [450, 275],
      "1": [27, 248],
      "2": [275, 248],
      "3": [212, 36],
      "4": [100, 99]
    },
    "meta": {
      "lastBranch": 5,
      "lastFunction": 4,
      "lastStatement": 16,
      "seen": {
        "s:3:32:25:Infinity": 0,
        "s:29:35:35:Infinity": 1,
        "s:39:40:48:Infinity": 2,
        "s:61:4:191:Infinity": 3,
        "s:200:4:206:Infinity": 4,
        "f:214:16:214:Infinity": 0,
        "s:218:18:218:Infinity": 5,
        "b:219:2:219:Infinity:undefined:undefined:undefined:undefined": 0,
        "s:219:2:219:Infinity": 6,
        "s:219:16:219:Infinity": 7,
        "b:220:2:222:Infinity:undefined:undefined:undefined:undefined": 1,
        "s:220:2:222:Infinity": 8,
        "b:220:6:220:19:220:19:220:54": 2,
        "s:221:4:221:Infinity": 9,
        "s:223:2:225:Infinity": 10,
        "b:224:6:224:Infinity:225:6:225:Infinity": 3,
        "s:238:4:260:Infinity": 11,
        "f:262:16:262:Infinity": 1,
        "s:266:2:266:Infinity": 12,
        "f:269:16:269:31": 2,
        "s:270:2:270:Infinity": 13,
        "f:273:16:273:37": 3,
        "s:274:15:274:Infinity": 14,
        "s:275:2:275:Infinity": 15,
        "b:275:9:275:39:275:39:275:Infinity": 4
      }
    }
  },
  "/home/ricardo/cvg-agent-secretary-v2/packages/policy-engine/src/documents.ts": {
    "path": "/home/ricardo/cvg-agent-secretary-v2/packages/policy-engine/src/documents.ts",
    "statementMap": {
      "0": {
        "start": { "line": 6, "column": 34 },
        "end": { "line": 6, "column": null }
      },
      "1": {
        "start": { "line": 9, "column": 32 },
        "end": { "line": 23, "column": null }
      },
      "2": {
        "start": { "line": 28, "column": 36 },
        "end": { "line": 37, "column": null }
      },
      "3": {
        "start": { "line": 42, "column": 32 },
        "end": { "line": 42, "column": null }
      },
      "4": {
        "start": { "line": 43, "column": 37 },
        "end": { "line": 43, "column": null }
      },
      "5": {
        "start": { "line": 46, "column": 2 },
        "end": { "line": 46, "column": null }
      },
      "6": {
        "start": { "line": 53, "column": 4 },
        "end": { "line": 53, "column": null }
      },
      "7": {
        "start": { "line": 54, "column": 4 },
        "end": { "line": 54, "column": null }
      },
      "8": {
        "start": { "line": 55, "column": 4 },
        "end": { "line": 55, "column": null }
      },
      "9": {
        "start": { "line": 65, "column": 24 },
        "end": { "line": 65, "column": null }
      },
      "10": {
        "start": { "line": 68, "column": 19 },
        "end": { "line": 68, "column": null }
      },
      "11": {
        "start": { "line": 69, "column": 16 },
        "end": { "line": 69, "column": null }
      },
      "12": {
        "start": { "line": 70, "column": 21 },
        "end": { "line": 70, "column": null }
      },
      "13": {
        "start": { "line": 71, "column": 4 },
        "end": { "line": 79, "column": null }
      },
      "14": {
        "start": { "line": 72, "column": 6 },
        "end": { "line": 77, "column": null }
      },
      "15": {
        "start": { "line": 73, "column": 8 },
        "end": { "line": 76, "column": null }
      },
      "16": {
        "start": { "line": 78, "column": 6 },
        "end": { "line": 78, "column": null }
      },
      "17": {
        "start": { "line": 80, "column": 4 },
        "end": { "line": 80, "column": null }
      },
      "18": {
        "start": { "line": 81, "column": 4 },
        "end": { "line": 81, "column": null }
      },
      "19": {
        "start": { "line": 85, "column": 4 },
        "end": { "line": 85, "column": null }
      },
      "20": {
        "start": { "line": 89, "column": 4 },
        "end": { "line": 89, "column": null }
      },
      "21": {
        "start": { "line": 93, "column": 4 },
        "end": { "line": 108, "column": null }
      },
      "22": {
        "start": { "line": 94, "column": 6 },
        "end": { "line": 99, "column": null }
      },
      "23": {
        "start": { "line": 98, "column": 8 },
        "end": { "line": 98, "column": null }
      },
      "24": {
        "start": { "line": 100, "column": 6 },
        "end": { "line": 100, "column": null }
      },
      "25": {
        "start": { "line": 100, "column": 67 },
        "end": { "line": 100, "column": null }
      },
      "26": {
        "start": { "line": 101, "column": 6 },
        "end": { "line": 106, "column": null }
      },
      "27": {
        "start": { "line": 105, "column": 8 },
        "end": { "line": 105, "column": null }
      },
      "28": {
        "start": { "line": 107, "column": 6 },
        "end": { "line": 107, "column": null }
      }
    },
    "fnMap": {
      "0": {
        "name": "policyDocumentKey",
        "decl": {
          "start": { "line": 45, "column": 16 },
          "end": { "line": 45, "column": 34 }
        },
        "loc": {
          "start": { "line": 45, "column": 77 },
          "end": { "line": 47, "column": null }
        },
        "line": 45
      },
      "1": {
        "name": "(anonymous_1)",
        "decl": {
          "start": { "line": 52, "column": 2 },
          "end": { "line": 52, "column": 14 }
        },
        "loc": {
          "start": { "line": 52, "column": 66 },
          "end": { "line": 56, "column": null }
        },
        "line": 52
      },
      "2": {
        "name": "(anonymous_2)",
        "decl": {
          "start": { "line": 67, "column": 2 },
          "end": { "line": 67, "column": 11 }
        },
        "loc": {
          "start": { "line": 67, "column": 55 },
          "end": { "line": 82, "column": null }
        },
        "line": 67
      },
      "3": {
        "name": "(anonymous_3)",
        "decl": {
          "start": { "line": 84, "column": 2 },
          "end": { "line": 84, "column": 6 }
        },
        "loc": {
          "start": { "line": 84, "column": 69 },
          "end": { "line": 86, "column": null }
        },
        "line": 84
      },
      "4": {
        "name": "(anonymous_4)",
        "decl": {
          "start": { "line": 88, "column": 2 },
          "end": { "line": 88, "column": 27 }
        },
        "loc": {
          "start": { "line": 88, "column": 27 },
          "end": { "line": 90, "column": null }
        },
        "line": 88
      },
      "5": {
        "name": "(anonymous_5)",
        "decl": {
          "start": { "line": 92, "column": 2 },
          "end": { "line": 92, "column": 15 }
        },
        "loc": {
          "start": { "line": 92, "column": 72 },
          "end": { "line": 109, "column": null }
        },
        "line": 92
      },
      "6": {
        "name": "(anonymous_6)",
        "decl": {
          "start": { "line": 93, "column": 23 },
          "end": { "line": 93, "column": 31 }
        },
        "loc": {
          "start": { "line": 93, "column": 44 },
          "end": { "line": 108, "column": 5 }
        },
        "line": 93
      }
    },
    "branchMap": {
      "0": {
        "loc": {
          "start": { "line": 71, "column": 4 },
          "end": { "line": 79, "column": null }
        },
        "type": "if",
        "locations": [
          {
            "start": { "line": 71, "column": 4 },
            "end": { "line": 79, "column": null }
          },
          { "start": {}, "end": {} }
        ],
        "line": 71
      },
      "1": {
        "loc": {
          "start": { "line": 72, "column": 6 },
          "end": { "line": 77, "column": null }
        },
        "type": "if",
        "locations": [
          {
            "start": { "line": 72, "column": 6 },
            "end": { "line": 77, "column": null }
          },
          { "start": {}, "end": {} }
        ],
        "line": 72
      },
      "2": {
        "loc": {
          "start": { "line": 94, "column": 6 },
          "end": { "line": 99, "column": null }
        },
        "type": "if",
        "locations": [
          {
            "start": { "line": 94, "column": 6 },
            "end": { "line": 99, "column": null }
          },
          { "start": {}, "end": {} }
        ],
        "line": 94
      },
      "3": {
        "loc": {
          "start": { "line": 95, "column": 8 },
          "end": { "line": 96, "column": null }
        },
        "type": "binary-expr",
        "locations": [
          {
            "start": { "line": 95, "column": 8 },
            "end": { "line": 95, "column": null }
          },
          {
            "start": { "line": 96, "column": 8 },
            "end": { "line": 96, "column": null }
          }
        ],
        "line": 95
      },
      "4": {
        "loc": {
          "start": { "line": 100, "column": 6 },
          "end": { "line": 100, "column": null }
        },
        "type": "if",
        "locations": [
          {
            "start": { "line": 100, "column": 6 },
            "end": { "line": 100, "column": null }
          },
          { "start": {}, "end": {} }
        ],
        "line": 100
      },
      "5": {
        "loc": {
          "start": { "line": 101, "column": 6 },
          "end": { "line": 106, "column": null }
        },
        "type": "if",
        "locations": [
          {
            "start": { "line": 101, "column": 6 },
            "end": { "line": 106, "column": null }
          },
          { "start": {}, "end": {} }
        ],
        "line": 101
      },
      "6": {
        "loc": {
          "start": { "line": 102, "column": 8 },
          "end": { "line": 103, "column": null }
        },
        "type": "binary-expr",
        "locations": [
          {
            "start": { "line": 102, "column": 8 },
            "end": { "line": 102, "column": null }
          },
          {
            "start": { "line": 103, "column": 8 },
            "end": { "line": 103, "column": null }
          }
        ],
        "line": 102
      }
    },
    "s": {
      "0": 5,
      "1": 5,
      "2": 5,
      "3": 5,
      "4": 5,
      "5": 24,
      "6": 1,
      "7": 1,
      "8": 1,
      "9": 23,
      "10": 22,
      "11": 22,
      "12": 22,
      "13": 22,
      "14": 2,
      "15": 1,
      "16": 1,
      "17": 20,
      "18": 20,
      "19": 1,
      "20": 24,
      "21": 2,
      "22": 6,
      "23": 2,
      "24": 4,
      "25": 4,
      "26": 2,
      "27": 1,
      "28": 1
    },
    "f": { "0": 24, "1": 1, "2": 22, "3": 1, "4": 24, "5": 2, "6": 6 },
    "b": {
      "0": [2, 20],
      "1": [1, 1],
      "2": [2, 4],
      "3": [6, 6],
      "4": [2, 2],
      "5": [1, 1],
      "6": [2, 2]
    },
    "meta": {
      "lastBranch": 7,
      "lastFunction": 7,
      "lastStatement": 29,
      "seen": {
        "s:6:34:6:Infinity": 0,
        "s:9:32:23:Infinity": 1,
        "s:28:36:37:Infinity": 2,
        "s:42:32:42:Infinity": 3,
        "s:43:37:43:Infinity": 4,
        "f:45:16:45:34": 0,
        "s:46:2:46:Infinity": 5,
        "f:52:2:52:14": 1,
        "s:53:4:53:Infinity": 6,
        "s:54:4:54:Infinity": 7,
        "s:55:4:55:Infinity": 8,
        "s:65:24:65:Infinity": 9,
        "f:67:2:67:11": 2,
        "s:68:19:68:Infinity": 10,
        "s:69:16:69:Infinity": 11,
        "s:70:21:70:Infinity": 12,
        "b:71:4:79:Infinity:undefined:undefined:undefined:undefined": 0,
        "s:71:4:79:Infinity": 13,
        "b:72:6:77:Infinity:undefined:undefined:undefined:undefined": 1,
        "s:72:6:77:Infinity": 14,
        "s:73:8:76:Infinity": 15,
        "s:78:6:78:Infinity": 16,
        "s:80:4:80:Infinity": 17,
        "s:81:4:81:Infinity": 18,
        "f:84:2:84:6": 3,
        "s:85:4:85:Infinity": 19,
        "f:88:2:88:27": 4,
        "s:89:4:89:Infinity": 20,
        "f:92:2:92:15": 5,
        "s:93:4:108:Infinity": 21,
        "f:93:23:93:31": 6,
        "b:94:6:99:Infinity:undefined:undefined:undefined:undefined": 2,
        "s:94:6:99:Infinity": 22,
        "b:95:8:95:Infinity:96:8:96:Infinity": 3,
        "s:98:8:98:Infinity": 23,
        "b:100:6:100:Infinity:undefined:undefined:undefined:undefined": 4,
        "s:100:6:100:Infinity": 24,
        "s:100:67:100:Infinity": 25,
        "b:101:6:106:Infinity:undefined:undefined:undefined:undefined": 5,
        "s:101:6:106:Infinity": 26,
        "b:102:8:102:Infinity:103:8:103:Infinity": 6,
        "s:105:8:105:Infinity": 27,
        "s:107:6:107:Infinity": 28
      }
    }
  },
  "/home/ricardo/cvg-agent-secretary-v2/packages/policy-engine/src/engine.ts": {
    "path": "/home/ricardo/cvg-agent-secretary-v2/packages/policy-engine/src/engine.ts",
    "statementMap": {
      "0": {
        "start": { "line": 31, "column": 41 },
        "end": { "line": 35, "column": null }
      },
      "1": {
        "start": { "line": 39, "column": 43 },
        "end": { "line": 66, "column": null }
      },
      "2": {
        "start": { "line": 84, "column": 64 },
        "end": { "line": 91, "column": null }
      },
      "3": {
        "start": { "line": 93, "column": 56 },
        "end": { "line": 97, "column": null }
      },
      "4": {
        "start": { "line": 114, "column": 4 },
        "end": { "line": 114, "column": null }
      },
      "5": {
        "start": { "line": 115, "column": 4 },
        "end": { "line": 115, "column": null }
      },
      "6": {
        "start": { "line": 115, "column": 42 },
        "end": { "line": 115, "column": null }
      },
      "7": {
        "start": { "line": 119, "column": 19 },
        "end": { "line": 119, "column": null }
      },
      "8": {
        "start": { "line": 120, "column": 4 },
        "end": { "line": 131, "column": null }
      },
      "9": {
        "start": { "line": 121, "column": 6 },
        "end": { "line": 130, "column": null }
      },
      "10": {
        "start": { "line": 132, "column": 20 },
        "end": { "line": 132, "column": null }
      },
      "11": {
        "start": { "line": 133, "column": 17 },
        "end": { "line": 133, "column": null }
      },
      "12": {
        "start": { "line": 134, "column": 15 },
        "end": { "line": 134, "column": null }
      },
      "13": {
        "start": { "line": 136, "column": 4 },
        "end": { "line": 150, "column": null }
      },
      "14": {
        "start": { "line": 140, "column": 6 },
        "end": { "line": 149, "column": null }
      },
      "15": {
        "start": { "line": 152, "column": 26 },
        "end": { "line": 155, "column": null }
      },
      "16": {
        "start": { "line": 156, "column": 4 },
        "end": { "line": 167, "column": null }
      },
      "17": {
        "start": { "line": 157, "column": 6 },
        "end": { "line": 166, "column": null }
      },
      "18": {
        "start": { "line": 168, "column": 4 },
        "end": { "line": 179, "column": null }
      },
      "19": {
        "start": { "line": 169, "column": 6 },
        "end": { "line": 178, "column": null }
      },
      "20": {
        "start": { "line": 181, "column": 4 },
        "end": { "line": 192, "column": null }
      },
      "21": {
        "start": { "line": 182, "column": 6 },
        "end": { "line": 191, "column": null }
      },
      "22": {
        "start": { "line": 194, "column": 18 },
        "end": { "line": 194, "column": null }
      },
      "23": {
        "start": { "line": 195, "column": 4 },
        "end": { "line": 206, "column": null }
      },
      "24": {
        "start": { "line": 196, "column": 6 },
        "end": { "line": 205, "column": null }
      },
      "25": {
        "start": { "line": 208, "column": 4 },
        "end": { "line": 219, "column": null }
      },
      "26": {
        "start": { "line": 209, "column": 6 },
        "end": { "line": 218, "column": null }
      },
      "27": {
        "start": { "line": 221, "column": 20 },
        "end": { "line": 221, "column": null }
      },
      "28": {
        "start": { "line": 222, "column": 19 },
        "end": { "line": 222, "column": null }
      },
      "29": {
        "start": { "line": 224, "column": 4 },
        "end": { "line": 246, "column": null }
      },
      "30": {
        "start": { "line": 225, "column": 21 },
        "end": { "line": 225, "column": null }
      },
      "31": {
        "start": { "line": 226, "column": 21 },
        "end": { "line": 226, "column": null }
      },
      "32": {
        "start": { "line": 227, "column": 6 },
        "end": { "line": 229, "column": null }
      },
      "33": {
        "start": { "line": 228, "column": 8 },
        "end": { "line": 228, "column": null }
      },
      "34": {
        "start": { "line": 230, "column": 6 },
        "end": { "line": 238, "column": null }
      },
      "35": {
        "start": { "line": 231, "column": 8 },
        "end": { "line": 237, "column": null }
      },
      "36": {
        "start": { "line": 239, "column": 6 },
        "end": { "line": 245, "column": null }
      },
      "37": {
        "start": { "line": 248, "column": 4 },
        "end": { "line": 252, "column": null }
      },
      "38": {
        "start": { "line": 260, "column": 17 },
        "end": { "line": 260, "column": null }
      },
      "39": {
        "start": { "line": 261, "column": 22 },
        "end": { "line": 261, "column": null }
      },
      "40": {
        "start": { "line": 262, "column": 4 },
        "end": { "line": 274, "column": null }
      },
      "41": {
        "start": { "line": 267, "column": 6 },
        "end": { "line": 273, "column": null }
      },
      "42": {
        "start": { "line": 275, "column": 4 },
        "end": { "line": 283, "column": null }
      },
      "43": {
        "start": { "line": 276, "column": 6 },
        "end": { "line": 282, "column": null }
      },
      "44": {
        "start": { "line": 284, "column": 4 },
        "end": { "line": 292, "column": null }
      },
      "45": {
        "start": { "line": 285, "column": 6 },
        "end": { "line": 291, "column": null }
      },
      "46": {
        "start": { "line": 293, "column": 4 },
        "end": { "line": 299, "column": null }
      },
      "47": {
        "start": { "line": 307, "column": 6 },
        "end": { "line": 309, "column": null }
      },
      "48": {
        "start": { "line": 310, "column": 75 },
        "end": { "line": 310, "column": null }
      },
      "49": {
        "start": { "line": 311, "column": 4 },
        "end": { "line": 330, "column": null }
      },
      "50": {
        "start": { "line": 312, "column": 6 },
        "end": { "line": 317, "column": null }
      },
      "51": {
        "start": { "line": 316, "column": 8 },
        "end": { "line": 316, "column": null }
      },
      "52": {
        "start": { "line": 318, "column": 6 },
        "end": { "line": 318, "column": null }
      },
      "53": {
        "start": { "line": 318, "column": 61 },
        "end": { "line": 318, "column": null }
      },
      "54": {
        "start": { "line": 319, "column": 6 },
        "end": { "line": 324, "column": null }
      },
      "55": {
        "start": { "line": 323, "column": 8 },
        "end": { "line": 323, "column": null }
      },
      "56": {
        "start": { "line": 325, "column": 6 },
        "end": { "line": 329, "column": null }
      },
      "57": {
        "start": { "line": 326, "column": 8 },
        "end": { "line": 328, "column": null }
      },
      "58": {
        "start": { "line": 327, "column": 10 },
        "end": { "line": 327, "column": null }
      },
      "59": {
        "start": { "line": 331, "column": 4 },
        "end": { "line": 339, "column": null }
      },
      "60": {
        "start": { "line": 332, "column": 6 },
        "end": { "line": 334, "column": null }
      },
      "61": {
        "start": { "line": 333, "column": 8 },
        "end": { "line": 333, "column": null }
      },
      "62": {
        "start": { "line": 335, "column": 6 },
        "end": { "line": 337, "column": null }
      },
      "63": {
        "start": { "line": 340, "column": 4 },
        "end": { "line": 340, "column": null }
      },
      "64": {
        "start": { "line": 350, "column": 4 },
        "end": { "line": 359, "column": null }
      },
      "65": {
        "start": { "line": 372, "column": 4 },
        "end": { "line": 383, "column": null }
      },
      "66": {
        "start": { "line": 387, "column": 4 },
        "end": { "line": 387, "column": null }
      },
      "67": {
        "start": { "line": 396, "column": 2 },
        "end": { "line": 398, "column": null }
      },
      "68": {
        "start": { "line": 397, "column": 4 },
        "end": { "line": 397, "column": null }
      },
      "69": {
        "start": { "line": 399, "column": 2 },
        "end": { "line": 404, "column": null }
      },
      "70": {
        "start": { "line": 403, "column": 4 },
        "end": { "line": 403, "column": null }
      },
      "71": {
        "start": { "line": 405, "column": 2 },
        "end": { "line": 407, "column": null }
      },
      "72": {
        "start": { "line": 406, "column": 4 },
        "end": { "line": 406, "column": null }
      },
      "73": {
        "start": { "line": 408, "column": 2 },
        "end": { "line": 410, "column": null }
      },
      "74": {
        "start": { "line": 409, "column": 4 },
        "end": { "line": 409, "column": null }
      },
      "75": {
        "start": { "line": 411, "column": 2 },
        "end": { "line": 416, "column": null }
      },
      "76": {
        "start": { "line": 415, "column": 4 },
        "end": { "line": 415, "column": null }
      },
      "77": {
        "start": { "line": 417, "column": 2 },
        "end": { "line": 420, "column": null }
      },
      "78": {
        "start": { "line": 418, "column": 20 },
        "end": { "line": 418, "column": null }
      },
      "79": {
        "start": { "line": 419, "column": 4 },
        "end": { "line": 419, "column": null }
      },
      "80": {
        "start": { "line": 419, "column": 38 },
        "end": { "line": 419, "column": null }
      },
      "81": {
        "start": { "line": 421, "column": 2 },
        "end": { "line": 421, "column": null }
      },
      "82": {
        "start": { "line": 425, "column": 2 },
        "end": { "line": 428, "column": null }
      },
      "83": {
        "start": { "line": 426, "column": 19 },
        "end": { "line": 426, "column": null }
      },
      "84": {
        "start": { "line": 427, "column": 4 },
        "end": { "line": 427, "column": null }
      },
      "85": {
        "start": { "line": 427, "column": 56 },
        "end": { "line": 427, "column": null }
      },
      "86": {
        "start": { "line": 429, "column": 2 },
        "end": { "line": 429, "column": null }
      },
      "87": {
        "start": { "line": 433, "column": 2 },
        "end": { "line": 437, "column": null }
      },
      "88": {
        "start": { "line": 434, "column": 19 },
        "end": { "line": 434, "column": null }
      },
      "89": {
        "start": { "line": 435, "column": 19 },
        "end": { "line": 435, "column": null }
      },
      "90": {
        "start": { "line": 436, "column": 4 },
        "end": { "line": 436, "column": null }
      },
      "91": {
        "start": { "line": 436, "column": 24 },
        "end": { "line": 436, "column": null }
      },
      "92": {
        "start": { "line": 438, "column": 2 },
        "end": { "line": 438, "column": null }
      },
      "93": {
        "start": { "line": 442, "column": 2 },
        "end": { "line": 446, "column": null }
      },
      "94": {
        "start": { "line": 443, "column": 19 },
        "end": { "line": 443, "column": null }
      },
      "95": {
        "start": { "line": 444, "column": 19 },
        "end": { "line": 444, "column": null }
      },
      "96": {
        "start": { "line": 445, "column": 4 },
        "end": { "line": 445, "column": null }
      },
      "97": {
        "start": { "line": 445, "column": 24 },
        "end": { "line": 445, "column": null }
      },
      "98": {
        "start": { "line": 447, "column": 2 },
        "end": { "line": 447, "column": null }
      }
    },
    "fnMap": {
      "0": {
        "name": "(anonymous_0)",
        "decl": {
          "start": { "line": 113, "column": 2 },
          "end": { "line": 113, "column": 14 }
        },
        "loc": {
          "start": { "line": 113, "column": 49 },
          "end": { "line": 116, "column": null }
        },
        "line": 113
      },
      "1": {
        "name": "(anonymous_1)",
        "decl": {
          "start": { "line": 115, "column": 26 },
          "end": { "line": 115, "column": 42 }
        },
        "loc": {
          "start": { "line": 115, "column": 42 },
          "end": { "line": 115, "column": null }
        },
        "line": 115
      },
      "2": {
        "name": "(anonymous_2)",
        "decl": {
          "start": { "line": 118, "column": 2 },
          "end": { "line": 118, "column": 11 }
        },
        "loc": {
          "start": { "line": 118, "column": 57 },
          "end": { "line": 253, "column": null }
        },
        "line": 118
      },
      "3": {
        "name": "(anonymous_3)",
        "decl": {
          "start": { "line": 255, "column": 2 },
          "end": { "line": 255, "column": null }
        },
        "loc": {
          "start": { "line": 259, "column": 20 },
          "end": { "line": 300, "column": null }
        },
        "line": 259
      },
      "4": {
        "name": "(anonymous_4)",
        "decl": {
          "start": { "line": 302, "column": 2 },
          "end": { "line": 302, "column": null }
        },
        "loc": {
          "start": { "line": 305, "column": 59 },
          "end": { "line": 341, "column": null }
        },
        "line": 305
      },
      "5": {
        "name": "(anonymous_5)",
        "decl": {
          "start": { "line": 331, "column": 12 },
          "end": { "line": 331, "column": 18 }
        },
        "loc": {
          "start": { "line": 331, "column": 34 },
          "end": { "line": 339, "column": 5 }
        },
        "line": 331
      },
      "6": {
        "name": "(anonymous_6)",
        "decl": {
          "start": { "line": 343, "column": 2 },
          "end": { "line": 343, "column": null }
        },
        "loc": {
          "start": { "line": 349, "column": 20 },
          "end": { "line": 360, "column": null }
        },
        "line": 349
      },
      "7": {
        "name": "(anonymous_7)",
        "decl": {
          "start": { "line": 362, "column": 2 },
          "end": { "line": 362, "column": null }
        },
        "loc": {
          "start": { "line": 371, "column": 20 },
          "end": { "line": 384, "column": null }
        },
        "line": 371
      },
      "8": {
        "name": "(anonymous_8)",
        "decl": {
          "start": { "line": 386, "column": 2 },
          "end": { "line": 386, "column": 37 }
        },
        "loc": {
          "start": { "line": 386, "column": 37 },
          "end": { "line": 388, "column": null }
        },
        "line": 386
      },
      "9": {
        "name": "ruleAppliesTo",
        "decl": {
          "start": { "line": 391, "column": 9 },
          "end": { "line": 391, "column": null }
        },
        "loc": {
          "start": { "line": 395, "column": 11 },
          "end": { "line": 422, "column": null }
        },
        "line": 395
      },
      "10": {
        "name": "safeCorrelation",
        "decl": {
          "start": { "line": 424, "column": 9 },
          "end": { "line": 424, "column": 25 }
        },
        "loc": {
          "start": { "line": 424, "column": 49 },
          "end": { "line": 430, "column": null }
        },
        "line": 424
      },
      "11": {
        "name": "safeCapability",
        "decl": {
          "start": { "line": 432, "column": 9 },
          "end": { "line": 432, "column": 24 }
        },
        "loc": {
          "start": { "line": 432, "column": 52 },
          "end": { "line": 439, "column": null }
        },
        "line": 432
      },
      "12": {
        "name": "safeProfile",
        "decl": {
          "start": { "line": 441, "column": 9 },
          "end": { "line": 441, "column": 21 }
        },
        "loc": {
          "start": { "line": 441, "column": 55 },
          "end": { "line": 448, "column": null }
        },
        "line": 441
      }
    },
    "branchMap": {
      "0": {
        "loc": {
          "start": { "line": 113, "column": 14 },
          "end": { "line": 113, "column": 49 }
        },
        "type": "default-arg",
        "locations": [
          {
            "start": { "line": 113, "column": 45 },
            "end": { "line": 113, "column": 49 }
          }
        ],
        "line": 113
      },
      "1": {
        "loc": {
          "start": { "line": 114, "column": 22 },
          "end": { "line": 114, "column": null }
        },
        "type": "binary-expr",
        "locations": [
          {
            "start": { "line": 114, "column": 22 },
            "end": { "line": 114, "column": 43 }
          },
          {
            "start": { "line": 114, "column": 43 },
            "end": { "line": 114, "column": null }
          }
        ],
        "line": 114
      },
      "2": {
        "loc": {
          "start": { "line": 115, "column": 18 },
          "end": { "line": 115, "column": null }
        },
        "type": "binary-expr",
        "locations": [
          {
            "start": { "line": 115, "column": 18 },
            "end": { "line": 115, "column": 42 }
          },
          {
            "start": { "line": 115, "column": 26 },
            "end": { "line": 115, "column": null }
          }
        ],
        "line": 115
      },
      "3": {
        "loc": {
          "start": { "line": 120, "column": 4 },
          "end": { "line": 131, "column": null }
        },
        "type": "if",
        "locations": [
          {
            "start": { "line": 120, "column": 4 },
            "end": { "line": 131, "column": null }
          },
          { "start": {}, "end": {} }
        ],
        "line": 120
      },
      "4": {
        "loc": {
          "start": { "line": 136, "column": 4 },
          "end": { "line": 150, "column": null }
        },
        "type": "if",
        "locations": [
          {
            "start": { "line": 136, "column": 4 },
            "end": { "line": 150, "column": null }
          },
          { "start": {}, "end": {} }
        ],
        "line": 136
      },
      "5": {
        "loc": {
          "start": { "line": 137, "column": 6 },
          "end": { "line": 138, "column": null }
        },
        "type": "binary-expr",
        "locations": [
          {
            "start": { "line": 137, "column": 6 },
            "end": { "line": 137, "column": null }
          },
          {
            "start": { "line": 138, "column": 6 },
            "end": { "line": 138, "column": null }
          }
        ],
        "line": 137
      },
      "6": {
        "loc": {
          "start": { "line": 156, "column": 4 },
          "end": { "line": 167, "column": null }
        },
        "type": "if",
        "locations": [
          {
            "start": { "line": 156, "column": 4 },
            "end": { "line": 167, "column": null }
          },
          { "start": {}, "end": {} }
        ],
        "line": 156
      },
      "7": {
        "loc": {
          "start": { "line": 168, "column": 4 },
          "end": { "line": 179, "column": null }
        },
        "type": "if",
        "locations": [
          {
            "start": { "line": 168, "column": 4 },
            "end": { "line": 179, "column": null }
          },
          { "start": {}, "end": {} }
        ],
        "line": 168
      },
      "8": {
        "loc": {
          "start": { "line": 181, "column": 4 },
          "end": { "line": 192, "column": null }
        },
        "type": "if",
        "locations": [
          {
            "start": { "line": 181, "column": 4 },
            "end": { "line": 192, "column": null }
          },
          { "start": {}, "end": {} }
        ],
        "line": 181
      },
      "9": {
        "loc": {
          "start": { "line": 195, "column": 4 },
          "end": { "line": 206, "column": null }
        },
        "type": "if",
        "locations": [
          {
            "start": { "line": 195, "column": 4 },
            "end": { "line": 206, "column": null }
          },
          { "start": {}, "end": {} }
        ],
        "line": 195
      },
      "10": {
        "loc": {
          "start": { "line": 208, "column": 4 },
          "end": { "line": 219, "column": null }
        },
        "type": "if",
        "locations": [
          {
            "start": { "line": 208, "column": 4 },
            "end": { "line": 219, "column": null }
          },
          { "start": {}, "end": {} }
        ],
        "line": 208
      },
      "11": {
        "loc": {
          "start": { "line": 224, "column": 4 },
          "end": { "line": 246, "column": null }
        },
        "type": "if",
        "locations": [
          {
            "start": { "line": 224, "column": 4 },
            "end": { "line": 246, "column": null }
          },
          { "start": {}, "end": {} }
        ],
        "line": 224
      },
      "12": {
        "loc": {
          "start": { "line": 227, "column": 6 },
          "end": { "line": 229, "column": null }
        },
        "type": "if",
        "locations": [
          {
            "start": { "line": 227, "column": 6 },
            "end": { "line": 229, "column": null }
          },
          { "start": {}, "end": {} }
        ],
        "line": 227
      },
      "13": {
        "loc": {
          "start": { "line": 230, "column": 6 },
          "end": { "line": 238, "column": null }
        },
        "type": "if",
        "locations": [
          {
            "start": { "line": 230, "column": 6 },
            "end": { "line": 238, "column": null }
          },
          { "start": {}, "end": {} }
        ],
        "line": 230
      },
      "14": {
        "loc": {
          "start": { "line": 240, "column": 8 },
          "end": { "line": 240, "column": null }
        },
        "type": "cond-expr",
        "locations": [
          {
            "start": { "line": 240, "column": 45 },
            "end": { "line": 240, "column": 66 }
          },
          {
            "start": { "line": 240, "column": 66 },
            "end": { "line": 240, "column": null }
          }
        ],
        "line": 240
      },
      "15": {
        "loc": {
          "start": { "line": 262, "column": 4 },
          "end": { "line": 274, "column": null }
        },
        "type": "if",
        "locations": [
          {
            "start": { "line": 262, "column": 4 },
            "end": { "line": 274, "column": null }
          },
          { "start": {}, "end": {} }
        ],
        "line": 262
      },
      "16": {
        "loc": {
          "start": { "line": 263, "column": 6 },
          "end": { "line": 265, "column": null }
        },
        "type": "binary-expr",
        "locations": [
          {
            "start": { "line": 263, "column": 6 },
            "end": { "line": 263, "column": null }
          },
          {
            "start": { "line": 264, "column": 6 },
            "end": { "line": 264, "column": null }
          },
          {
            "start": { "line": 265, "column": 6 },
            "end": { "line": 265, "column": null }
          }
        ],
        "line": 263
      },
      "17": {
        "loc": {
          "start": { "line": 275, "column": 4 },
          "end": { "line": 283, "column": null }
        },
        "type": "if",
        "locations": [
          {
            "start": { "line": 275, "column": 4 },
            "end": { "line": 283, "column": null }
          },
          { "start": {}, "end": {} }
        ],
        "line": 275
      },
      "18": {
        "loc": {
          "start": { "line": 284, "column": 4 },
          "end": { "line": 292, "column": null }
        },
        "type": "if",
        "locations": [
          {
            "start": { "line": 284, "column": 4 },
            "end": { "line": 292, "column": null }
          },
          { "start": {}, "end": {} }
        ],
        "line": 284
      },
      "19": {
        "loc": {
          "start": { "line": 284, "column": 8 },
          "end": { "line": 284, "column": 56 }
        },
        "type": "binary-expr",
        "locations": [
          {
            "start": { "line": 284, "column": 8 },
            "end": { "line": 284, "column": 38 }
          },
          {
            "start": { "line": 284, "column": 38 },
            "end": { "line": 284, "column": 56 }
          }
        ],
        "line": 284
      },
      "20": {
        "loc": {
          "start": { "line": 307, "column": 6 },
          "end": { "line": 309, "column": null }
        },
        "type": "cond-expr",
        "locations": [
          {
            "start": { "line": 308, "column": 10 },
            "end": { "line": 308, "column": null }
          },
          {
            "start": { "line": 309, "column": 10 },
            "end": { "line": 309, "column": null }
          }
        ],
        "line": 307
      },
      "21": {
        "loc": {
          "start": { "line": 312, "column": 6 },
          "end": { "line": 317, "column": null }
        },
        "type": "if",
        "locations": [
          {
            "start": { "line": 312, "column": 6 },
            "end": { "line": 317, "column": null }
          },
          { "start": {}, "end": {} }
        ],
        "line": 312
      },
      "22": {
        "loc": {
          "start": { "line": 313, "column": 8 },
          "end": { "line": 314, "column": null }
        },
        "type": "binary-expr",
        "locations": [
          {
            "start": { "line": 313, "column": 8 },
            "end": { "line": 313, "column": null }
          },
          {
            "start": { "line": 314, "column": 8 },
            "end": { "line": 314, "column": null }
          }
        ],
        "line": 313
      },
      "23": {
        "loc": {
          "start": { "line": 318, "column": 6 },
          "end": { "line": 318, "column": null }
        },
        "type": "if",
        "locations": [
          {
            "start": { "line": 318, "column": 6 },
            "end": { "line": 318, "column": null }
          },
          { "start": {}, "end": {} }
        ],
        "line": 318
      },
      "24": {
        "loc": {
          "start": { "line": 319, "column": 6 },
          "end": { "line": 324, "column": null }
        },
        "type": "if",
        "locations": [
          {
            "start": { "line": 319, "column": 6 },
            "end": { "line": 324, "column": null }
          },
          { "start": {}, "end": {} }
        ],
        "line": 319
      },
      "25": {
        "loc": {
          "start": { "line": 320, "column": 8 },
          "end": { "line": 321, "column": null }
        },
        "type": "binary-expr",
        "locations": [
          {
            "start": { "line": 320, "column": 8 },
            "end": { "line": 320, "column": null }
          },
          {
            "start": { "line": 321, "column": 8 },
            "end": { "line": 321, "column": null }
          }
        ],
        "line": 320
      },
      "26": {
        "loc": {
          "start": { "line": 326, "column": 8 },
          "end": { "line": 328, "column": null }
        },
        "type": "if",
        "locations": [
          {
            "start": { "line": 326, "column": 8 },
            "end": { "line": 328, "column": null }
          },
          { "start": {}, "end": {} }
        ],
        "line": 326
      },
      "27": {
        "loc": {
          "start": { "line": 332, "column": 6 },
          "end": { "line": 334, "column": null }
        },
        "type": "if",
        "locations": [
          {
            "start": { "line": 332, "column": 6 },
            "end": { "line": 334, "column": null }
          },
          { "start": {}, "end": {} }
        ],
        "line": 332
      },
      "28": {
        "loc": {
          "start": { "line": 353, "column": 16 },
          "end": { "line": 353, "column": null }
        },
        "type": "binary-expr",
        "locations": [
          {
            "start": { "line": 353, "column": 16 },
            "end": { "line": 353, "column": 36 }
          },
          {
            "start": { "line": 353, "column": 36 },
            "end": { "line": 353, "column": null }
          }
        ],
        "line": 353
      },
      "29": {
        "loc": {
          "start": { "line": 354, "column": 21 },
          "end": { "line": 354, "column": null }
        },
        "type": "binary-expr",
        "locations": [
          {
            "start": { "line": 354, "column": 21 },
            "end": { "line": 354, "column": 40 }
          },
          {
            "start": { "line": 354, "column": 40 },
            "end": { "line": 354, "column": null }
          }
        ],
        "line": 354
      },
      "30": {
        "loc": {
          "start": { "line": 375, "column": 16 },
          "end": { "line": 375, "column": null }
        },
        "type": "binary-expr",
        "locations": [
          {
            "start": { "line": 375, "column": 16 },
            "end": { "line": 375, "column": 28 }
          },
          {
            "start": { "line": 375, "column": 28 },
            "end": { "line": 375, "column": null }
          }
        ],
        "line": 375
      },
      "31": {
        "loc": {
          "start": { "line": 379, "column": 12 },
          "end": { "line": 381, "column": null }
        },
        "type": "cond-expr",
        "locations": [
          {
            "start": { "line": 380, "column": 10 },
            "end": { "line": 380, "column": null }
          },
          {
            "start": { "line": 381, "column": 10 },
            "end": { "line": 381, "column": null }
          }
        ],
        "line": 379
      },
      "32": {
        "loc": {
          "start": { "line": 396, "column": 2 },
          "end": { "line": 398, "column": null }
        },
        "type": "if",
        "locations": [
          {
            "start": { "line": 396, "column": 2 },
            "end": { "line": 398, "column": null }
          },
          { "start": {}, "end": {} }
        ],
        "line": 396
      },
      "33": {
        "loc": {
          "start": { "line": 396, "column": 6 },
          "end": { "line": 396, "column": 76 }
        },
        "type": "binary-expr",
        "locations": [
          {
            "start": { "line": 396, "column": 6 },
            "end": { "line": 396, "column": 27 }
          },
          {
            "start": { "line": 396, "column": 27 },
            "end": { "line": 396, "column": 76 }
          }
        ],
        "line": 396
      },
      "34": {
        "loc": {
          "start": { "line": 399, "column": 2 },
          "end": { "line": 404, "column": null }
        },
        "type": "if",
        "locations": [
          {
            "start": { "line": 399, "column": 2 },
            "end": { "line": 404, "column": null }
          },
          { "start": {}, "end": {} }
        ],
        "line": 399
      },
      "35": {
        "loc": {
          "start": { "line": 400, "column": 4 },
          "end": { "line": 401, "column": null }
        },
        "type": "binary-expr",
        "locations": [
          {
            "start": { "line": 400, "column": 4 },
            "end": { "line": 400, "column": null }
          },
          {
            "start": { "line": 401, "column": 4 },
            "end": { "line": 401, "column": null }
          }
        ],
        "line": 400
      },
      "36": {
        "loc": {
          "start": { "line": 405, "column": 2 },
          "end": { "line": 407, "column": null }
        },
        "type": "if",
        "locations": [
          {
            "start": { "line": 405, "column": 2 },
            "end": { "line": 407, "column": null }
          },
          { "start": {}, "end": {} }
        ],
        "line": 405
      },
      "37": {
        "loc": {
          "start": { "line": 405, "column": 6 },
          "end": { "line": 405, "column": 64 }
        },
        "type": "binary-expr",
        "locations": [
          {
            "start": { "line": 405, "column": 6 },
            "end": { "line": 405, "column": 20 }
          },
          {
            "start": { "line": 405, "column": 20 },
            "end": { "line": 405, "column": 64 }
          }
        ],
        "line": 405
      },
      "38": {
        "loc": {
          "start": { "line": 408, "column": 2 },
          "end": { "line": 410, "column": null }
        },
        "type": "if",
        "locations": [
          {
            "start": { "line": 408, "column": 2 },
            "end": { "line": 410, "column": null }
          },
          { "start": {}, "end": {} }
        ],
        "line": 408
      },
      "39": {
        "loc": {
          "start": { "line": 408, "column": 6 },
          "end": { "line": 408, "column": 62 }
        },
        "type": "binary-expr",
        "locations": [
          {
            "start": { "line": 408, "column": 6 },
            "end": { "line": 408, "column": 22 }
          },
          {
            "start": { "line": 408, "column": 22 },
            "end": { "line": 408, "column": 62 }
          }
        ],
        "line": 408
      },
      "40": {
        "loc": {
          "start": { "line": 411, "column": 2 },
          "end": { "line": 416, "column": null }
        },
        "type": "if",
        "locations": [
          {
            "start": { "line": 411, "column": 2 },
            "end": { "line": 416, "column": null }
          },
          { "start": {}, "end": {} }
        ],
        "line": 411
      },
      "41": {
        "loc": {
          "start": { "line": 412, "column": 4 },
          "end": { "line": 413, "column": null }
        },
        "type": "binary-expr",
        "locations": [
          {
            "start": { "line": 412, "column": 4 },
            "end": { "line": 412, "column": null }
          },
          {
            "start": { "line": 413, "column": 5 },
            "end": { "line": 413, "column": 26 }
          },
          {
            "start": { "line": 413, "column": 26 },
            "end": { "line": 413, "column": null }
          }
        ],
        "line": 412
      },
      "42": {
        "loc": {
          "start": { "line": 417, "column": 2 },
          "end": { "line": 420, "column": null }
        },
        "type": "if",
        "locations": [
          {
            "start": { "line": 417, "column": 2 },
            "end": { "line": 420, "column": null }
          },
          { "start": {}, "end": {} }
        ],
        "line": 417
      },
      "43": {
        "loc": {
          "start": { "line": 419, "column": 4 },
          "end": { "line": 419, "column": null }
        },
        "type": "if",
        "locations": [
          {
            "start": { "line": 419, "column": 4 },
            "end": { "line": 419, "column": null }
          },
          { "start": {}, "end": {} }
        ],
        "line": 419
      },
      "44": {
        "loc": {
          "start": { "line": 425, "column": 2 },
          "end": { "line": 428, "column": null }
        },
        "type": "if",
        "locations": [
          {
            "start": { "line": 425, "column": 2 },
            "end": { "line": 428, "column": null }
          },
          { "start": {}, "end": {} }
        ],
        "line": 425
      },
      "45": {
        "loc": {
          "start": { "line": 425, "column": 6 },
          "end": { "line": 425, "column": 42 }
        },
        "type": "binary-expr",
        "locations": [
          {
            "start": { "line": 425, "column": 6 },
            "end": { "line": 425, "column": 15 }
          },
          {
            "start": { "line": 425, "column": 15 },
            "end": { "line": 425, "column": 42 }
          }
        ],
        "line": 425
      },
      "46": {
        "loc": {
          "start": { "line": 427, "column": 4 },
          "end": { "line": 427, "column": null }
        },
        "type": "if",
        "locations": [
          {
            "start": { "line": 427, "column": 4 },
            "end": { "line": 427, "column": null }
          },
          { "start": {}, "end": {} }
        ],
        "line": 427
      },
      "47": {
        "loc": {
          "start": { "line": 427, "column": 8 },
          "end": { "line": 427, "column": 56 }
        },
        "type": "binary-expr",
        "locations": [
          {
            "start": { "line": 427, "column": 8 },
            "end": { "line": 427, "column": 37 }
          },
          {
            "start": { "line": 427, "column": 37 },
            "end": { "line": 427, "column": 56 }
          }
        ],
        "line": 427
      },
      "48": {
        "loc": {
          "start": { "line": 433, "column": 2 },
          "end": { "line": 437, "column": null }
        },
        "type": "if",
        "locations": [
          {
            "start": { "line": 433, "column": 2 },
            "end": { "line": 437, "column": null }
          },
          { "start": {}, "end": {} }
        ],
        "line": 433
      },
      "49": {
        "loc": {
          "start": { "line": 433, "column": 6 },
          "end": { "line": 433, "column": 42 }
        },
        "type": "binary-expr",
        "locations": [
          {
            "start": { "line": 433, "column": 6 },
            "end": { "line": 433, "column": 15 }
          },
          {
            "start": { "line": 433, "column": 15 },
            "end": { "line": 433, "column": 42 }
          }
        ],
        "line": 433
      },
      "50": {
        "loc": {
          "start": { "line": 436, "column": 4 },
          "end": { "line": 436, "column": null }
        },
        "type": "if",
        "locations": [
          {
            "start": { "line": 436, "column": 4 },
            "end": { "line": 436, "column": null }
          },
          { "start": {}, "end": {} }
        ],
        "line": 436
      },
      "51": {
        "loc": {
          "start": { "line": 442, "column": 2 },
          "end": { "line": 446, "column": null }
        },
        "type": "if",
        "locations": [
          {
            "start": { "line": 442, "column": 2 },
            "end": { "line": 446, "column": null }
          },
          { "start": {}, "end": {} }
        ],
        "line": 442
      },
      "52": {
        "loc": {
          "start": { "line": 442, "column": 6 },
          "end": { "line": 442, "column": 42 }
        },
        "type": "binary-expr",
        "locations": [
          {
            "start": { "line": 442, "column": 6 },
            "end": { "line": 442, "column": 15 }
          },
          {
            "start": { "line": 442, "column": 15 },
            "end": { "line": 442, "column": 42 }
          }
        ],
        "line": 442
      },
      "53": {
        "loc": {
          "start": { "line": 445, "column": 4 },
          "end": { "line": 445, "column": null }
        },
        "type": "if",
        "locations": [
          {
            "start": { "line": 445, "column": 4 },
            "end": { "line": 445, "column": null }
          },
          { "start": {}, "end": {} }
        ],
        "line": 445
      }
    },
    "s": {
      "0": 5,
      "1": 5,
      "2": 5,
      "3": 5,
      "4": 43,
      "5": 43,
      "6": 2,
      "7": 760,
      "8": 760,
      "9": 31,
      "10": 729,
      "11": 729,
      "12": 729,
      "13": 729,
      "14": 4,
      "15": 725,
      "16": 725,
      "17": 27,
      "18": 698,
      "19": 36,
      "20": 662,
      "21": 8,
      "22": 654,
      "23": 654,
      "24": 460,
      "25": 194,
      "26": 22,
      "27": 172,
      "28": 172,
      "29": 172,
      "30": 12,
      "31": 12,
      "32": 12,
      "33": 5,
      "34": 7,
      "35": 5,
      "36": 2,
      "37": 160,
      "38": 160,
      "39": 160,
      "40": 160,
      "41": 4,
      "42": 156,
      "43": 34,
      "44": 122,
      "45": 0,
      "46": 122,
      "47": 172,
      "48": 172,
      "49": 172,
      "50": 23,
      "51": 1,
      "52": 22,
      "53": 1,
      "54": 21,
      "55": 2,
      "56": 19,
      "57": 23,
      "58": 16,
      "59": 172,
      "60": 4,
      "61": 2,
      "62": 2,
      "63": 172,
      "64": 172,
      "65": 588,
      "66": 1,
      "67": 23,
      "68": 1,
      "69": 22,
      "70": 1,
      "71": 21,
      "72": 1,
      "73": 20,
      "74": 1,
      "75": 19,
      "76": 1,
      "77": 18,
      "78": 4,
      "79": 4,
      "80": 2,
      "81": 16,
      "82": 31,
      "83": 27,
      "84": 27,
      "85": 23,
      "86": 8,
      "87": 31,
      "88": 27,
      "89": 27,
      "90": 27,
      "91": 24,
      "92": 7,
      "93": 31,
      "94": 27,
      "95": 27,
      "96": 27,
      "97": 24,
      "98": 7
    },
    "f": {
      "0": 43,
      "1": 2,
      "2": 760,
      "3": 160,
      "4": 172,
      "5": 4,
      "6": 172,
      "7": 588,
      "8": 1,
      "9": 23,
      "10": 31,
      "11": 31,
      "12": 31
    },
    "b": {
      "0": [43],
      "1": [43, 13],
      "2": [43, 2],
      "3": [31, 729],
      "4": [4, 725],
      "5": [729, 33],
      "6": [27, 698],
      "7": [36, 662],
      "8": [8, 654],
      "9": [460, 194],
      "10": [22, 172],
      "11": [12, 160],
      "12": [5, 7],
      "13": [5, 2],
      "14": [1, 1],
      "15": [4, 156],
      "16": [160, 6, 5],
      "17": [34, 122],
      "18": [0, 122],
      "19": [122, 122],
      "20": [2, 170],
      "21": [1, 22],
      "22": [23, 15],
      "23": [1, 21],
      "24": [2, 19],
      "25": [21, 3],
      "26": [16, 7],
      "27": [2, 2],
      "28": [172, 160],
      "29": [172, 160],
      "30": [588, 588],
      "31": [588, 0],
      "32": [1, 22],
      "33": [23, 16],
      "34": [1, 21],
      "35": [22, 1],
      "36": [1, 20],
      "37": [21, 2],
      "38": [1, 19],
      "39": [20, 2],
      "40": [1, 18],
      "41": [19, 1, 1],
      "42": [4, 14],
      "43": [2, 2],
      "44": [27, 4],
      "45": [31, 29],
      "46": [23, 4],
      "47": [27, 26],
      "48": [27, 4],
      "49": [31, 29],
      "50": [24, 3],
      "51": [27, 4],
      "52": [31, 29],
      "53": [24, 3]
    },
    "meta": {
      "lastBranch": 54,
      "lastFunction": 13,
      "lastStatement": 99,
      "seen": {
        "s:31:41:35:Infinity": 0,
        "s:39:43:66:Infinity": 1,
        "s:84:64:91:Infinity": 2,
        "s:93:56:97:Infinity": 3,
        "f:113:2:113:14": 0,
        "b:113:45:113:49": 0,
        "s:114:4:114:Infinity": 4,
        "b:114:22:114:43:114:43:114:Infinity": 1,
        "s:115:4:115:Infinity": 5,
        "b:115:18:115:42:115:26:115:Infinity": 2,
        "f:115:26:115:42": 1,
        "s:115:42:115:Infinity": 6,
        "f:118:2:118:11": 2,
        "s:119:19:119:Infinity": 7,
        "b:120:4:131:Infinity:undefined:undefined:undefined:undefined": 3,
        "s:120:4:131:Infinity": 8,
        "s:121:6:130:Infinity": 9,
        "s:132:20:132:Infinity": 10,
        "s:133:17:133:Infinity": 11,
        "s:134:15:134:Infinity": 12,
        "b:136:4:150:Infinity:undefined:undefined:undefined:undefined": 4,
        "s:136:4:150:Infinity": 13,
        "b:137:6:137:Infinity:138:6:138:Infinity": 5,
        "s:140:6:149:Infinity": 14,
        "s:152:26:155:Infinity": 15,
        "b:156:4:167:Infinity:undefined:undefined:undefined:undefined": 6,
        "s:156:4:167:Infinity": 16,
        "s:157:6:166:Infinity": 17,
        "b:168:4:179:Infinity:undefined:undefined:undefined:undefined": 7,
        "s:168:4:179:Infinity": 18,
        "s:169:6:178:Infinity": 19,
        "b:181:4:192:Infinity:undefined:undefined:undefined:undefined": 8,
        "s:181:4:192:Infinity": 20,
        "s:182:6:191:Infinity": 21,
        "s:194:18:194:Infinity": 22,
        "b:195:4:206:Infinity:undefined:undefined:undefined:undefined": 9,
        "s:195:4:206:Infinity": 23,
        "s:196:6:205:Infinity": 24,
        "b:208:4:219:Infinity:undefined:undefined:undefined:undefined": 10,
        "s:208:4:219:Infinity": 25,
        "s:209:6:218:Infinity": 26,
        "s:221:20:221:Infinity": 27,
        "s:222:19:222:Infinity": 28,
        "b:224:4:246:Infinity:undefined:undefined:undefined:undefined": 11,
        "s:224:4:246:Infinity": 29,
        "s:225:21:225:Infinity": 30,
        "s:226:21:226:Infinity": 31,
        "b:227:6:229:Infinity:undefined:undefined:undefined:undefined": 12,
        "s:227:6:229:Infinity": 32,
        "s:228:8:228:Infinity": 33,
        "b:230:6:238:Infinity:undefined:undefined:undefined:undefined": 13,
        "s:230:6:238:Infinity": 34,
        "s:231:8:237:Infinity": 35,
        "s:239:6:245:Infinity": 36,
        "b:240:45:240:66:240:66:240:Infinity": 14,
        "s:248:4:252:Infinity": 37,
        "f:255:2:255:Infinity": 3,
        "s:260:17:260:Infinity": 38,
        "s:261:22:261:Infinity": 39,
        "b:262:4:274:Infinity:undefined:undefined:undefined:undefined": 15,
        "s:262:4:274:Infinity": 40,
        "b:263:6:263:Infinity:264:6:264:Infinity:265:6:265:Infinity": 16,
        "s:267:6:273:Infinity": 41,
        "b:275:4:283:Infinity:undefined:undefined:undefined:undefined": 17,
        "s:275:4:283:Infinity": 42,
        "s:276:6:282:Infinity": 43,
        "b:284:4:292:Infinity:undefined:undefined:undefined:undefined": 18,
        "s:284:4:292:Infinity": 44,
        "b:284:8:284:38:284:38:284:56": 19,
        "s:285:6:291:Infinity": 45,
        "s:293:4:299:Infinity": 46,
        "f:302:2:302:Infinity": 4,
        "s:307:6:309:Infinity": 47,
        "b:308:10:308:Infinity:309:10:309:Infinity": 20,
        "s:310:75:310:Infinity": 48,
        "s:311:4:330:Infinity": 49,
        "b:312:6:317:Infinity:undefined:undefined:undefined:undefined": 21,
        "s:312:6:317:Infinity": 50,
        "b:313:8:313:Infinity:314:8:314:Infinity": 22,
        "s:316:8:316:Infinity": 51,
        "b:318:6:318:Infinity:undefined:undefined:undefined:undefined": 23,
        "s:318:6:318:Infinity": 52,
        "s:318:61:318:Infinity": 53,
        "b:319:6:324:Infinity:undefined:undefined:undefined:undefined": 24,
        "s:319:6:324:Infinity": 54,
        "b:320:8:320:Infinity:321:8:321:Infinity": 25,
        "s:323:8:323:Infinity": 55,
        "s:325:6:329:Infinity": 56,
        "b:326:8:328:Infinity:undefined:undefined:undefined:undefined": 26,
        "s:326:8:328:Infinity": 57,
        "s:327:10:327:Infinity": 58,
        "s:331:4:339:Infinity": 59,
        "f:331:12:331:18": 5,
        "b:332:6:334:Infinity:undefined:undefined:undefined:undefined": 27,
        "s:332:6:334:Infinity": 60,
        "s:333:8:333:Infinity": 61,
        "s:335:6:337:Infinity": 62,
        "s:340:4:340:Infinity": 63,
        "f:343:2:343:Infinity": 6,
        "s:350:4:359:Infinity": 64,
        "b:353:16:353:36:353:36:353:Infinity": 28,
        "b:354:21:354:40:354:40:354:Infinity": 29,
        "f:362:2:362:Infinity": 7,
        "s:372:4:383:Infinity": 65,
        "b:375:16:375:28:375:28:375:Infinity": 30,
        "b:380:10:380:Infinity:381:10:381:Infinity": 31,
        "f:386:2:386:37": 8,
        "s:387:4:387:Infinity": 66,
        "f:391:9:391:Infinity": 9,
        "b:396:2:398:Infinity:undefined:undefined:undefined:undefined": 32,
        "s:396:2:398:Infinity": 67,
        "b:396:6:396:27:396:27:396:76": 33,
        "s:397:4:397:Infinity": 68,
        "b:399:2:404:Infinity:undefined:undefined:undefined:undefined": 34,
        "s:399:2:404:Infinity": 69,
        "b:400:4:400:Infinity:401:4:401:Infinity": 35,
        "s:403:4:403:Infinity": 70,
        "b:405:2:407:Infinity:undefined:undefined:undefined:undefined": 36,
        "s:405:2:407:Infinity": 71,
        "b:405:6:405:20:405:20:405:64": 37,
        "s:406:4:406:Infinity": 72,
        "b:408:2:410:Infinity:undefined:undefined:undefined:undefined": 38,
        "s:408:2:410:Infinity": 73,
        "b:408:6:408:22:408:22:408:62": 39,
        "s:409:4:409:Infinity": 74,
        "b:411:2:416:Infinity:undefined:undefined:undefined:undefined": 40,
        "s:411:2:416:Infinity": 75,
        "b:412:4:412:Infinity:413:5:413:26:413:26:413:Infinity": 41,
        "s:415:4:415:Infinity": 76,
        "b:417:2:420:Infinity:undefined:undefined:undefined:undefined": 42,
        "s:417:2:420:Infinity": 77,
        "s:418:20:418:Infinity": 78,
        "b:419:4:419:Infinity:undefined:undefined:undefined:undefined": 43,
        "s:419:4:419:Infinity": 79,
        "s:419:38:419:Infinity": 80,
        "s:421:2:421:Infinity": 81,
        "f:424:9:424:25": 10,
        "b:425:2:428:Infinity:undefined:undefined:undefined:undefined": 44,
        "s:425:2:428:Infinity": 82,
        "b:425:6:425:15:425:15:425:42": 45,
        "s:426:19:426:Infinity": 83,
        "b:427:4:427:Infinity:undefined:undefined:undefined:undefined": 46,
        "s:427:4:427:Infinity": 84,
        "b:427:8:427:37:427:37:427:56": 47,
        "s:427:56:427:Infinity": 85,
        "s:429:2:429:Infinity": 86,
        "f:432:9:432:24": 11,
        "b:433:2:437:Infinity:undefined:undefined:undefined:undefined": 48,
        "s:433:2:437:Infinity": 87,
        "b:433:6:433:15:433:15:433:42": 49,
        "s:434:19:434:Infinity": 88,
        "s:435:19:435:Infinity": 89,
        "b:436:4:436:Infinity:undefined:undefined:undefined:undefined": 50,
        "s:436:4:436:Infinity": 90,
        "s:436:24:436:Infinity": 91,
        "s:438:2:438:Infinity": 92,
        "f:441:9:441:21": 12,
        "b:442:2:446:Infinity:undefined:undefined:undefined:undefined": 51,
        "s:442:2:446:Infinity": 93,
        "b:442:6:442:15:442:15:442:42": 52,
        "s:443:19:443:Infinity": 94,
        "s:444:19:444:Infinity": 95,
        "b:445:4:445:Infinity:undefined:undefined:undefined:undefined": 53,
        "s:445:4:445:Infinity": 96,
        "s:445:24:445:Infinity": 97,
        "s:447:2:447:Infinity": 98
      }
    }
  },
  "/home/ricardo/cvg-agent-secretary-v2/packages/policy-engine/src/grants.ts": {
    "path": "/home/ricardo/cvg-agent-secretary-v2/packages/policy-engine/src/grants.ts",
    "statementMap": {
      "0": {
        "start": { "line": 10, "column": 38 },
        "end": { "line": 16, "column": null }
      },
      "1": {
        "start": { "line": 20, "column": 32 },
        "end": { "line": 20, "column": null }
      },
      "2": {
        "start": { "line": 30, "column": 30 },
        "end": { "line": 30, "column": null }
      },
      "3": {
        "start": { "line": 33, "column": 40 },
        "end": { "line": 39, "column": null }
      },
      "4": {
        "start": { "line": 41, "column": 46 },
        "end": { "line": 49, "column": null }
      },
      "5": {
        "start": { "line": 57, "column": 4 },
        "end": { "line": 101, "column": null }
      },
      "6": {
        "start": { "line": 109, "column": 4 },
        "end": { "line": 124, "column": null }
      },
      "7": {
        "start": { "line": 120, "column": 20 },
        "end": { "line": 120, "column": null }
      },
      "8": {
        "start": { "line": 126, "column": 51 },
        "end": { "line": 131, "column": null }
      },
      "9": {
        "start": { "line": 137, "column": 2 },
        "end": { "line": 139, "column": null }
      },
      "10": {
        "start": { "line": 138, "column": 15 },
        "end": { "line": 138, "column": null }
      },
      "11": {
        "start": { "line": 146, "column": 2 },
        "end": { "line": 146, "column": null }
      },
      "12": {
        "start": { "line": 153, "column": 2 },
        "end": { "line": 153, "column": null }
      },
      "13": {
        "start": { "line": 153, "column": 38 },
        "end": { "line": 153, "column": null }
      },
      "14": {
        "start": { "line": 154, "column": 2 },
        "end": { "line": 154, "column": null }
      },
      "15": {
        "start": { "line": 154, "column": 27 },
        "end": { "line": 154, "column": null }
      },
      "16": {
        "start": { "line": 155, "column": 2 },
        "end": { "line": 155, "column": null }
      },
      "17": {
        "start": { "line": 159, "column": 2 },
        "end": { "line": 159, "column": null }
      },
      "18": {
        "start": { "line": 162, "column": 37 },
        "end": { "line": 167, "column": null }
      }
    },
    "fnMap": {
      "0": {
        "name": "(anonymous_0)",
        "decl": {
          "start": { "line": 119, "column": 64 },
          "end": { "line": 119, "column": null }
        },
        "loc": {
          "start": { "line": 120, "column": 20 },
          "end": { "line": 120, "column": null }
        },
        "line": 120
      },
      "1": {
        "name": "grantFor",
        "decl": {
          "start": { "line": 133, "column": 16 },
          "end": { "line": 133, "column": null }
        },
        "loc": {
          "start": { "line": 136, "column": 31 },
          "end": { "line": 140, "column": null }
        },
        "line": 136
      },
      "2": {
        "name": "(anonymous_2)",
        "decl": {
          "start": { "line": 137, "column": 39 },
          "end": { "line": 137, "column": null }
        },
        "loc": {
          "start": { "line": 138, "column": 15 },
          "end": { "line": 138, "column": null }
        },
        "line": 138
      },
      "3": {
        "name": "roleAllowsCapability",
        "decl": {
          "start": { "line": 142, "column": 16 },
          "end": { "line": 142, "column": null }
        },
        "loc": {
          "start": { "line": 145, "column": 11 },
          "end": { "line": 147, "column": null }
        },
        "line": 145
      },
      "4": {
        "name": "canApproveCapability",
        "decl": {
          "start": { "line": 149, "column": 16 },
          "end": { "line": 149, "column": null }
        },
        "loc": {
          "start": { "line": 152, "column": 11 },
          "end": { "line": 156, "column": null }
        },
        "line": 152
      },
      "5": {
        "name": "riskRequiresApproval",
        "decl": {
          "start": { "line": 158, "column": 16 },
          "end": { "line": 158, "column": 37 }
        },
        "loc": {
          "start": { "line": 158, "column": 67 },
          "end": { "line": 160, "column": null }
        },
        "line": 158
      }
    },
    "branchMap": {
      "0": {
        "loc": {
          "start": { "line": 153, "column": 2 },
          "end": { "line": 153, "column": null }
        },
        "type": "if",
        "locations": [
          {
            "start": { "line": 153, "column": 2 },
            "end": { "line": 153, "column": null }
          },
          { "start": {}, "end": {} }
        ],
        "line": 153
      },
      "1": {
        "loc": {
          "start": { "line": 154, "column": 2 },
          "end": { "line": 154, "column": null }
        },
        "type": "if",
        "locations": [
          {
            "start": { "line": 154, "column": 2 },
            "end": { "line": 154, "column": null }
          },
          { "start": {}, "end": {} }
        ],
        "line": 154
      },
      "2": {
        "loc": {
          "start": { "line": 159, "column": 9 },
          "end": { "line": 159, "column": null }
        },
        "type": "binary-expr",
        "locations": [
          {
            "start": { "line": 159, "column": 9 },
            "end": { "line": 159, "column": 39 }
          },
          {
            "start": { "line": 159, "column": 39 },
            "end": { "line": 159, "column": null }
          }
        ],
        "line": 159
      }
    },
    "s": {
      "0": 5,
      "1": 5,
      "2": 5,
      "3": 5,
      "4": 5,
      "5": 5,
      "6": 5,
      "7": 105,
      "8": 5,
      "9": 1198,
      "10": 6017,
      "11": 510,
      "12": 119,
      "13": 25,
      "14": 94,
      "15": 0,
      "16": 94,
      "17": 5,
      "18": 5
    },
    "f": { "0": 105, "1": 1198, "2": 6017, "3": 510, "4": 119, "5": 5 },
    "b": { "0": [25, 94], "1": [0, 94], "2": [5, 4] },
    "meta": {
      "lastBranch": 3,
      "lastFunction": 6,
      "lastStatement": 19,
      "seen": {
        "s:10:38:16:Infinity": 0,
        "s:20:32:20:Infinity": 1,
        "s:30:30:30:Infinity": 2,
        "s:33:40:39:Infinity": 3,
        "s:41:46:49:Infinity": 4,
        "s:57:4:101:Infinity": 5,
        "s:109:4:124:Infinity": 6,
        "f:119:64:119:Infinity": 0,
        "s:120:20:120:Infinity": 7,
        "s:126:51:131:Infinity": 8,
        "f:133:16:133:Infinity": 1,
        "s:137:2:139:Infinity": 9,
        "f:137:39:137:Infinity": 2,
        "s:138:15:138:Infinity": 10,
        "f:142:16:142:Infinity": 3,
        "s:146:2:146:Infinity": 11,
        "f:149:16:149:Infinity": 4,
        "b:153:2:153:Infinity:undefined:undefined:undefined:undefined": 0,
        "s:153:2:153:Infinity": 12,
        "s:153:38:153:Infinity": 13,
        "b:154:2:154:Infinity:undefined:undefined:undefined:undefined": 1,
        "s:154:2:154:Infinity": 14,
        "s:154:27:154:Infinity": 15,
        "s:155:2:155:Infinity": 16,
        "f:158:16:158:37": 5,
        "s:159:2:159:Infinity": 17,
        "b:159:9:159:39:159:39:159:Infinity": 2,
        "s:162:37:167:Infinity": 18
      }
    }
  },
  "/home/ricardo/cvg-agent-secretary-v2/packages/policy-engine/src/index.ts": {
    "path": "/home/ricardo/cvg-agent-secretary-v2/packages/policy-engine/src/index.ts",
    "statementMap": {},
    "fnMap": {},
    "branchMap": {},
    "s": {},
    "f": {},
    "b": {},
    "meta": {
      "lastBranch": 0,
      "lastFunction": 0,
      "lastStatement": 0,
      "seen": {}
    }
  }
}
