{"total": {"lines":{"total":8999,"covered":8736,"skipped":0,"pct":97.07},"statements":{"total":9560,"covered":9220,"skipped":0,"pct":96.44},"functions":{"total":1769,"covered":1721,"skipped":0,"pct":97.28},"branches":{"total":7355,"covered":6830,"skipped":0,"pct":92.86},"branchesTrue":{"total":0,"covered":0,"skipped":0,"pct":100}}
,"/tmp/cvg-m1-round2-ixwtdmce/final-candidate/apps/api/src/audit-filter-duplicate-boundary.ts": {"lines":{"total":3,"covered":3,"skipped":0,"pct":100},"functions":{"total":1,"covered":1,"skipped":0,"pct":100},"statements":{"total":4,"covered":4,"skipped":0,"pct":100},"branches":{"total":2,"covered":2,"skipped":0,"pct":100}}
,"/tmp/cvg-m1-round2-ixwtdmce/final-candidate/apps/api/src/http-request-boundary.ts": {"lines":{"total":22,"covered":22,"skipped":0,"pct":100},"functions":{"total":3,"covered":3,"skipped":0,"pct":100},"statements":{"total":22,"covered":22,"skipped":0,"pct":100},"branches":{"total":15,"covered":15,"skipped":0,"pct":100}}
,"/tmp/cvg-m1-round2-ixwtdmce/final-candidate/apps/api/src/http-security.ts": {"lines":{"total":187,"covered":182,"skipped":0,"pct":97.32},"functions":{"total":34,"covered":34,"skipped":0,"pct":100},"statements":{"total":222,"covered":201,"skipped":0,"pct":90.54},"branches":{"total":210,"covered":186,"skipped":0,"pct":88.57}}
,"/tmp/cvg-m1-round2-ixwtdmce/final-candidate/apps/api/src/http-target-boundary.ts": {"lines":{"total":6,"covered":6,"skipped":0,"pct":100},"functions":{"total":1,"covered":1,"skipped":0,"pct":100},"statements":{"total":7,"covered":7,"skipped":0,"pct":100},"branches":{"total":4,"covered":4,"skipped":0,"pct":100}}
,"/tmp/cvg-m1-round2-ixwtdmce/final-candidate/apps/api/src/operator-identity.ts": {"lines":{"total":76,"covered":76,"skipped":0,"pct":100},"functions":{"total":13,"covered":13,"skipped":0,"pct":100},"statements":{"total":78,"covered":78,"skipped":0,"pct":100},"branches":{"total":75,"covered":75,"skipped":0,"pct":100}}
,"/tmp/cvg-m1-round2-ixwtdmce/final-candidate/apps/api/src/pagination-boundary.ts": {"lines":{"total":6,"covered":6,"skipped":0,"pct":100},"functions":{"total":1,"covered":1,"skipped":0,"pct":100},"statements":{"total":6,"covered":6,"skipped":0,"pct":100},"branches":{"total":11,"covered":10,"skipped":0,"pct":90.9}}
,"/tmp/cvg-m1-round2-ixwtdmce/final-candidate/apps/api/src/rate-limit.ts": {"lines":{"total":52,"covered":52,"skipped":0,"pct":100},"functions":{"total":9,"covered":9,"skipped":0,"pct":100},"statements":{"total":52,"covered":52,"skipped":0,"pct":100},"branches":{"total":41,"covered":40,"skipped":0,"pct":97.56}}
,"/tmp/cvg-m1-round2-ixwtdmce/final-candidate/apps/api/src/readiness.ts": {"lines":{"total":27,"covered":27,"skipped":0,"pct":100},"functions":{"total":9,"covered":9,"skipped":0,"pct":100},"statements":{"total":30,"covered":30,"skipped":0,"pct":100},"branches":{"total":16,"covered":14,"skipped":0,"pct":87.5}}
,"/tmp/cvg-m1-round2-ixwtdmce/final-candidate/apps/api/src/request-metrics.ts": {"lines":{"total":56,"covered":56,"skipped":0,"pct":100},"functions":{"total":17,"covered":17,"skipped":0,"pct":100},"statements":{"total":64,"covered":64,"skipped":0,"pct":100},"branches":{"total":68,"covered":68,"skipped":0,"pct":100}}
,"/tmp/cvg-m1-round2-ixwtdmce/final-candidate/apps/api/src/response-correlation.ts": {"lines":{"total":12,"covered":12,"skipped":0,"pct":100},"functions":{"total":3,"covered":3,"skipped":0,"pct":100},"statements":{"total":13,"covered":13,"skipped":0,"pct":100},"branches":{"total":14,"covered":14,"skipped":0,"pct":100}}
,"/tmp/cvg-m1-round2-ixwtdmce/final-candidate/apps/api/src/server.ts": {"lines":{"total":1527,"covered":1483,"skipped":0,"pct":97.11},"functions":{"total":187,"covered":177,"skipped":0,"pct":94.65},"statements":{"total":1566,"covered":1514,"skipped":0,"pct":96.67},"branches":{"total":863,"covered":765,"skipped":0,"pct":88.64}}
,"/tmp/cvg-m1-round2-ixwtdmce/final-candidate/apps/api/src/startup-failure.ts": {"lines":{"total":25,"covered":24,"skipped":0,"pct":96},"functions":{"total":5,"covered":5,"skipped":0,"pct":100},"statements":{"total":25,"covered":24,"skipped":0,"pct":96},"branches":{"total":10,"covered":9,"skipped":0,"pct":90}}
,"/tmp/cvg-m1-round2-ixwtdmce/final-candidate/apps/api/src/webhook-security.ts": {"lines":{"total":153,"covered":153,"skipped":0,"pct":100},"functions":{"total":34,"covered":34,"skipped":0,"pct":100},"statements":{"total":171,"covered":170,"skipped":0,"pct":99.41},"branches":{"total":113,"covered":111,"skipped":0,"pct":98.23}}
,"/tmp/cvg-m1-round2-ixwtdmce/final-candidate/apps/api/src/routes/approvals.ts": {"lines":{"total":1,"covered":1,"skipped":0,"pct":100},"functions":{"total":0,"covered":0,"skipped":0,"pct":100},"statements":{"total":1,"covered":1,"skipped":0,"pct":100},"branches":{"total":0,"covered":0,"skipped":0,"pct":100}}
,"/tmp/cvg-m1-round2-ixwtdmce/final-candidate/apps/api/src/routes/audit.ts": {"lines":{"total":1,"covered":1,"skipped":0,"pct":100},"functions":{"total":0,"covered":0,"skipped":0,"pct":100},"statements":{"total":1,"covered":1,"skipped":0,"pct":100},"branches":{"total":0,"covered":0,"skipped":0,"pct":100}}
,"/tmp/cvg-m1-round2-ixwtdmce/final-candidate/apps/api/src/routes/conversations.ts": {"lines":{"total":2,"covered":2,"skipped":0,"pct":100},"functions":{"total":0,"covered":0,"skipped":0,"pct":100},"statements":{"total":2,"covered":2,"skipped":0,"pct":100},"branches":{"total":0,"covered":0,"skipped":0,"pct":100}}
,"/tmp/cvg-m1-round2-ixwtdmce/final-candidate/apps/api/src/routes/health.ts": {"lines":{"total":3,"covered":3,"skipped":0,"pct":100},"functions":{"total":0,"covered":0,"skipped":0,"pct":100},"statements":{"total":3,"covered":3,"skipped":0,"pct":100},"branches":{"total":0,"covered":0,"skipped":0,"pct":100}}
,"/tmp/cvg-m1-round2-ixwtdmce/final-candidate/apps/api/src/routes/tasks.ts": {"lines":{"total":1,"covered":1,"skipped":0,"pct":100},"functions":{"total":0,"covered":0,"skipped":0,"pct":100},"statements":{"total":1,"covered":1,"skipped":0,"pct":100},"branches":{"total":0,"covered":0,"skipped":0,"pct":100}}
,"/tmp/cvg-m1-round2-ixwtdmce/final-candidate/apps/api/src/routes/webhooks.ts": {"lines":{"total":1,"covered":1,"skipped":0,"pct":100},"functions":{"total":0,"covered":0,"skipped":0,"pct":100},"statements":{"total":1,"covered":1,"skipped":0,"pct":100},"branches":{"total":0,"covered":0,"skipped":0,"pct":100}}
,"/tmp/cvg-m1-round2-ixwtdmce/final-candidate/apps/worker/src/continuous-worker.ts": {"lines":{"total":237,"covered":212,"skipped":0,"pct":89.45},"functions":{"total":46,"covered":42,"skipped":0,"pct":91.3},"statements":{"total":253,"covered":222,"skipped":0,"pct":87.74},"branches":{"total":161,"covered":135,"skipped":0,"pct":83.85}}
,"/tmp/cvg-m1-round2-ixwtdmce/final-candidate/apps/worker/src/controlled-worker.ts": {"lines":{"total":22,"covered":21,"skipped":0,"pct":95.45},"functions":{"total":5,"covered":5,"skipped":0,"pct":100},"statements":{"total":25,"covered":24,"skipped":0,"pct":96},"branches":{"total":27,"covered":24,"skipped":0,"pct":88.88}}
,"/tmp/cvg-m1-round2-ixwtdmce/final-candidate/apps/worker/src/health.ts": {"lines":{"total":1,"covered":1,"skipped":0,"pct":100},"functions":{"total":1,"covered":1,"skipped":0,"pct":100},"statements":{"total":1,"covered":1,"skipped":0,"pct":100},"branches":{"total":0,"covered":0,"skipped":0,"pct":100}}
,"/tmp/cvg-m1-round2-ixwtdmce/final-candidate/apps/worker/src/postgres-controlled.ts": {"lines":{"total":88,"covered":86,"skipped":0,"pct":97.72},"functions":{"total":18,"covered":17,"skipped":0,"pct":94.44},"statements":{"total":89,"covered":87,"skipped":0,"pct":97.75},"branches":{"total":79,"covered":73,"skipped":0,"pct":92.4}}
,"/tmp/cvg-m1-round2-ixwtdmce/final-candidate/apps/worker/src/postgres-role-preflight.ts": {"lines":{"total":58,"covered":54,"skipped":0,"pct":93.1},"functions":{"total":6,"covered":6,"skipped":0,"pct":100},"statements":{"total":59,"covered":55,"skipped":0,"pct":93.22},"branches":{"total":66,"covered":58,"skipped":0,"pct":87.87}}
,"/tmp/cvg-m1-round2-ixwtdmce/final-candidate/apps/worker/src/sweeps.ts": {"lines":{"total":44,"covered":43,"skipped":0,"pct":97.72},"functions":{"total":11,"covered":11,"skipped":0,"pct":100},"statements":{"total":48,"covered":43,"skipped":0,"pct":89.58},"branches":{"total":22,"covered":16,"skipped":0,"pct":72.72}}
,"/tmp/cvg-m1-round2-ixwtdmce/final-candidate/apps/worker/src/worker-observability.ts": {"lines":{"total":8,"covered":8,"skipped":0,"pct":100},"functions":{"total":8,"covered":8,"skipped":0,"pct":100},"statements":{"total":10,"covered":10,"skipped":0,"pct":100},"branches":{"total":11,"covered":11,"skipped":0,"pct":100}}
,"/tmp/cvg-m1-round2-ixwtdmce/final-candidate/apps/worker/src/worker.ts": {"lines":{"total":32,"covered":32,"skipped":0,"pct":100},"functions":{"total":2,"covered":2,"skipped":0,"pct":100},"statements":{"total":32,"covered":32,"skipped":0,"pct":100},"branches":{"total":41,"covered":39,"skipped":0,"pct":95.12}}
,"/tmp/cvg-m1-round2-ixwtdmce/final-candidate/apps/worker/src/jobs/process-agent-turn.ts": {"lines":{"total":0,"covered":0,"skipped":0,"pct":100},"functions":{"total":0,"covered":0,"skipped":0,"pct":100},"statements":{"total":0,"covered":0,"skipped":0,"pct":100},"branches":{"total":0,"covered":0,"skipped":0,"pct":100}}
,"/tmp/cvg-m1-round2-ixwtdmce/final-candidate/apps/worker/src/jobs/process-outbox-event.ts": {"lines":{"total":21,"covered":21,"skipped":0,"pct":100},"functions":{"total":4,"covered":4,"skipped":0,"pct":100},"statements":{"total":23,"covered":23,"skipped":0,"pct":100},"branches":{"total":22,"covered":21,"skipped":0,"pct":95.45}}
,"/tmp/cvg-m1-round2-ixwtdmce/final-candidate/packages/adapters/src/channel-adapter.ts": {"lines":{"total":0,"covered":0,"skipped":0,"pct":100},"functions":{"total":0,"covered":0,"skipped":0,"pct":100},"statements":{"total":0,"covered":0,"skipped":0,"pct":100},"branches":{"total":0,"covered":0,"skipped":0,"pct":100}}
,"/tmp/cvg-m1-round2-ixwtdmce/final-candidate/packages/adapters/src/controlled-delivery.ts": {"lines":{"total":55,"covered":51,"skipped":0,"pct":92.72},"functions":{"total":13,"covered":13,"skipped":0,"pct":100},"statements":{"total":56,"covered":52,"skipped":0,"pct":92.85},"branches":{"total":37,"covered":31,"skipped":0,"pct":83.78}}
,"/tmp/cvg-m1-round2-ixwtdmce/final-candidate/packages/adapters/src/index.ts": {"lines":{"total":0,"covered":0,"skipped":0,"pct":100},"functions":{"total":0,"covered":0,"skipped":0,"pct":100},"statements":{"total":0,"covered":0,"skipped":0,"pct":100},"branches":{"total":0,"covered":0,"skipped":0,"pct":100}}
,"/tmp/cvg-m1-round2-ixwtdmce/final-candidate/packages/adapters/src/integration-events.ts": {"lines":{"total":0,"covered":0,"skipped":0,"pct":100},"functions":{"total":0,"covered":0,"skipped":0,"pct":100},"statements":{"total":0,"covered":0,"skipped":0,"pct":100},"branches":{"total":0,"covered":0,"skipped":0,"pct":100}}
,"/tmp/cvg-m1-round2-ixwtdmce/final-candidate/packages/adapters/src/model-adapter.ts": {"lines":{"total":41,"covered":35,"skipped":0,"pct":85.36},"functions":{"total":9,"covered":9,"skipped":0,"pct":100},"statements":{"total":42,"covered":36,"skipped":0,"pct":85.71},"branches":{"total":63,"covered":57,"skipped":0,"pct":90.47}}
,"/tmp/cvg-m1-round2-ixwtdmce/final-candidate/packages/adapters/src/resilience.ts": {"lines":{"total":5,"covered":5,"skipped":0,"pct":100},"functions":{"total":1,"covered":1,"skipped":0,"pct":100},"statements":{"total":6,"covered":6,"skipped":0,"pct":100},"branches":{"total":1,"covered":1,"skipped":0,"pct":100}}
,"/tmp/cvg-m1-round2-ixwtdmce/final-candidate/packages/adapters/src/fake/fake-whatsapp-adapter.ts": {"lines":{"total":4,"covered":4,"skipped":0,"pct":100},"functions":{"total":2,"covered":2,"skipped":0,"pct":100},"statements":{"total":4,"covered":4,"skipped":0,"pct":100},"branches":{"total":2,"covered":1,"skipped":0,"pct":50}}
,"/tmp/cvg-m1-round2-ixwtdmce/final-candidate/packages/agent-core/src/index.ts": {"lines":{"total":0,"covered":0,"skipped":0,"pct":100},"functions":{"total":0,"covered":0,"skipped":0,"pct":100},"statements":{"total":0,"covered":0,"skipped":0,"pct":100},"branches":{"total":0,"covered":0,"skipped":0,"pct":100}}
,"/tmp/cvg-m1-round2-ixwtdmce/final-candidate/packages/agent-core/src/agent-run/agent-run-service.ts": {"lines":{"total":2,"covered":0,"skipped":0,"pct":0},"functions":{"total":1,"covered":0,"skipped":0,"pct":0},"statements":{"total":2,"covered":0,"skipped":0,"pct":0},"branches":{"total":0,"covered":0,"skipped":0,"pct":100}}
,"/tmp/cvg-m1-round2-ixwtdmce/final-candidate/packages/agent-core/src/audit/audit-hook.ts": {"lines":{"total":1,"covered":0,"skipped":0,"pct":0},"functions":{"total":1,"covered":0,"skipped":0,"pct":0},"statements":{"total":1,"covered":0,"skipped":0,"pct":0},"branches":{"total":0,"covered":0,"skipped":0,"pct":100}}
,"/tmp/cvg-m1-round2-ixwtdmce/final-candidate/packages/agent-core/src/commands/create-handoff-summary.ts": {"lines":{"total":3,"covered":3,"skipped":0,"pct":100},"functions":{"total":1,"covered":1,"skipped":0,"pct":100},"statements":{"total":3,"covered":3,"skipped":0,"pct":100},"branches":{"total":22,"covered":17,"skipped":0,"pct":77.27}}
,"/tmp/cvg-m1-round2-ixwtdmce/final-candidate/packages/agent-core/src/commands/create-internal-task.ts": {"lines":{"total":2,"covered":2,"skipped":0,"pct":100},"functions":{"total":1,"covered":1,"skipped":0,"pct":100},"statements":{"total":2,"covered":2,"skipped":0,"pct":100},"branches":{"total":0,"covered":0,"skipped":0,"pct":100}}
,"/tmp/cvg-m1-round2-ixwtdmce/final-candidate/packages/agent-core/src/commands/execute-published-agent.ts": {"lines":{"total":13,"covered":13,"skipped":0,"pct":100},"functions":{"total":2,"covered":2,"skipped":0,"pct":100},"statements":{"total":14,"covered":14,"skipped":0,"pct":100},"branches":{"total":38,"covered":36,"skipped":0,"pct":94.73}}
,"/tmp/cvg-m1-round2-ixwtdmce/final-candidate/packages/agent-core/src/commands/published-worker-job.ts": {"lines":{"total":5,"covered":5,"skipped":0,"pct":100},"functions":{"total":1,"covered":1,"skipped":0,"pct":100},"statements":{"total":5,"covered":5,"skipped":0,"pct":100},"branches":{"total":0,"covered":0,"skipped":0,"pct":100}}
,"/tmp/cvg-m1-round2-ixwtdmce/final-candidate/packages/agent-core/src/commands/receive-inbound-message.ts": {"lines":{"total":24,"covered":17,"skipped":0,"pct":70.83},"functions":{"total":3,"covered":2,"skipped":0,"pct":66.66},"statements":{"total":24,"covered":17,"skipped":0,"pct":70.83},"branches":{"total":30,"covered":18,"skipped":0,"pct":60}}
,"/tmp/cvg-m1-round2-ixwtdmce/final-candidate/packages/agent-core/src/commands/request-human-approval.ts": {"lines":{"total":1,"covered":1,"skipped":0,"pct":100},"functions":{"total":1,"covered":1,"skipped":0,"pct":100},"statements":{"total":1,"covered":1,"skipped":0,"pct":100},"branches":{"total":0,"covered":0,"skipped":0,"pct":100}}
,"/tmp/cvg-m1-round2-ixwtdmce/final-candidate/packages/agent-core/src/commands/resolve-approval.ts": {"lines":{"total":2,"covered":2,"skipped":0,"pct":100},"functions":{"total":1,"covered":1,"skipped":0,"pct":100},"statements":{"total":2,"covered":2,"skipped":0,"pct":100},"branches":{"total":0,"covered":0,"skipped":0,"pct":100}}
,"/tmp/cvg-m1-round2-ixwtdmce/final-candidate/packages/agent-core/src/commands/run-agent-turn.ts": {"lines":{"total":3,"covered":3,"skipped":0,"pct":100},"functions":{"total":1,"covered":1,"skipped":0,"pct":100},"statements":{"total":3,"covered":3,"skipped":0,"pct":100},"branches":{"total":4,"covered":2,"skipped":0,"pct":50}}
,"/tmp/cvg-m1-round2-ixwtdmce/final-candidate/packages/agent-core/src/queries/get-conversation-timeline.ts": {"lines":{"total":1,"covered":1,"skipped":0,"pct":100},"functions":{"total":1,"covered":1,"skipped":0,"pct":100},"statements":{"total":1,"covered":1,"skipped":0,"pct":100},"branches":{"total":0,"covered":0,"skipped":0,"pct":100}}
,"/tmp/cvg-m1-round2-ixwtdmce/final-candidate/packages/agent-core/src/session/session-manager.ts": {"lines":{"total":1,"covered":1,"skipped":0,"pct":100},"functions":{"total":1,"covered":1,"skipped":0,"pct":100},"statements":{"total":1,"covered":1,"skipped":0,"pct":100},"branches":{"total":0,"covered":0,"skipped":0,"pct":100}}
,"/tmp/cvg-m1-round2-ixwtdmce/final-candidate/packages/agent-evals/src/agent.ts": {"lines":{"total":8,"covered":7,"skipped":0,"pct":87.5},"functions":{"total":6,"covered":4,"skipped":0,"pct":66.66},"statements":{"total":10,"covered":8,"skipped":0,"pct":80},"branches":{"total":8,"covered":8,"skipped":0,"pct":100}}
,"/tmp/cvg-m1-round2-ixwtdmce/final-candidate/packages/agent-evals/src/contracts.ts": {"lines":{"total":4,"covered":4,"skipped":0,"pct":100},"functions":{"total":0,"covered":0,"skipped":0,"pct":100},"statements":{"total":4,"covered":4,"skipped":0,"pct":100},"branches":{"total":0,"covered":0,"skipped":0,"pct":100}}
,"/tmp/cvg-m1-round2-ixwtdmce/final-candidate/packages/agent-evals/src/index.ts": {"lines":{"total":0,"covered":0,"skipped":0,"pct":100},"functions":{"total":0,"covered":0,"skipped":0,"pct":100},"statements":{"total":0,"covered":0,"skipped":0,"pct":100},"branches":{"total":0,"covered":0,"skipped":0,"pct":100}}
,"/tmp/cvg-m1-round2-ixwtdmce/final-candidate/packages/agent-evals/src/metrics.ts": {"lines":{"total":41,"covered":40,"skipped":0,"pct":97.56},"functions":{"total":6,"covered":6,"skipped":0,"pct":100},"statements":{"total":47,"covered":44,"skipped":0,"pct":93.61},"branches":{"total":31,"covered":22,"skipped":0,"pct":70.96}}
,"/tmp/cvg-m1-round2-ixwtdmce/final-candidate/packages/agent-evals/src/runner.ts": {"lines":{"total":57,"covered":54,"skipped":0,"pct":94.73},"functions":{"total":6,"covered":5,"skipped":0,"pct":83.33},"statements":{"total":58,"covered":54,"skipped":0,"pct":93.1},"branches":{"total":51,"covered":47,"skipped":0,"pct":92.15}}
,"/tmp/cvg-m1-round2-ixwtdmce/final-candidate/packages/agent-evals/src/datasets/core.ts": {"lines":{"total":3,"covered":1,"skipped":0,"pct":33.33},"functions":{"total":2,"covered":0,"skipped":0,"pct":0},"statements":{"total":3,"covered":1,"skipped":0,"pct":33.33},"branches":{"total":0,"covered":0,"skipped":0,"pct":100}}
,"/tmp/cvg-m1-round2-ixwtdmce/final-candidate/packages/agent-runtime/src/contracts.ts": {"lines":{"total":5,"covered":5,"skipped":0,"pct":100},"functions":{"total":1,"covered":1,"skipped":0,"pct":100},"statements":{"total":5,"covered":5,"skipped":0,"pct":100},"branches":{"total":3,"covered":3,"skipped":0,"pct":100}}
,"/tmp/cvg-m1-round2-ixwtdmce/final-candidate/packages/agent-runtime/src/effect-journal.ts": {"lines":{"total":234,"covered":233,"skipped":0,"pct":99.57},"functions":{"total":66,"covered":63,"skipped":0,"pct":95.45},"statements":{"total":259,"covered":255,"skipped":0,"pct":98.45},"branches":{"total":166,"covered":164,"skipped":0,"pct":98.79}}
,"/tmp/cvg-m1-round2-ixwtdmce/final-candidate/packages/agent-runtime/src/index.ts": {"lines":{"total":0,"covered":0,"skipped":0,"pct":100},"functions":{"total":0,"covered":0,"skipped":0,"pct":100},"statements":{"total":0,"covered":0,"skipped":0,"pct":100},"branches":{"total":0,"covered":0,"skipped":0,"pct":100}}
,"/tmp/cvg-m1-round2-ixwtdmce/final-candidate/packages/agent-runtime/src/proposal.ts": {"lines":{"total":37,"covered":37,"skipped":0,"pct":100},"functions":{"total":7,"covered":7,"skipped":0,"pct":100},"statements":{"total":41,"covered":41,"skipped":0,"pct":100},"branches":{"total":26,"covered":25,"skipped":0,"pct":96.15}}
,"/tmp/cvg-m1-round2-ixwtdmce/final-candidate/packages/agent-runtime/src/runtime.ts": {"lines":{"total":660,"covered":638,"skipped":0,"pct":96.66},"functions":{"total":36,"covered":36,"skipped":0,"pct":100},"statements":{"total":685,"covered":662,"skipped":0,"pct":96.64},"branches":{"total":526,"covered":504,"skipped":0,"pct":95.81}}
,"/tmp/cvg-m1-round2-ixwtdmce/final-candidate/packages/approval-engine/src/contracts.ts": {"lines":{"total":13,"covered":13,"skipped":0,"pct":100},"functions":{"total":2,"covered":2,"skipped":0,"pct":100},"statements":{"total":15,"covered":15,"skipped":0,"pct":100},"branches":{"total":12,"covered":12,"skipped":0,"pct":100}}
,"/tmp/cvg-m1-round2-ixwtdmce/final-candidate/packages/approval-engine/src/engine.ts": {"lines":{"total":306,"covered":306,"skipped":0,"pct":100},"functions":{"total":54,"covered":54,"skipped":0,"pct":100},"statements":{"total":323,"covered":323,"skipped":0,"pct":100},"branches":{"total":326,"covered":325,"skipped":0,"pct":99.69}}
,"/tmp/cvg-m1-round2-ixwtdmce/final-candidate/packages/approval-engine/src/index.ts": {"lines":{"total":0,"covered":0,"skipped":0,"pct":100},"functions":{"total":0,"covered":0,"skipped":0,"pct":100},"statements":{"total":0,"covered":0,"skipped":0,"pct":100},"branches":{"total":0,"covered":0,"skipped":0,"pct":100}}
,"/tmp/cvg-m1-round2-ixwtdmce/final-candidate/packages/approval-engine/src/store.ts": {"lines":{"total":15,"covered":15,"skipped":0,"pct":100},"functions":{"total":8,"covered":8,"skipped":0,"pct":100},"statements":{"total":16,"covered":16,"skipped":0,"pct":100},"branches":{"total":11,"covered":11,"skipped":0,"pct":100}}
,"/tmp/cvg-m1-round2-ixwtdmce/final-candidate/packages/channel-gateway/src/contracts.ts": {"lines":{"total":6,"covered":6,"skipped":0,"pct":100},"functions":{"total":1,"covered":1,"skipped":0,"pct":100},"statements":{"total":6,"covered":6,"skipped":0,"pct":100},"branches":{"total":0,"covered":0,"skipped":0,"pct":100}}
,"/tmp/cvg-m1-round2-ixwtdmce/final-candidate/packages/channel-gateway/src/effect-journal-file.ts": {"lines":{"total":141,"covered":141,"skipped":0,"pct":100},"functions":{"total":31,"covered":28,"skipped":0,"pct":90.32},"statements":{"total":160,"covered":157,"skipped":0,"pct":98.12},"branches":{"total":92,"covered":92,"skipped":0,"pct":100}}
,"/tmp/cvg-m1-round2-ixwtdmce/final-candidate/packages/channel-gateway/src/effect-journal.ts": {"lines":{"total":131,"covered":131,"skipped":0,"pct":100},"functions":{"total":34,"covered":34,"skipped":0,"pct":100},"statements":{"total":143,"covered":140,"skipped":0,"pct":97.9},"branches":{"total":102,"covered":98,"skipped":0,"pct":96.07}}
,"/tmp/cvg-m1-round2-ixwtdmce/final-candidate/packages/channel-gateway/src/errors.ts": {"lines":{"total":6,"covered":6,"skipped":0,"pct":100},"functions":{"total":1,"covered":1,"skipped":0,"pct":100},"statements":{"total":6,"covered":6,"skipped":0,"pct":100},"branches":{"total":4,"covered":4,"skipped":0,"pct":100}}
,"/tmp/cvg-m1-round2-ixwtdmce/final-candidate/packages/channel-gateway/src/gateway.ts": {"lines":{"total":105,"covered":105,"skipped":0,"pct":100},"functions":{"total":11,"covered":10,"skipped":0,"pct":90.9},"statements":{"total":108,"covered":107,"skipped":0,"pct":99.07},"branches":{"total":79,"covered":76,"skipped":0,"pct":96.2}}
,"/tmp/cvg-m1-round2-ixwtdmce/final-candidate/packages/channel-gateway/src/idempotency.ts": {"lines":{"total":19,"covered":19,"skipped":0,"pct":100},"functions":{"total":9,"covered":9,"skipped":0,"pct":100},"statements":{"total":23,"covered":23,"skipped":0,"pct":100},"branches":{"total":16,"covered":16,"skipped":0,"pct":100}}
,"/tmp/cvg-m1-round2-ixwtdmce/final-candidate/packages/channel-gateway/src/index.ts": {"lines":{"total":0,"covered":0,"skipped":0,"pct":100},"functions":{"total":0,"covered":0,"skipped":0,"pct":100},"statements":{"total":0,"covered":0,"skipped":0,"pct":100},"branches":{"total":0,"covered":0,"skipped":0,"pct":100}}
,"/tmp/cvg-m1-round2-ixwtdmce/final-candidate/packages/channel-gateway/src/adapters/chatwoot.ts": {"lines":{"total":54,"covered":53,"skipped":0,"pct":98.14},"functions":{"total":6,"covered":6,"skipped":0,"pct":100},"statements":{"total":56,"covered":55,"skipped":0,"pct":98.21},"branches":{"total":65,"covered":61,"skipped":0,"pct":93.84}}
,"/tmp/cvg-m1-round2-ixwtdmce/final-candidate/packages/channel-gateway/src/adapters/evolution.ts": {"lines":{"total":47,"covered":46,"skipped":0,"pct":97.87},"functions":{"total":5,"covered":5,"skipped":0,"pct":100},"statements":{"total":48,"covered":47,"skipped":0,"pct":97.91},"branches":{"total":47,"covered":42,"skipped":0,"pct":89.36}}
,"/tmp/cvg-m1-round2-ixwtdmce/final-candidate/packages/channel-gateway/src/adapters/fake.ts": {"lines":{"total":17,"covered":17,"skipped":0,"pct":100},"functions":{"total":6,"covered":6,"skipped":0,"pct":100},"statements":{"total":18,"covered":18,"skipped":0,"pct":100},"branches":{"total":20,"covered":20,"skipped":0,"pct":100}}
,"/tmp/cvg-m1-round2-ixwtdmce/final-candidate/packages/chaos/src/faults.ts": {"lines":{"total":33,"covered":31,"skipped":0,"pct":93.93},"functions":{"total":19,"covered":18,"skipped":0,"pct":94.73},"statements":{"total":34,"covered":32,"skipped":0,"pct":94.11},"branches":{"total":14,"covered":13,"skipped":0,"pct":92.85}}
,"/tmp/cvg-m1-round2-ixwtdmce/final-candidate/packages/chaos/src/index.ts": {"lines":{"total":0,"covered":0,"skipped":0,"pct":100},"functions":{"total":0,"covered":0,"skipped":0,"pct":100},"statements":{"total":0,"covered":0,"skipped":0,"pct":100},"branches":{"total":0,"covered":0,"skipped":0,"pct":100}}
,"/tmp/cvg-m1-round2-ixwtdmce/final-candidate/packages/memory/src/index.ts": {"lines":{"total":0,"covered":0,"skipped":0,"pct":100},"functions":{"total":0,"covered":0,"skipped":0,"pct":100},"statements":{"total":0,"covered":0,"skipped":0,"pct":100},"branches":{"total":0,"covered":0,"skipped":0,"pct":100}}
,"/tmp/cvg-m1-round2-ixwtdmce/final-candidate/packages/memory/src/memory-facts.ts": {"lines":{"total":1,"covered":1,"skipped":0,"pct":100},"functions":{"total":1,"covered":1,"skipped":0,"pct":100},"statements":{"total":1,"covered":1,"skipped":0,"pct":100},"branches":{"total":0,"covered":0,"skipped":0,"pct":100}}
,"/tmp/cvg-m1-round2-ixwtdmce/final-candidate/packages/model-gateway/src/budget.ts": {"lines":{"total":31,"covered":31,"skipped":0,"pct":100},"functions":{"total":7,"covered":7,"skipped":0,"pct":100},"statements":{"total":37,"covered":37,"skipped":0,"pct":100},"branches":{"total":28,"covered":28,"skipped":0,"pct":100}}
,"/tmp/cvg-m1-round2-ixwtdmce/final-candidate/packages/model-gateway/src/circuit-breaker.ts": {"lines":{"total":66,"covered":62,"skipped":0,"pct":93.93},"functions":{"total":12,"covered":11,"skipped":0,"pct":91.66},"statements":{"total":71,"covered":67,"skipped":0,"pct":94.36},"branches":{"total":33,"covered":32,"skipped":0,"pct":96.96}}
,"/tmp/cvg-m1-round2-ixwtdmce/final-candidate/packages/model-gateway/src/contracts.ts": {"lines":{"total":5,"covered":5,"skipped":0,"pct":100},"functions":{"total":0,"covered":0,"skipped":0,"pct":100},"statements":{"total":5,"covered":5,"skipped":0,"pct":100},"branches":{"total":0,"covered":0,"skipped":0,"pct":100}}
,"/tmp/cvg-m1-round2-ixwtdmce/final-candidate/packages/model-gateway/src/errors.ts": {"lines":{"total":32,"covered":32,"skipped":0,"pct":100},"functions":{"total":4,"covered":4,"skipped":0,"pct":100},"statements":{"total":33,"covered":33,"skipped":0,"pct":100},"branches":{"total":40,"covered":40,"skipped":0,"pct":100}}
,"/tmp/cvg-m1-round2-ixwtdmce/final-candidate/packages/model-gateway/src/gateway.ts": {"lines":{"total":136,"covered":134,"skipped":0,"pct":98.52},"functions":{"total":19,"covered":19,"skipped":0,"pct":100},"statements":{"total":145,"covered":142,"skipped":0,"pct":97.93},"branches":{"total":108,"covered":98,"skipped":0,"pct":90.74}}
,"/tmp/cvg-m1-round2-ixwtdmce/final-candidate/packages/model-gateway/src/index.ts": {"lines":{"total":0,"covered":0,"skipped":0,"pct":100},"functions":{"total":0,"covered":0,"skipped":0,"pct":100},"statements":{"total":0,"covered":0,"skipped":0,"pct":100},"branches":{"total":0,"covered":0,"skipped":0,"pct":100}}
,"/tmp/cvg-m1-round2-ixwtdmce/final-candidate/packages/model-gateway/src/prompt-registry.ts": {"lines":{"total":40,"covered":40,"skipped":0,"pct":100},"functions":{"total":8,"covered":8,"skipped":0,"pct":100},"statements":{"total":40,"covered":40,"skipped":0,"pct":100},"branches":{"total":28,"covered":28,"skipped":0,"pct":100}}
,"/tmp/cvg-m1-round2-ixwtdmce/final-candidate/packages/model-gateway/src/retry.ts": {"lines":{"total":11,"covered":11,"skipped":0,"pct":100},"functions":{"total":3,"covered":3,"skipped":0,"pct":100},"statements":{"total":14,"covered":14,"skipped":0,"pct":100},"branches":{"total":8,"covered":8,"skipped":0,"pct":100}}
,"/tmp/cvg-m1-round2-ixwtdmce/final-candidate/packages/model-gateway/src/router.ts": {"lines":{"total":31,"covered":31,"skipped":0,"pct":100},"functions":{"total":5,"covered":5,"skipped":0,"pct":100},"statements":{"total":36,"covered":36,"skipped":0,"pct":100},"branches":{"total":40,"covered":39,"skipped":0,"pct":97.5}}
,"/tmp/cvg-m1-round2-ixwtdmce/final-candidate/packages/model-gateway/src/providers/deterministic.ts": {"lines":{"total":24,"covered":24,"skipped":0,"pct":100},"functions":{"total":8,"covered":8,"skipped":0,"pct":100},"statements":{"total":24,"covered":24,"skipped":0,"pct":100},"branches":{"total":15,"covered":15,"skipped":0,"pct":100}}
,"/tmp/cvg-m1-round2-ixwtdmce/final-candidate/packages/model-gateway/src/providers/http-errors.ts": {"lines":{"total":18,"covered":18,"skipped":0,"pct":100},"functions":{"total":4,"covered":4,"skipped":0,"pct":100},"statements":{"total":23,"covered":23,"skipped":0,"pct":100},"branches":{"total":30,"covered":30,"skipped":0,"pct":100}}
,"/tmp/cvg-m1-round2-ixwtdmce/final-candidate/packages/model-gateway/src/providers/ollama.ts": {"lines":{"total":40,"covered":40,"skipped":0,"pct":100},"functions":{"total":2,"covered":2,"skipped":0,"pct":100},"statements":{"total":41,"covered":41,"skipped":0,"pct":100},"branches":{"total":33,"covered":32,"skipped":0,"pct":96.96}}
,"/tmp/cvg-m1-round2-ixwtdmce/final-candidate/packages/model-gateway/src/providers/openai-compatible.ts": {"lines":{"total":52,"covered":51,"skipped":0,"pct":98.07},"functions":{"total":3,"covered":3,"skipped":0,"pct":100},"statements":{"total":53,"covered":52,"skipped":0,"pct":98.11},"branches":{"total":44,"covered":43,"skipped":0,"pct":97.72}}
,"/tmp/cvg-m1-round2-ixwtdmce/final-candidate/packages/observability/src/audit-ledger.ts": {"lines":{"total":31,"covered":30,"skipped":0,"pct":96.77},"functions":{"total":8,"covered":8,"skipped":0,"pct":100},"statements":{"total":31,"covered":30,"skipped":0,"pct":96.77},"branches":{"total":18,"covered":16,"skipped":0,"pct":88.88}}
,"/tmp/cvg-m1-round2-ixwtdmce/final-candidate/packages/observability/src/index.ts": {"lines":{"total":0,"covered":0,"skipped":0,"pct":100},"functions":{"total":0,"covered":0,"skipped":0,"pct":100},"statements":{"total":0,"covered":0,"skipped":0,"pct":100},"branches":{"total":0,"covered":0,"skipped":0,"pct":100}}
,"/tmp/cvg-m1-round2-ixwtdmce/final-candidate/packages/observability/src/otel.ts": {"lines":{"total":53,"covered":51,"skipped":0,"pct":96.22},"functions":{"total":14,"covered":13,"skipped":0,"pct":92.85},"statements":{"total":57,"covered":52,"skipped":0,"pct":91.22},"branches":{"total":32,"covered":26,"skipped":0,"pct":81.25}}
,"/tmp/cvg-m1-round2-ixwtdmce/final-candidate/packages/observability/src/redaction.ts": {"lines":{"total":29,"covered":28,"skipped":0,"pct":96.55},"functions":{"total":7,"covered":7,"skipped":0,"pct":100},"statements":{"total":35,"covered":34,"skipped":0,"pct":97.14},"branches":{"total":28,"covered":25,"skipped":0,"pct":89.28}}
,"/tmp/cvg-m1-round2-ixwtdmce/final-candidate/packages/observability/src/telemetry.ts": {"lines":{"total":68,"covered":66,"skipped":0,"pct":97.05},"functions":{"total":20,"covered":20,"skipped":0,"pct":100},"statements":{"total":74,"covered":72,"skipped":0,"pct":97.29},"branches":{"total":47,"covered":46,"skipped":0,"pct":97.87}}
,"/tmp/cvg-m1-round2-ixwtdmce/final-candidate/packages/observability/src/trace-context.ts": {"lines":{"total":15,"covered":14,"skipped":0,"pct":93.33},"functions":{"total":6,"covered":5,"skipped":0,"pct":83.33},"statements":{"total":18,"covered":17,"skipped":0,"pct":94.44},"branches":{"total":21,"covered":14,"skipped":0,"pct":66.66}}
,"/tmp/cvg-m1-round2-ixwtdmce/final-candidate/packages/persistence/drizzle.config.ts": {"lines":{"total":0,"covered":0,"skipped":0,"pct":100},"functions":{"total":0,"covered":0,"skipped":0,"pct":100},"statements":{"total":0,"covered":0,"skipped":0,"pct":100},"branches":{"total":0,"covered":0,"skipped":0,"pct":100}}
,"/tmp/cvg-m1-round2-ixwtdmce/final-candidate/packages/persistence/src/attendance-approval.ts": {"lines":{"total":10,"covered":10,"skipped":0,"pct":100},"functions":{"total":4,"covered":4,"skipped":0,"pct":100},"statements":{"total":11,"covered":11,"skipped":0,"pct":100},"branches":{"total":17,"covered":17,"skipped":0,"pct":100}}
,"/tmp/cvg-m1-round2-ixwtdmce/final-candidate/packages/persistence/src/audit-evidence-checkpoint.ts": {"lines":{"total":28,"covered":28,"skipped":0,"pct":100},"functions":{"total":12,"covered":12,"skipped":0,"pct":100},"statements":{"total":32,"covered":32,"skipped":0,"pct":100},"branches":{"total":18,"covered":18,"skipped":0,"pct":100}}
,"/tmp/cvg-m1-round2-ixwtdmce/final-candidate/packages/persistence/src/db.ts": {"lines":{"total":2,"covered":2,"skipped":0,"pct":100},"functions":{"total":2,"covered":2,"skipped":0,"pct":100},"statements":{"total":2,"covered":2,"skipped":0,"pct":100},"branches":{"total":1,"covered":1,"skipped":0,"pct":100}}
,"/tmp/cvg-m1-round2-ixwtdmce/final-candidate/packages/persistence/src/index.ts": {"lines":{"total":0,"covered":0,"skipped":0,"pct":100},"functions":{"total":0,"covered":0,"skipped":0,"pct":100},"statements":{"total":0,"covered":0,"skipped":0,"pct":100},"branches":{"total":0,"covered":0,"skipped":0,"pct":100}}
,"/tmp/cvg-m1-round2-ixwtdmce/final-candidate/packages/persistence/src/journeys.ts": {"lines":{"total":243,"covered":225,"skipped":0,"pct":92.59},"functions":{"total":73,"covered":72,"skipped":0,"pct":98.63},"statements":{"total":255,"covered":235,"skipped":0,"pct":92.15},"branches":{"total":222,"covered":192,"skipped":0,"pct":86.48}}
,"/tmp/cvg-m1-round2-ixwtdmce/final-candidate/packages/persistence/src/outbox.ts": {"lines":{"total":271,"covered":271,"skipped":0,"pct":100},"functions":{"total":60,"covered":60,"skipped":0,"pct":100},"statements":{"total":283,"covered":281,"skipped":0,"pct":99.29},"branches":{"total":279,"covered":258,"skipped":0,"pct":92.47}}
,"/tmp/cvg-m1-round2-ixwtdmce/final-candidate/packages/persistence/src/restore.ts": {"lines":{"total":201,"covered":200,"skipped":0,"pct":99.5},"functions":{"total":29,"covered":29,"skipped":0,"pct":100},"statements":{"total":217,"covered":216,"skipped":0,"pct":99.53},"branches":{"total":96,"covered":87,"skipped":0,"pct":90.62}}
,"/tmp/cvg-m1-round2-ixwtdmce/final-candidate/packages/persistence/src/schema.ts": {"lines":{"total":0,"covered":0,"skipped":0,"pct":100},"functions":{"total":0,"covered":0,"skipped":0,"pct":100},"statements":{"total":0,"covered":0,"skipped":0,"pct":100},"branches":{"total":0,"covered":0,"skipped":0,"pct":100}}
,"/tmp/cvg-m1-round2-ixwtdmce/final-candidate/packages/persistence/src/sender-fingerprint.ts": {"lines":{"total":2,"covered":2,"skipped":0,"pct":100},"functions":{"total":1,"covered":1,"skipped":0,"pct":100},"statements":{"total":2,"covered":2,"skipped":0,"pct":100},"branches":{"total":0,"covered":0,"skipped":0,"pct":100}}
,"/tmp/cvg-m1-round2-ixwtdmce/final-candidate/packages/persistence/src/repositories/approval-repository.ts": {"lines":{"total":36,"covered":36,"skipped":0,"pct":100},"functions":{"total":12,"covered":12,"skipped":0,"pct":100},"statements":{"total":37,"covered":37,"skipped":0,"pct":100},"branches":{"total":29,"covered":27,"skipped":0,"pct":93.1}}
,"/tmp/cvg-m1-round2-ixwtdmce/final-candidate/packages/persistence/src/repositories/audit-repository.ts": {"lines":{"total":89,"covered":88,"skipped":0,"pct":98.87},"functions":{"total":31,"covered":30,"skipped":0,"pct":96.77},"statements":{"total":93,"covered":92,"skipped":0,"pct":98.92},"branches":{"total":93,"covered":89,"skipped":0,"pct":95.69}}
,"/tmp/cvg-m1-round2-ixwtdmce/final-candidate/packages/persistence/src/repositories/conversation-repository.ts": {"lines":{"total":138,"covered":136,"skipped":0,"pct":98.55},"functions":{"total":44,"covered":43,"skipped":0,"pct":97.72},"statements":{"total":145,"covered":143,"skipped":0,"pct":98.62},"branches":{"total":116,"covered":110,"skipped":0,"pct":94.82}}
,"/tmp/cvg-m1-round2-ixwtdmce/final-candidate/packages/persistence/src/repositories/idempotency-repository.ts": {"lines":{"total":5,"covered":5,"skipped":0,"pct":100},"functions":{"total":4,"covered":4,"skipped":0,"pct":100},"statements":{"total":6,"covered":6,"skipped":0,"pct":100},"branches":{"total":4,"covered":4,"skipped":0,"pct":100}}
,"/tmp/cvg-m1-round2-ixwtdmce/final-candidate/packages/persistence/src/repositories/task-repository.ts": {"lines":{"total":27,"covered":27,"skipped":0,"pct":100},"functions":{"total":13,"covered":13,"skipped":0,"pct":100},"statements":{"total":30,"covered":30,"skipped":0,"pct":100},"branches":{"total":30,"covered":28,"skipped":0,"pct":93.33}}
,"/tmp/cvg-m1-round2-ixwtdmce/final-candidate/packages/platform/src/approval-authority.ts": {"lines":{"total":76,"covered":75,"skipped":0,"pct":98.68},"functions":{"total":16,"covered":16,"skipped":0,"pct":100},"statements":{"total":89,"covered":86,"skipped":0,"pct":96.62},"branches":{"total":85,"covered":83,"skipped":0,"pct":97.64}}
,"/tmp/cvg-m1-round2-ixwtdmce/final-candidate/packages/platform/src/contracts.ts": {"lines":{"total":116,"covered":111,"skipped":0,"pct":95.68},"functions":{"total":26,"covered":26,"skipped":0,"pct":100},"statements":{"total":118,"covered":113,"skipped":0,"pct":95.76},"branches":{"total":49,"covered":43,"skipped":0,"pct":87.75}}
,"/tmp/cvg-m1-round2-ixwtdmce/final-candidate/packages/platform/src/control-plane-store.ts": {"lines":{"total":372,"covered":347,"skipped":0,"pct":93.27},"functions":{"total":124,"covered":118,"skipped":0,"pct":95.16},"statements":{"total":385,"covered":357,"skipped":0,"pct":92.72},"branches":{"total":270,"covered":236,"skipped":0,"pct":87.4}}
,"/tmp/cvg-m1-round2-ixwtdmce/final-candidate/packages/platform/src/controlled-plugins.ts": {"lines":{"total":8,"covered":8,"skipped":0,"pct":100},"functions":{"total":4,"covered":4,"skipped":0,"pct":100},"statements":{"total":8,"covered":8,"skipped":0,"pct":100},"branches":{"total":7,"covered":6,"skipped":0,"pct":85.71}}
,"/tmp/cvg-m1-round2-ixwtdmce/final-candidate/packages/platform/src/critical-safety-preflight.ts": {"lines":{"total":38,"covered":34,"skipped":0,"pct":89.47},"functions":{"total":12,"covered":10,"skipped":0,"pct":83.33},"statements":{"total":39,"covered":35,"skipped":0,"pct":89.74},"branches":{"total":32,"covered":29,"skipped":0,"pct":90.62}}
,"/tmp/cvg-m1-round2-ixwtdmce/final-candidate/packages/platform/src/event-bus.ts": {"lines":{"total":85,"covered":84,"skipped":0,"pct":98.82},"functions":{"total":22,"covered":22,"skipped":0,"pct":100},"statements":{"total":89,"covered":88,"skipped":0,"pct":98.87},"branches":{"total":75,"covered":74,"skipped":0,"pct":98.66}}
,"/tmp/cvg-m1-round2-ixwtdmce/final-candidate/packages/platform/src/handoff.ts": {"lines":{"total":8,"covered":8,"skipped":0,"pct":100},"functions":{"total":2,"covered":2,"skipped":0,"pct":100},"statements":{"total":8,"covered":8,"skipped":0,"pct":100},"branches":{"total":2,"covered":2,"skipped":0,"pct":100}}
,"/tmp/cvg-m1-round2-ixwtdmce/final-candidate/packages/platform/src/ids.ts": {"lines":{"total":20,"covered":20,"skipped":0,"pct":100},"functions":{"total":9,"covered":9,"skipped":0,"pct":100},"statements":{"total":20,"covered":20,"skipped":0,"pct":100},"branches":{"total":0,"covered":0,"skipped":0,"pct":100}}
,"/tmp/cvg-m1-round2-ixwtdmce/final-candidate/packages/platform/src/index.ts": {"lines":{"total":0,"covered":0,"skipped":0,"pct":100},"functions":{"total":0,"covered":0,"skipped":0,"pct":100},"statements":{"total":0,"covered":0,"skipped":0,"pct":100},"branches":{"total":0,"covered":0,"skipped":0,"pct":100}}
,"/tmp/cvg-m1-round2-ixwtdmce/final-candidate/packages/platform/src/model-provider.ts": {"lines":{"total":35,"covered":35,"skipped":0,"pct":100},"functions":{"total":14,"covered":14,"skipped":0,"pct":100},"statements":{"total":37,"covered":37,"skipped":0,"pct":100},"branches":{"total":24,"covered":24,"skipped":0,"pct":100}}
,"/tmp/cvg-m1-round2-ixwtdmce/final-candidate/packages/platform/src/output-policy.ts": {"lines":{"total":48,"covered":44,"skipped":0,"pct":91.66},"functions":{"total":15,"covered":15,"skipped":0,"pct":100},"statements":{"total":50,"covered":45,"skipped":0,"pct":90},"branches":{"total":45,"covered":39,"skipped":0,"pct":86.66}}
,"/tmp/cvg-m1-round2-ixwtdmce/final-candidate/packages/platform/src/plugin-gateway.ts": {"lines":{"total":225,"covered":218,"skipped":0,"pct":96.88},"functions":{"total":39,"covered":38,"skipped":0,"pct":97.43},"statements":{"total":237,"covered":228,"skipped":0,"pct":96.2},"branches":{"total":206,"covered":191,"skipped":0,"pct":92.71}}
,"/tmp/cvg-m1-round2-ixwtdmce/final-candidate/packages/platform/src/policy-evaluator.ts": {"lines":{"total":23,"covered":22,"skipped":0,"pct":95.65},"functions":{"total":3,"covered":3,"skipped":0,"pct":100},"statements":{"total":24,"covered":23,"skipped":0,"pct":95.83},"branches":{"total":32,"covered":31,"skipped":0,"pct":96.87}}
,"/tmp/cvg-m1-round2-ixwtdmce/final-candidate/packages/platform/src/prompt-composer.ts": {"lines":{"total":7,"covered":7,"skipped":0,"pct":100},"functions":{"total":5,"covered":5,"skipped":0,"pct":100},"statements":{"total":8,"covered":8,"skipped":0,"pct":100},"branches":{"total":2,"covered":2,"skipped":0,"pct":100}}
,"/tmp/cvg-m1-round2-ixwtdmce/final-candidate/packages/platform/src/prompt-profile.ts": {"lines":{"total":55,"covered":51,"skipped":0,"pct":92.72},"functions":{"total":13,"covered":13,"skipped":0,"pct":100},"statements":{"total":56,"covered":52,"skipped":0,"pct":92.85},"branches":{"total":46,"covered":42,"skipped":0,"pct":91.3}}
,"/tmp/cvg-m1-round2-ixwtdmce/final-candidate/packages/platform/src/qualification.ts": {"lines":{"total":34,"covered":31,"skipped":0,"pct":91.17},"functions":{"total":9,"covered":9,"skipped":0,"pct":100},"statements":{"total":40,"covered":37,"skipped":0,"pct":92.5},"branches":{"total":40,"covered":37,"skipped":0,"pct":92.5}}
,"/tmp/cvg-m1-round2-ixwtdmce/final-candidate/packages/platform/src/release-candidate.ts": {"lines":{"total":36,"covered":35,"skipped":0,"pct":97.22},"functions":{"total":10,"covered":10,"skipped":0,"pct":100},"statements":{"total":37,"covered":36,"skipped":0,"pct":97.29},"branches":{"total":25,"covered":24,"skipped":0,"pct":96}}
,"/tmp/cvg-m1-round2-ixwtdmce/final-candidate/packages/platform/src/retention-ledger.ts": {"lines":{"total":72,"covered":72,"skipped":0,"pct":100},"functions":{"total":17,"covered":17,"skipped":0,"pct":100},"statements":{"total":76,"covered":75,"skipped":0,"pct":98.68},"branches":{"total":32,"covered":31,"skipped":0,"pct":96.87}}
,"/tmp/cvg-m1-round2-ixwtdmce/final-candidate/packages/platform/src/safety-assessment.ts": {"lines":{"total":38,"covered":37,"skipped":0,"pct":97.36},"functions":{"total":4,"covered":4,"skipped":0,"pct":100},"statements":{"total":44,"covered":42,"skipped":0,"pct":95.45},"branches":{"total":34,"covered":32,"skipped":0,"pct":94.11}}
,"/tmp/cvg-m1-round2-ixwtdmce/final-candidate/packages/platform/src/secretary-preset.ts": {"lines":{"total":21,"covered":21,"skipped":0,"pct":100},"functions":{"total":4,"covered":4,"skipped":0,"pct":100},"statements":{"total":22,"covered":22,"skipped":0,"pct":100},"branches":{"total":10,"covered":10,"skipped":0,"pct":100}}
,"/tmp/cvg-m1-round2-ixwtdmce/final-candidate/packages/platform/src/test-lab-evaluator.ts": {"lines":{"total":12,"covered":12,"skipped":0,"pct":100},"functions":{"total":4,"covered":4,"skipped":0,"pct":100},"statements":{"total":13,"covered":13,"skipped":0,"pct":100},"branches":{"total":18,"covered":16,"skipped":0,"pct":88.88}}
,"/tmp/cvg-m1-round2-ixwtdmce/final-candidate/packages/platform/src/test-lab.ts": {"lines":{"total":225,"covered":213,"skipped":0,"pct":94.66},"functions":{"total":48,"covered":48,"skipped":0,"pct":100},"statements":{"total":237,"covered":225,"skipped":0,"pct":94.93},"branches":{"total":249,"covered":233,"skipped":0,"pct":93.57}}
,"/tmp/cvg-m1-round2-ixwtdmce/final-candidate/packages/platform/src/tool-invocation-boundary.ts": {"lines":{"total":89,"covered":87,"skipped":0,"pct":97.75},"functions":{"total":10,"covered":10,"skipped":0,"pct":100},"statements":{"total":98,"covered":96,"skipped":0,"pct":97.95},"branches":{"total":93,"covered":88,"skipped":0,"pct":94.62}}
,"/tmp/cvg-m1-round2-ixwtdmce/final-candidate/packages/platform/src/trace-governance.ts": {"lines":{"total":111,"covered":97,"skipped":0,"pct":87.38},"functions":{"total":19,"covered":17,"skipped":0,"pct":89.47},"statements":{"total":123,"covered":106,"skipped":0,"pct":86.17},"branches":{"total":153,"covered":135,"skipped":0,"pct":88.23}}
,"/tmp/cvg-m1-round2-ixwtdmce/final-candidate/packages/policy-engine/src/capabilities.ts": {"lines":{"total":15,"covered":15,"skipped":0,"pct":100},"functions":{"total":4,"covered":4,"skipped":0,"pct":100},"statements":{"total":16,"covered":16,"skipped":0,"pct":100},"branches":{"total":10,"covered":10,"skipped":0,"pct":100}}
,"/tmp/cvg-m1-round2-ixwtdmce/final-candidate/packages/policy-engine/src/documents.ts": {"lines":{"total":28,"covered":28,"skipped":0,"pct":100},"functions":{"total":7,"covered":7,"skipped":0,"pct":100},"statements":{"total":29,"covered":29,"skipped":0,"pct":100},"branches":{"total":14,"covered":14,"skipped":0,"pct":100}}
,"/tmp/cvg-m1-round2-ixwtdmce/final-candidate/packages/policy-engine/src/engine.ts": {"lines":{"total":93,"covered":92,"skipped":0,"pct":98.92},"functions":{"total":13,"covered":13,"skipped":0,"pct":100},"statements":{"total":99,"covered":98,"skipped":0,"pct":98.98},"branches":{"total":109,"covered":107,"skipped":0,"pct":98.16}}
,"/tmp/cvg-m1-round2-ixwtdmce/final-candidate/packages/policy-engine/src/grants.ts": {"lines":{"total":17,"covered":17,"skipped":0,"pct":100},"functions":{"total":6,"covered":6,"skipped":0,"pct":100},"statements":{"total":19,"covered":18,"skipped":0,"pct":94.73},"branches":{"total":6,"covered":5,"skipped":0,"pct":83.33}}
,"/tmp/cvg-m1-round2-ixwtdmce/final-candidate/packages/policy-engine/src/index.ts": {"lines":{"total":0,"covered":0,"skipped":0,"pct":100},"functions":{"total":0,"covered":0,"skipped":0,"pct":100},"statements":{"total":0,"covered":0,"skipped":0,"pct":100},"branches":{"total":0,"covered":0,"skipped":0,"pct":100}}
,"/tmp/cvg-m1-round2-ixwtdmce/final-candidate/packages/policy/src/index.ts": {"lines":{"total":0,"covered":0,"skipped":0,"pct":100},"functions":{"total":0,"covered":0,"skipped":0,"pct":100},"statements":{"total":0,"covered":0,"skipped":0,"pct":100},"branches":{"total":0,"covered":0,"skipped":0,"pct":100}}
,"/tmp/cvg-m1-round2-ixwtdmce/final-candidate/packages/policy/src/policy-engine.ts": {"lines":{"total":9,"covered":9,"skipped":0,"pct":100},"functions":{"total":1,"covered":1,"skipped":0,"pct":100},"statements":{"total":9,"covered":9,"skipped":0,"pct":100},"branches":{"total":14,"covered":14,"skipped":0,"pct":100}}
,"/tmp/cvg-m1-round2-ixwtdmce/final-candidate/packages/policy/src/policy-version.ts": {"lines":{"total":1,"covered":1,"skipped":0,"pct":100},"functions":{"total":0,"covered":0,"skipped":0,"pct":100},"statements":{"total":1,"covered":1,"skipped":0,"pct":100},"branches":{"total":0,"covered":0,"skipped":0,"pct":100}}
,"/tmp/cvg-m1-round2-ixwtdmce/final-candidate/packages/policy/src/approvals/approval-service.ts": {"lines":{"total":6,"covered":6,"skipped":0,"pct":100},"functions":{"total":2,"covered":2,"skipped":0,"pct":100},"statements":{"total":6,"covered":6,"skipped":0,"pct":100},"branches":{"total":4,"covered":4,"skipped":0,"pct":100}}
,"/tmp/cvg-m1-round2-ixwtdmce/final-candidate/packages/policy/src/safety/clinical-boundaries.ts": {"lines":{"total":2,"covered":2,"skipped":0,"pct":100},"functions":{"total":2,"covered":2,"skipped":0,"pct":100},"statements":{"total":3,"covered":3,"skipped":0,"pct":100},"branches":{"total":0,"covered":0,"skipped":0,"pct":100}}
,"/tmp/cvg-m1-round2-ixwtdmce/final-candidate/packages/rag/src/index.ts": {"lines":{"total":0,"covered":0,"skipped":0,"pct":100},"functions":{"total":0,"covered":0,"skipped":0,"pct":100},"statements":{"total":0,"covered":0,"skipped":0,"pct":100},"branches":{"total":0,"covered":0,"skipped":0,"pct":100}}
,"/tmp/cvg-m1-round2-ixwtdmce/final-candidate/packages/rag/src/institutional-rag.ts": {"lines":{"total":47,"covered":47,"skipped":0,"pct":100},"functions":{"total":14,"covered":14,"skipped":0,"pct":100},"statements":{"total":49,"covered":49,"skipped":0,"pct":100},"branches":{"total":29,"covered":27,"skipped":0,"pct":93.1}}
,"/tmp/cvg-m1-round2-ixwtdmce/final-candidate/packages/rag/src/noop-rag-source.ts": {"lines":{"total":1,"covered":1,"skipped":0,"pct":100},"functions":{"total":1,"covered":1,"skipped":0,"pct":100},"statements":{"total":1,"covered":1,"skipped":0,"pct":100},"branches":{"total":0,"covered":0,"skipped":0,"pct":100}}
,"/tmp/cvg-m1-round2-ixwtdmce/final-candidate/packages/shared/src/audit-governance.ts": {"lines":{"total":96,"covered":95,"skipped":0,"pct":98.95},"functions":{"total":18,"covered":18,"skipped":0,"pct":100},"statements":{"total":112,"covered":107,"skipped":0,"pct":95.53},"branches":{"total":109,"covered":103,"skipped":0,"pct":94.49}}
,"/tmp/cvg-m1-round2-ixwtdmce/final-candidate/packages/shared/src/auth.ts": {"lines":{"total":10,"covered":10,"skipped":0,"pct":100},"functions":{"total":4,"covered":4,"skipped":0,"pct":100},"statements":{"total":11,"covered":11,"skipped":0,"pct":100},"branches":{"total":6,"covered":6,"skipped":0,"pct":100}}
,"/tmp/cvg-m1-round2-ixwtdmce/final-candidate/packages/shared/src/canonical.ts": {"lines":{"total":44,"covered":43,"skipped":0,"pct":97.72},"functions":{"total":5,"covered":5,"skipped":0,"pct":100},"statements":{"total":48,"covered":47,"skipped":0,"pct":97.91},"branches":{"total":31,"covered":30,"skipped":0,"pct":96.77}}
,"/tmp/cvg-m1-round2-ixwtdmce/final-candidate/packages/shared/src/data-classification.ts": {"lines":{"total":17,"covered":17,"skipped":0,"pct":100},"functions":{"total":7,"covered":7,"skipped":0,"pct":100},"statements":{"total":17,"covered":17,"skipped":0,"pct":100},"branches":{"total":6,"covered":6,"skipped":0,"pct":100}}
,"/tmp/cvg-m1-round2-ixwtdmce/final-candidate/packages/shared/src/enums.ts": {"lines":{"total":13,"covered":13,"skipped":0,"pct":100},"functions":{"total":0,"covered":0,"skipped":0,"pct":100},"statements":{"total":13,"covered":13,"skipped":0,"pct":100},"branches":{"total":0,"covered":0,"skipped":0,"pct":100}}
,"/tmp/cvg-m1-round2-ixwtdmce/final-candidate/packages/shared/src/env.ts": {"lines":{"total":26,"covered":26,"skipped":0,"pct":100},"functions":{"total":4,"covered":4,"skipped":0,"pct":100},"statements":{"total":27,"covered":27,"skipped":0,"pct":100},"branches":{"total":48,"covered":48,"skipped":0,"pct":100}}
,"/tmp/cvg-m1-round2-ixwtdmce/final-candidate/packages/shared/src/envelope.ts": {"lines":{"total":2,"covered":2,"skipped":0,"pct":100},"functions":{"total":2,"covered":2,"skipped":0,"pct":100},"statements":{"total":2,"covered":2,"skipped":0,"pct":100},"branches":{"total":0,"covered":0,"skipped":0,"pct":100}}
,"/tmp/cvg-m1-round2-ixwtdmce/final-candidate/packages/shared/src/errors.ts": {"lines":{"total":9,"covered":9,"skipped":0,"pct":100},"functions":{"total":2,"covered":2,"skipped":0,"pct":100},"statements":{"total":9,"covered":9,"skipped":0,"pct":100},"branches":{"total":4,"covered":4,"skipped":0,"pct":100}}
,"/tmp/cvg-m1-round2-ixwtdmce/final-candidate/packages/shared/src/ids.ts": {"lines":{"total":17,"covered":17,"skipped":0,"pct":100},"functions":{"total":4,"covered":4,"skipped":0,"pct":100},"statements":{"total":17,"covered":17,"skipped":0,"pct":100},"branches":{"total":8,"covered":6,"skipped":0,"pct":75}}
,"/tmp/cvg-m1-round2-ixwtdmce/final-candidate/packages/shared/src/index.ts": {"lines":{"total":0,"covered":0,"skipped":0,"pct":100},"functions":{"total":0,"covered":0,"skipped":0,"pct":100},"statements":{"total":0,"covered":0,"skipped":0,"pct":100},"branches":{"total":0,"covered":0,"skipped":0,"pct":100}}
,"/tmp/cvg-m1-round2-ixwtdmce/final-candidate/packages/shared/src/lifecycle.ts": {"lines":{"total":37,"covered":37,"skipped":0,"pct":100},"functions":{"total":7,"covered":7,"skipped":0,"pct":100},"statements":{"total":40,"covered":39,"skipped":0,"pct":97.5},"branches":{"total":16,"covered":15,"skipped":0,"pct":93.75}}
,"/tmp/cvg-m1-round2-ixwtdmce/final-candidate/packages/shared/src/observability.ts": {"lines":{"total":1,"covered":1,"skipped":0,"pct":100},"functions":{"total":1,"covered":1,"skipped":0,"pct":100},"statements":{"total":1,"covered":1,"skipped":0,"pct":100},"branches":{"total":1,"covered":1,"skipped":0,"pct":100}}
,"/tmp/cvg-m1-round2-ixwtdmce/final-candidate/packages/shared/src/pagination.ts": {"lines":{"total":1,"covered":1,"skipped":0,"pct":100},"functions":{"total":0,"covered":0,"skipped":0,"pct":100},"statements":{"total":1,"covered":1,"skipped":0,"pct":100},"branches":{"total":0,"covered":0,"skipped":0,"pct":100}}
,"/tmp/cvg-m1-round2-ixwtdmce/final-candidate/packages/shared/src/ssrf.ts": {"lines":{"total":95,"covered":94,"skipped":0,"pct":98.94},"functions":{"total":10,"covered":10,"skipped":0,"pct":100},"statements":{"total":123,"covered":122,"skipped":0,"pct":99.18},"branches":{"total":137,"covered":135,"skipped":0,"pct":98.54}}
,"/tmp/cvg-m1-round2-ixwtdmce/final-candidate/packages/shared/src/schemas/api.ts": {"lines":{"total":4,"covered":4,"skipped":0,"pct":100},"functions":{"total":0,"covered":0,"skipped":0,"pct":100},"statements":{"total":4,"covered":4,"skipped":0,"pct":100},"branches":{"total":0,"covered":0,"skipped":0,"pct":100}}
,"/tmp/cvg-m1-round2-ixwtdmce/final-candidate/packages/shared/src/schemas/application.ts": {"lines":{"total":11,"covered":11,"skipped":0,"pct":100},"functions":{"total":1,"covered":1,"skipped":0,"pct":100},"statements":{"total":11,"covered":11,"skipped":0,"pct":100},"branches":{"total":2,"covered":2,"skipped":0,"pct":100}}
,"/tmp/cvg-m1-round2-ixwtdmce/final-candidate/packages/tools/src/contracts.ts": {"lines":{"total":3,"covered":3,"skipped":0,"pct":100},"functions":{"total":1,"covered":1,"skipped":0,"pct":100},"statements":{"total":3,"covered":3,"skipped":0,"pct":100},"branches":{"total":6,"covered":6,"skipped":0,"pct":100}}
,"/tmp/cvg-m1-round2-ixwtdmce/final-candidate/packages/tools/src/index.ts": {"lines":{"total":0,"covered":0,"skipped":0,"pct":100},"functions":{"total":0,"covered":0,"skipped":0,"pct":100},"statements":{"total":0,"covered":0,"skipped":0,"pct":100},"branches":{"total":0,"covered":0,"skipped":0,"pct":100}}
,"/tmp/cvg-m1-round2-ixwtdmce/final-candidate/packages/tools/src/platform-adapter.ts": {"lines":{"total":10,"covered":10,"skipped":0,"pct":100},"functions":{"total":3,"covered":3,"skipped":0,"pct":100},"statements":{"total":11,"covered":11,"skipped":0,"pct":100},"branches":{"total":6,"covered":6,"skipped":0,"pct":100}}
,"/tmp/cvg-m1-round2-ixwtdmce/final-candidate/packages/tools/src/registry.ts": {"lines":{"total":11,"covered":11,"skipped":0,"pct":100},"functions":{"total":3,"covered":3,"skipped":0,"pct":100},"statements":{"total":11,"covered":11,"skipped":0,"pct":100},"branches":{"total":2,"covered":2,"skipped":0,"pct":100}}
,"/tmp/cvg-m1-round2-ixwtdmce/final-candidate/packages/tools/src/local/create-appointment-draft.ts": {"lines":{"total":6,"covered":6,"skipped":0,"pct":100},"functions":{"total":1,"covered":1,"skipped":0,"pct":100},"statements":{"total":6,"covered":6,"skipped":0,"pct":100},"branches":{"total":6,"covered":6,"skipped":0,"pct":100}}
,"/tmp/cvg-m1-round2-ixwtdmce/final-candidate/packages/tools/src/local/create-journey-task.ts": {"lines":{"total":5,"covered":5,"skipped":0,"pct":100},"functions":{"total":1,"covered":1,"skipped":0,"pct":100},"statements":{"total":6,"covered":6,"skipped":0,"pct":100},"branches":{"total":6,"covered":6,"skipped":0,"pct":100}}
,"/tmp/cvg-m1-round2-ixwtdmce/final-candidate/packages/tools/src/local/create-owner-draft.ts": {"lines":{"total":6,"covered":6,"skipped":0,"pct":100},"functions":{"total":1,"covered":1,"skipped":0,"pct":100},"statements":{"total":6,"covered":6,"skipped":0,"pct":100},"branches":{"total":6,"covered":6,"skipped":0,"pct":100}}
,"/tmp/cvg-m1-round2-ixwtdmce/final-candidate/packages/tools/src/local/create-patient-draft.ts": {"lines":{"total":6,"covered":6,"skipped":0,"pct":100},"functions":{"total":1,"covered":1,"skipped":0,"pct":100},"statements":{"total":6,"covered":6,"skipped":0,"pct":100},"branches":{"total":6,"covered":6,"skipped":0,"pct":100}}
,"/tmp/cvg-m1-round2-ixwtdmce/final-candidate/packages/tools/src/local/find-available-slots.ts": {"lines":{"total":5,"covered":5,"skipped":0,"pct":100},"functions":{"total":1,"covered":1,"skipped":0,"pct":100},"statements":{"total":5,"covered":5,"skipped":0,"pct":100},"branches":{"total":2,"covered":2,"skipped":0,"pct":100}}
,"/tmp/cvg-m1-round2-ixwtdmce/final-candidate/packages/tools/src/local/journey-tool-registry.ts": {"lines":{"total":10,"covered":10,"skipped":0,"pct":100},"functions":{"total":10,"covered":10,"skipped":0,"pct":100},"statements":{"total":10,"covered":10,"skipped":0,"pct":100},"branches":{"total":0,"covered":0,"skipped":0,"pct":100}}
,"/tmp/cvg-m1-round2-ixwtdmce/final-candidate/packages/tools/src/local/link-patient.ts": {"lines":{"total":5,"covered":5,"skipped":0,"pct":100},"functions":{"total":1,"covered":1,"skipped":0,"pct":100},"statements":{"total":6,"covered":6,"skipped":0,"pct":100},"branches":{"total":6,"covered":6,"skipped":0,"pct":100}}
,"/tmp/cvg-m1-round2-ixwtdmce/final-candidate/packages/tools/src/local/record-journey-handoff.ts": {"lines":{"total":6,"covered":6,"skipped":0,"pct":100},"functions":{"total":1,"covered":1,"skipped":0,"pct":100},"statements":{"total":7,"covered":7,"skipped":0,"pct":100},"branches":{"total":6,"covered":6,"skipped":0,"pct":100}}
,"/tmp/cvg-m1-round2-ixwtdmce/final-candidate/packages/tools/src/local/search-owner-by-phone.ts": {"lines":{"total":7,"covered":7,"skipped":0,"pct":100},"functions":{"total":1,"covered":1,"skipped":0,"pct":100},"statements":{"total":8,"covered":8,"skipped":0,"pct":100},"branches":{"total":9,"covered":9,"skipped":0,"pct":100}}
,"/tmp/cvg-m1-round2-ixwtdmce/final-candidate/packages/tools/src/local/search-patient.ts": {"lines":{"total":6,"covered":6,"skipped":0,"pct":100},"functions":{"total":1,"covered":1,"skipped":0,"pct":100},"statements":{"total":6,"covered":6,"skipped":0,"pct":100},"branches":{"total":6,"covered":6,"skipped":0,"pct":100}}
,"/tmp/cvg-m1-round2-ixwtdmce/final-candidate/packages/workflows/src/index.ts": {"lines":{"total":0,"covered":0,"skipped":0,"pct":100},"functions":{"total":0,"covered":0,"skipped":0,"pct":100},"statements":{"total":0,"covered":0,"skipped":0,"pct":100},"branches":{"total":0,"covered":0,"skipped":0,"pct":100}}
,"/tmp/cvg-m1-round2-ixwtdmce/final-candidate/packages/workflows/src/handoff/handoff-summary.ts": {"lines":{"total":3,"covered":3,"skipped":0,"pct":100},"functions":{"total":1,"covered":1,"skipped":0,"pct":100},"statements":{"total":3,"covered":3,"skipped":0,"pct":100},"branches":{"total":22,"covered":22,"skipped":0,"pct":100}}
,"/tmp/cvg-m1-round2-ixwtdmce/final-candidate/packages/workflows/src/institutional/institutional-question-workflow.ts": {"lines":{"total":5,"covered":5,"skipped":0,"pct":100},"functions":{"total":1,"covered":1,"skipped":0,"pct":100},"statements":{"total":5,"covered":5,"skipped":0,"pct":100},"branches":{"total":4,"covered":4,"skipped":0,"pct":100}}
,"/tmp/cvg-m1-round2-ixwtdmce/final-candidate/packages/workflows/src/intent/intent-workflow.ts": {"lines":{"total":9,"covered":9,"skipped":0,"pct":100},"functions":{"total":1,"covered":1,"skipped":0,"pct":100},"statements":{"total":10,"covered":10,"skipped":0,"pct":100},"branches":{"total":18,"covered":18,"skipped":0,"pct":100}}
,"/tmp/cvg-m1-round2-ixwtdmce/final-candidate/packages/workflows/src/journeys/persistent-journey-workflow.ts": {"lines":{"total":19,"covered":18,"skipped":0,"pct":94.73},"functions":{"total":2,"covered":2,"skipped":0,"pct":100},"statements":{"total":19,"covered":18,"skipped":0,"pct":94.73},"branches":{"total":28,"covered":19,"skipped":0,"pct":67.85}}
,"/tmp/cvg-m1-round2-ixwtdmce/final-candidate/packages/workflows/src/owner-patient/owner-patient-workflow.ts": {"lines":{"total":3,"covered":3,"skipped":0,"pct":100},"functions":{"total":1,"covered":1,"skipped":0,"pct":100},"statements":{"total":5,"covered":5,"skipped":0,"pct":100},"branches":{"total":4,"covered":4,"skipped":0,"pct":100}}
,"/tmp/cvg-m1-round2-ixwtdmce/final-candidate/packages/workflows/src/scheduling/scheduling-draft-workflow.ts": {"lines":{"total":1,"covered":1,"skipped":0,"pct":100},"functions":{"total":1,"covered":1,"skipped":0,"pct":100},"statements":{"total":1,"covered":1,"skipped":0,"pct":100},"branches":{"total":0,"covered":0,"skipped":0,"pct":100}}
,"/tmp/cvg-m1-round2-ixwtdmce/final-candidate/packages/workflows/src/triage/triage-workflow.ts": {"lines":{"total":5,"covered":5,"skipped":0,"pct":100},"functions":{"total":1,"covered":1,"skipped":0,"pct":100},"statements":{"total":5,"covered":5,"skipped":0,"pct":100},"branches":{"total":4,"covered":4,"skipped":0,"pct":100}}
}
