{"total": {"lines":{"total":520,"covered":518,"skipped":0,"pct":99.61},"statements":{"total":562,"covered":553,"skipped":0,"pct":98.39},"functions":{"total":103,"covered":99,"skipped":0,"pct":96.11},"branches":{"total":419,"covered":403,"skipped":0,"pct":96.18},"branchesTrue":{"total":0,"covered":0,"skipped":0,"pct":100}}
,"/home/ricardo/cvg-agent-secretary-v2/packages/channel-gateway/src/contracts.ts": {"lines":{"total":6,"covered":6,"skipped":0,"pct":100},"functions":{"total":1,"covered":1,"skipped":0,"pct":100},"statements":{"total":6,"covered":6,"skipped":0,"pct":100},"branches":{"total":0,"covered":0,"skipped":0,"pct":100}}
,"/home/ricardo/cvg-agent-secretary-v2/packages/channel-gateway/src/effect-journal-file.ts": {"lines":{"total":140,"covered":140,"skipped":0,"pct":100},"functions":{"total":31,"covered":28,"skipped":0,"pct":90.32},"statements":{"total":159,"covered":156,"skipped":0,"pct":98.11},"branches":{"total":92,"covered":92,"skipped":0,"pct":100}}
,"/home/ricardo/cvg-agent-secretary-v2/packages/channel-gateway/src/effect-journal.ts": {"lines":{"total":126,"covered":126,"skipped":0,"pct":100},"functions":{"total":33,"covered":33,"skipped":0,"pct":100},"statements":{"total":138,"covered":135,"skipped":0,"pct":97.82},"branches":{"total":96,"covered":92,"skipped":0,"pct":95.83}}
,"/home/ricardo/cvg-agent-secretary-v2/packages/channel-gateway/src/errors.ts": {"lines":{"total":6,"covered":6,"skipped":0,"pct":100},"functions":{"total":1,"covered":1,"skipped":0,"pct":100},"statements":{"total":6,"covered":6,"skipped":0,"pct":100},"branches":{"total":4,"covered":4,"skipped":0,"pct":100}}
,"/home/ricardo/cvg-agent-secretary-v2/packages/channel-gateway/src/gateway.ts": {"lines":{"total":105,"covered":105,"skipped":0,"pct":100},"functions":{"total":11,"covered":10,"skipped":0,"pct":90.9},"statements":{"total":108,"covered":107,"skipped":0,"pct":99.07},"branches":{"total":79,"covered":76,"skipped":0,"pct":96.2}}
,"/home/ricardo/cvg-agent-secretary-v2/packages/channel-gateway/src/idempotency.ts": {"lines":{"total":19,"covered":19,"skipped":0,"pct":100},"functions":{"total":9,"covered":9,"skipped":0,"pct":100},"statements":{"total":23,"covered":23,"skipped":0,"pct":100},"branches":{"total":16,"covered":16,"skipped":0,"pct":100}}
,"/home/ricardo/cvg-agent-secretary-v2/packages/channel-gateway/src/index.ts": {"lines":{"total":0,"covered":0,"skipped":0,"pct":100},"functions":{"total":0,"covered":0,"skipped":0,"pct":100},"statements":{"total":0,"covered":0,"skipped":0,"pct":100},"branches":{"total":0,"covered":0,"skipped":0,"pct":100}}
,"/home/ricardo/cvg-agent-secretary-v2/packages/channel-gateway/src/adapters/chatwoot.ts": {"lines":{"total":54,"covered":53,"skipped":0,"pct":98.14},"functions":{"total":6,"covered":6,"skipped":0,"pct":100},"statements":{"total":56,"covered":55,"skipped":0,"pct":98.21},"branches":{"total":65,"covered":61,"skipped":0,"pct":93.84}}
,"/home/ricardo/cvg-agent-secretary-v2/packages/channel-gateway/src/adapters/evolution.ts": {"lines":{"total":47,"covered":46,"skipped":0,"pct":97.87},"functions":{"total":5,"covered":5,"skipped":0,"pct":100},"statements":{"total":48,"covered":47,"skipped":0,"pct":97.91},"branches":{"total":47,"covered":42,"skipped":0,"pct":89.36}}
,"/home/ricardo/cvg-agent-secretary-v2/packages/channel-gateway/src/adapters/fake.ts": {"lines":{"total":17,"covered":17,"skipped":0,"pct":100},"functions":{"total":6,"covered":6,"skipped":0,"pct":100},"statements":{"total":18,"covered":18,"skipped":0,"pct":100},"branches":{"total":20,"covered":20,"skipped":0,"pct":100}}
}
