{"/home/ricardo/cvg-agent-secretary-v2/packages/channel-gateway/src/contracts.ts": {"path":"/home/ricardo/cvg-agent-secretary-v2/packages/channel-gateway/src/contracts.ts","statementMap":{"0":{"start":{"line":4,"column":34},"end":{"line":10,"column":null}},"1":{"start":{"line":14,"column":39},"end":{"line":25,"column":null}},"2":{"start":{"line":29,"column":33},"end":{"line":34,"column":null}},"3":{"start":{"line":38,"column":39},"end":{"line":55,"column":null}},"4":{"start":{"line":60,"column":46},"end":{"line":74,"column":null}},"5":{"start":{"line":116,"column":2},"end":{"line":116,"column":null}}},"fnMap":{"0":{"name":"canonicalIdempotencyKey","decl":{"start":{"line":111,"column":16},"end":{"line":111,"column":40}},"loc":{"start":{"line":115,"column":11},"end":{"line":117,"column":null}},"line":115}},"branchMap":{},"s":{"0":11,"1":11,"2":11,"3":11,"4":11,"5":14},"f":{"0":14},"b":{},"meta":{"lastBranch":0,"lastFunction":1,"lastStatement":6,"seen":{"s:4:34:10:Infinity":0,"s:14:39:25:Infinity":1,"s:29:33:34:Infinity":2,"s:38:39:55:Infinity":3,"s:60:46:74:Infinity":4,"f:111:16:111:40":0,"s:116:2:116:Infinity":5}}}
,"/home/ricardo/cvg-agent-secretary-v2/packages/channel-gateway/src/effect-journal-file.ts": {"path":"/home/ricardo/cvg-agent-secretary-v2/packages/channel-gateway/src/effect-journal-file.ts","statementMap":{"0":{"start":{"line":1,"column":9},"end":{"line":1,"column":null}},"1":{"start":{"line":1,"column":27},"end":{"line":1,"column":null}},"2":{"start":{"line":56,"column":22},"end":{"line":56,"column":null}},"3":{"start":{"line":59,"column":4},"end":{"line":64,"column":null}},"4":{"start":{"line":60,"column":6},"end":{"line":63,"column":null}},"5":{"start":{"line":65,"column":4},"end":{"line":65,"column":null}},"6":{"start":{"line":66,"column":4},"end":{"line":66,"column":null}},"7":{"start":{"line":66,"column":42},"end":{"line":66,"column":null}},"8":{"start":{"line":67,"column":4},"end":{"line":67,"column":null}},"9":{"start":{"line":68,"column":4},"end":{"line":68,"column":null}},"10":{"start":{"line":69,"column":4},"end":{"line":69,"column":null}},"11":{"start":{"line":75,"column":4},"end":{"line":77,"column":null}},"12":{"start":{"line":76,"column":6},"end":{"line":76,"column":null}},"13":{"start":{"line":78,"column":4},"end":{"line":78,"column":null}},"14":{"start":{"line":79,"column":16},"end":{"line":79,"column":null}},"15":{"start":{"line":80,"column":20},"end":{"line":80,"column":null}},"16":{"start":{"line":81,"column":4},"end":{"line":83,"column":null}},"17":{"start":{"line":82,"column":6},"end":{"line":82,"column":null}},"18":{"start":{"line":84,"column":4},"end":{"line":112,"column":null}},"19":{"start":{"line":85,"column":23},"end":{"line":85,"column":null}},"20":{"start":{"line":86,"column":23},"end":{"line":86,"column":null}},"21":{"start":{"line":87,"column":6},"end":{"line":89,"column":null}},"22":{"start":{"line":88,"column":8},"end":{"line":88,"column":null}},"23":{"start":{"line":90,"column":6},"end":{"line":94,"column":null}},"24":{"start":{"line":91,"column":23},"end":{"line":91,"column":null}},"25":{"start":{"line":92,"column":8},"end":{"line":92,"column":null}},"26":{"start":{"line":93,"column":8},"end":{"line":93,"column":null}},"27":{"start":{"line":95,"column":21},"end":{"line":95,"column":null}},"28":{"start":{"line":96,"column":6},"end":{"line":99,"column":null}},"29":{"start":{"line":97,"column":8},"end":{"line":97,"column":null}},"30":{"start":{"line":98,"column":8},"end":{"line":98,"column":null}},"31":{"start":{"line":100,"column":6},"end":{"line":104,"column":null}},"32":{"start":{"line":101,"column":8},"end":{"line":102,"column":null}},"33":{"start":{"line":102,"column":10},"end":{"line":102,"column":null}},"34":{"start":{"line":103,"column":8},"end":{"line":103,"column":null}},"35":{"start":{"line":105,"column":6},"end":{"line":107,"column":null}},"36":{"start":{"line":106,"column":8},"end":{"line":106,"column":null}},"37":{"start":{"line":108,"column":6},"end":{"line":110,"column":null}},"38":{"start":{"line":109,"column":8},"end":{"line":109,"column":null}},"39":{"start":{"line":111,"column":6},"end":{"line":111,"column":null}},"40":{"start":{"line":119,"column":16},"end":{"line":119,"column":null}},"41":{"start":{"line":120,"column":4},"end":{"line":144,"column":null}},"42":{"start":{"line":121,"column":21},"end":{"line":121,"column":null}},"43":{"start":{"line":122,"column":6},"end":{"line":122,"column":null}},"44":{"start":{"line":122,"column":18},"end":{"line":122,"column":null}},"45":{"start":{"line":123,"column":18},"end":{"line":123,"column":null}},"46":{"start":{"line":124,"column":6},"end":{"line":135,"column":null}},"47":{"start":{"line":130,"column":8},"end":{"line":134,"column":null}},"48":{"start":{"line":136,"column":43},"end":{"line":141,"column":null}},"49":{"start":{"line":142,"column":6},"end":{"line":142,"column":null}},"50":{"start":{"line":143,"column":6},"end":{"line":143,"column":null}},"51":{"start":{"line":152,"column":16},"end":{"line":152,"column":null}},"52":{"start":{"line":153,"column":4},"end":{"line":170,"column":null}},"53":{"start":{"line":154,"column":21},"end":{"line":154,"column":null}},"54":{"start":{"line":155,"column":6},"end":{"line":155,"column":null}},"55":{"start":{"line":155,"column":18},"end":{"line":155,"column":null}},"56":{"start":{"line":156,"column":18},"end":{"line":156,"column":null}},"57":{"start":{"line":157,"column":6},"end":{"line":163,"column":null}},"58":{"start":{"line":162,"column":8},"end":{"line":162,"column":null}},"59":{"start":{"line":164,"column":6},"end":{"line":168,"column":null}},"60":{"start":{"line":169,"column":6},"end":{"line":169,"column":null}},"61":{"start":{"line":178,"column":4},"end":{"line":191,"column":null}},"62":{"start":{"line":181,"column":45},"end":{"line":190,"column":null}},"63":{"start":{"line":199,"column":4},"end":{"line":207,"column":null}},"64":{"start":{"line":199,"column":64},"end":{"line":207,"column":6}},"65":{"start":{"line":215,"column":4},"end":{"line":223,"column":null}},"66":{"start":{"line":215,"column":64},"end":{"line":223,"column":6}},"67":{"start":{"line":231,"column":4},"end":{"line":239,"column":null}},"68":{"start":{"line":231,"column":64},"end":{"line":239,"column":6}},"69":{"start":{"line":245,"column":4},"end":{"line":245,"column":null}},"70":{"start":{"line":252,"column":16},"end":{"line":252,"column":null}},"71":{"start":{"line":253,"column":21},"end":{"line":253,"column":null}},"72":{"start":{"line":254,"column":4},"end":{"line":261,"column":null}},"73":{"start":{"line":255,"column":21},"end":{"line":255,"column":null}},"74":{"start":{"line":256,"column":6},"end":{"line":256,"column":null}},"75":{"start":{"line":256,"column":18},"end":{"line":256,"column":null}},"76":{"start":{"line":257,"column":6},"end":{"line":257,"column":null}},"77":{"start":{"line":257,"column":55},"end":{"line":257,"column":null}},"78":{"start":{"line":258,"column":24},"end":{"line":258,"column":null}},"79":{"start":{"line":259,"column":6},"end":{"line":259,"column":null}},"80":{"start":{"line":259,"column":26},"end":{"line":259,"column":null}},"81":{"start":{"line":260,"column":6},"end":{"line":260,"column":null}},"82":{"start":{"line":268,"column":16},"end":{"line":268,"column":null}},"83":{"start":{"line":269,"column":4},"end":{"line":301,"column":null}},"84":{"start":{"line":270,"column":21},"end":{"line":270,"column":null}},"85":{"start":{"line":271,"column":6},"end":{"line":271,"column":null}},"86":{"start":{"line":271,"column":18},"end":{"line":271,"column":null}},"87":{"start":{"line":272,"column":6},"end":{"line":278,"column":null}},"88":{"start":{"line":273,"column":8},"end":{"line":277,"column":null}},"89":{"start":{"line":279,"column":18},"end":{"line":279,"column":null}},"90":{"start":{"line":281,"column":8},"end":{"line":298,"column":null}},"91":{"start":{"line":299,"column":6},"end":{"line":299,"column":null}},"92":{"start":{"line":300,"column":6},"end":{"line":300,"column":null}},"93":{"start":{"line":309,"column":16},"end":{"line":309,"column":null}},"94":{"start":{"line":310,"column":4},"end":{"line":324,"column":null}},"95":{"start":{"line":311,"column":21},"end":{"line":311,"column":null}},"96":{"start":{"line":312,"column":6},"end":{"line":312,"column":null}},"97":{"start":{"line":312,"column":19},"end":{"line":312,"column":null}},"98":{"start":{"line":313,"column":6},"end":{"line":313,"column":null}},"99":{"start":{"line":314,"column":6},"end":{"line":320,"column":null}},"100":{"start":{"line":319,"column":8},"end":{"line":319,"column":null}},"101":{"start":{"line":321,"column":6},"end":{"line":321,"column":null}},"102":{"start":{"line":321,"column":44},"end":{"line":321,"column":null}},"103":{"start":{"line":322,"column":6},"end":{"line":322,"column":null}},"104":{"start":{"line":323,"column":6},"end":{"line":323,"column":null}},"105":{"start":{"line":328,"column":4},"end":{"line":342,"column":null}},"106":{"start":{"line":329,"column":21},"end":{"line":329,"column":null}},"107":{"start":{"line":330,"column":6},"end":{"line":334,"column":null}},"108":{"start":{"line":331,"column":8},"end":{"line":331,"column":null}},"109":{"start":{"line":333,"column":8},"end":{"line":333,"column":null}},"110":{"start":{"line":335,"column":6},"end":{"line":335,"column":null}},"111":{"start":{"line":337,"column":6},"end":{"line":337,"column":null}},"112":{"start":{"line":337,"column":62},"end":{"line":337,"column":null}},"113":{"start":{"line":338,"column":6},"end":{"line":341,"column":null}},"114":{"start":{"line":346,"column":4},"end":{"line":370,"column":null}},"115":{"start":{"line":347,"column":18},"end":{"line":347,"column":null}},"116":{"start":{"line":348,"column":21},"end":{"line":348,"column":null}},"117":{"start":{"line":349,"column":6},"end":{"line":356,"column":null}},"118":{"start":{"line":355,"column":8},"end":{"line":355,"column":null}},"119":{"start":{"line":360,"column":6},"end":{"line":362,"column":null}},"120":{"start":{"line":361,"column":8},"end":{"line":361,"column":null}},"121":{"start":{"line":363,"column":6},"end":{"line":363,"column":null}},"122":{"start":{"line":365,"column":6},"end":{"line":365,"column":null}},"123":{"start":{"line":365,"column":62},"end":{"line":365,"column":null}},"124":{"start":{"line":366,"column":6},"end":{"line":369,"column":null}},"125":{"start":{"line":374,"column":19},"end":{"line":374,"column":null}},"126":{"start":{"line":375,"column":22},"end":{"line":375,"column":null}},"127":{"start":{"line":376,"column":4},"end":{"line":385,"column":null}},"128":{"start":{"line":377,"column":6},"end":{"line":377,"column":null}},"129":{"start":{"line":378,"column":6},"end":{"line":378,"column":null}},"130":{"start":{"line":380,"column":6},"end":{"line":380,"column":null}},"131":{"start":{"line":380,"column":42},"end":{"line":380,"column":51}},"132":{"start":{"line":381,"column":6},"end":{"line":384,"column":null}},"133":{"start":{"line":389,"column":21},"end":{"line":389,"column":null}},"134":{"start":{"line":390,"column":21},"end":{"line":390,"column":null}},"135":{"start":{"line":391,"column":4},"end":{"line":421,"column":null}},"136":{"start":{"line":392,"column":6},"end":{"line":420,"column":null}},"137":{"start":{"line":393,"column":23},"end":{"line":393,"column":null}},"138":{"start":{"line":394,"column":8},"end":{"line":398,"column":null}},"139":{"start":{"line":395,"column":10},"end":{"line":395,"column":null}},"140":{"start":{"line":397,"column":10},"end":{"line":397,"column":null}},"141":{"start":{"line":399,"column":8},"end":{"line":399,"column":null}},"142":{"start":{"line":401,"column":8},"end":{"line":406,"column":null}},"143":{"start":{"line":402,"column":10},"end":{"line":405,"column":null}},"144":{"start":{"line":407,"column":21},"end":{"line":407,"column":null}},"145":{"start":{"line":407,"column":54},"end":{"line":407,"column":63}},"146":{"start":{"line":408,"column":8},"end":{"line":411,"column":null}},"147":{"start":{"line":409,"column":10},"end":{"line":409,"column":null}},"148":{"start":{"line":409,"column":45},"end":{"line":409,"column":54}},"149":{"start":{"line":410,"column":10},"end":{"line":410,"column":null}},"150":{"start":{"line":412,"column":8},"end":{"line":418,"column":null}},"151":{"start":{"line":413,"column":10},"end":{"line":417,"column":null}},"152":{"start":{"line":419,"column":8},"end":{"line":419,"column":null}},"153":{"start":{"line":422,"column":4},"end":{"line":426,"column":null}},"154":{"start":{"line":423,"column":6},"end":{"line":423,"column":null}},"155":{"start":{"line":425,"column":6},"end":{"line":425,"column":null}},"156":{"start":{"line":425,"column":41},"end":{"line":425,"column":50}},"157":{"start":{"line":430,"column":19},"end":{"line":430,"column":null}},"158":{"start":{"line":431,"column":4},"end":{"line":431,"column":null}}},"fnMap":{"0":{"name":"(anonymous_0)","decl":{"start":{"line":58,"column":2},"end":{"line":58,"column":14}},"loc":{"start":{"line":58,"column":56},"end":{"line":70,"column":null}},"line":58},"1":{"name":"(anonymous_1)","decl":{"start":{"line":66,"column":26},"end":{"line":66,"column":42}},"loc":{"start":{"line":66,"column":42},"end":{"line":66,"column":null}},"line":66},"2":{"name":"(anonymous_2)","decl":{"start":{"line":72,"column":8},"end":{"line":72,"column":null}},"loc":{"start":{"line":74,"column":42},"end":{"line":113,"column":null}},"line":74},"3":{"name":"(anonymous_3)","decl":{"start":{"line":84,"column":31},"end":{"line":84,"column":43}},"loc":{"start":{"line":84,"column":43},"end":{"line":112,"column":5}},"line":84},"4":{"name":"(anonymous_4)","decl":{"start":{"line":115,"column":8},"end":{"line":115,"column":null}},"loc":{"start":{"line":118,"column":34},"end":{"line":145,"column":null}},"line":118},"5":{"name":"(anonymous_5)","decl":{"start":{"line":120,"column":31},"end":{"line":120,"column":43}},"loc":{"start":{"line":120,"column":43},"end":{"line":144,"column":5}},"line":120},"6":{"name":"(anonymous_6)","decl":{"start":{"line":147,"column":8},"end":{"line":147,"column":null}},"loc":{"start":{"line":151,"column":22},"end":{"line":171,"column":null}},"line":151},"7":{"name":"(anonymous_7)","decl":{"start":{"line":153,"column":31},"end":{"line":153,"column":43}},"loc":{"start":{"line":153,"column":43},"end":{"line":170,"column":5}},"line":153},"8":{"name":"(anonymous_8)","decl":{"start":{"line":173,"column":8},"end":{"line":173,"column":null}},"loc":{"start":{"line":177,"column":38},"end":{"line":192,"column":null}},"line":177},"9":{"name":"(anonymous_9)","decl":{"start":{"line":180,"column":6},"end":{"line":180,"column":null}},"loc":{"start":{"line":181,"column":45},"end":{"line":190,"column":null}},"line":181},"10":{"name":"(anonymous_10)","decl":{"start":{"line":194,"column":8},"end":{"line":194,"column":null}},"loc":{"start":{"line":198,"column":38},"end":{"line":208,"column":null}},"line":198},"11":{"name":"(anonymous_11)","decl":{"start":{"line":199,"column":34},"end":{"line":199,"column":47}},"loc":{"start":{"line":199,"column":64},"end":{"line":207,"column":6}},"line":199},"12":{"name":"(anonymous_12)","decl":{"start":{"line":210,"column":8},"end":{"line":210,"column":null}},"loc":{"start":{"line":214,"column":38},"end":{"line":224,"column":null}},"line":214},"13":{"name":"(anonymous_13)","decl":{"start":{"line":215,"column":34},"end":{"line":215,"column":47}},"loc":{"start":{"line":215,"column":64},"end":{"line":223,"column":6}},"line":215},"14":{"name":"(anonymous_14)","decl":{"start":{"line":226,"column":8},"end":{"line":226,"column":null}},"loc":{"start":{"line":230,"column":38},"end":{"line":240,"column":null}},"line":230},"15":{"name":"(anonymous_15)","decl":{"start":{"line":231,"column":34},"end":{"line":231,"column":47}},"loc":{"start":{"line":231,"column":64},"end":{"line":239,"column":6}},"line":231},"16":{"name":"(anonymous_16)","decl":{"start":{"line":242,"column":8},"end":{"line":242,"column":null}},"loc":{"start":{"line":244,"column":46},"end":{"line":246,"column":null}},"line":244},"17":{"name":"(anonymous_17)","decl":{"start":{"line":248,"column":8},"end":{"line":248,"column":null}},"loc":{"start":{"line":251,"column":46},"end":{"line":262,"column":null}},"line":251},"18":{"name":"(anonymous_18)","decl":{"start":{"line":264,"column":8},"end":{"line":264,"column":null}},"loc":{"start":{"line":267,"column":34},"end":{"line":302,"column":null}},"line":267},"19":{"name":"(anonymous_19)","decl":{"start":{"line":269,"column":31},"end":{"line":269,"column":43}},"loc":{"start":{"line":269,"column":43},"end":{"line":301,"column":5}},"line":269},"20":{"name":"(anonymous_20)","decl":{"start":{"line":304,"column":8},"end":{"line":304,"column":null}},"loc":{"start":{"line":308,"column":38},"end":{"line":325,"column":null}},"line":308},"21":{"name":"(anonymous_21)","decl":{"start":{"line":310,"column":31},"end":{"line":310,"column":43}},"loc":{"start":{"line":310,"column":43},"end":{"line":324,"column":5}},"line":310},"22":{"name":"(anonymous_22)","decl":{"start":{"line":327,"column":8},"end":{"line":327,"column":19}},"loc":{"start":{"line":327,"column":79},"end":{"line":343,"column":null}},"line":327},"23":{"name":"(anonymous_23)","decl":{"start":{"line":345,"column":8},"end":{"line":345,"column":20}},"loc":{"start":{"line":345,"column":75},"end":{"line":371,"column":null}},"line":345},"24":{"name":"(anonymous_24)","decl":{"start":{"line":373,"column":8},"end":{"line":373,"column":21}},"loc":{"start":{"line":373,"column":78},"end":{"line":386,"column":null}},"line":373},"25":{"name":"(anonymous_25)","decl":{"start":{"line":380,"column":30},"end":{"line":380,"column":42}},"loc":{"start":{"line":380,"column":42},"end":{"line":380,"column":51}},"line":380},"26":{"name":"(anonymous_26)","decl":{"start":{"line":388,"column":8},"end":{"line":388,"column":21}},"loc":{"start":{"line":388,"column":75},"end":{"line":427,"column":null}},"line":388},"27":{"name":"(anonymous_27)","decl":{"start":{"line":407,"column":42},"end":{"line":407,"column":54}},"loc":{"start":{"line":407,"column":54},"end":{"line":407,"column":63}},"line":407},"28":{"name":"(anonymous_28)","decl":{"start":{"line":409,"column":33},"end":{"line":409,"column":45}},"loc":{"start":{"line":409,"column":45},"end":{"line":409,"column":54}},"line":409},"29":{"name":"(anonymous_29)","decl":{"start":{"line":425,"column":29},"end":{"line":425,"column":41}},"loc":{"start":{"line":425,"column":41},"end":{"line":425,"column":50}},"line":425},"30":{"name":"(anonymous_30)","decl":{"start":{"line":429,"column":2},"end":{"line":429,"column":14}},"loc":{"start":{"line":429,"column":35},"end":{"line":432,"column":null}},"line":429}},"branchMap":{"0":{"loc":{"start":{"line":59,"column":4},"end":{"line":64,"column":null}},"type":"if","locations":[{"start":{"line":59,"column":4},"end":{"line":64,"column":null}},{"start":{},"end":{}}],"line":59},"1":{"loc":{"start":{"line":59,"column":8},"end":{"line":59,"column":63}},"type":"binary-expr","locations":[{"start":{"line":59,"column":8},"end":{"line":59,"column":30}},{"start":{"line":59,"column":30},"end":{"line":59,"column":63}}],"line":59},"2":{"loc":{"start":{"line":66,"column":18},"end":{"line":66,"column":null}},"type":"binary-expr","locations":[{"start":{"line":66,"column":18},"end":{"line":66,"column":42}},{"start":{"line":66,"column":26},"end":{"line":66,"column":null}}],"line":66},"3":{"loc":{"start":{"line":67,"column":19},"end":{"line":67,"column":null}},"type":"binary-expr","locations":[{"start":{"line":67,"column":19},"end":{"line":67,"column":37}},{"start":{"line":67,"column":37},"end":{"line":67,"column":null}}],"line":67},"4":{"loc":{"start":{"line":68,"column":26},"end":{"line":68,"column":null}},"type":"binary-expr","locations":[{"start":{"line":68,"column":26},"end":{"line":68,"column":51}},{"start":{"line":68,"column":51},"end":{"line":68,"column":null}}],"line":68},"5":{"loc":{"start":{"line":69,"column":24},"end":{"line":69,"column":null}},"type":"binary-expr","locations":[{"start":{"line":69,"column":24},"end":{"line":69,"column":47}},{"start":{"line":69,"column":47},"end":{"line":69,"column":null}}],"line":69},"6":{"loc":{"start":{"line":75,"column":4},"end":{"line":77,"column":null}},"type":"if","locations":[{"start":{"line":75,"column":4},"end":{"line":77,"column":null}},{"start":{},"end":{}}],"line":75},"7":{"loc":{"start":{"line":81,"column":4},"end":{"line":83,"column":null}},"type":"if","locations":[{"start":{"line":81,"column":4},"end":{"line":83,"column":null}},{"start":{},"end":{}}],"line":81},"8":{"loc":{"start":{"line":87,"column":6},"end":{"line":89,"column":null}},"type":"if","locations":[{"start":{"line":87,"column":6},"end":{"line":89,"column":null}},{"start":{},"end":{}}],"line":87},"9":{"loc":{"start":{"line":90,"column":6},"end":{"line":94,"column":null}},"type":"if","locations":[{"start":{"line":90,"column":6},"end":{"line":94,"column":null}},{"start":{},"end":{}}],"line":90},"10":{"loc":{"start":{"line":96,"column":6},"end":{"line":99,"column":null}},"type":"if","locations":[{"start":{"line":96,"column":6},"end":{"line":99,"column":null}},{"start":{},"end":{}}],"line":96},"11":{"loc":{"start":{"line":100,"column":6},"end":{"line":104,"column":null}},"type":"if","locations":[{"start":{"line":100,"column":6},"end":{"line":104,"column":null}},{"start":{},"end":{}}],"line":100},"12":{"loc":{"start":{"line":101,"column":8},"end":{"line":102,"column":null}},"type":"if","locations":[{"start":{"line":101,"column":8},"end":{"line":102,"column":null}},{"start":{},"end":{}}],"line":101},"13":{"loc":{"start":{"line":105,"column":6},"end":{"line":107,"column":null}},"type":"if","locations":[{"start":{"line":105,"column":6},"end":{"line":107,"column":null}},{"start":{},"end":{}}],"line":105},"14":{"loc":{"start":{"line":108,"column":6},"end":{"line":110,"column":null}},"type":"if","locations":[{"start":{"line":108,"column":6},"end":{"line":110,"column":null}},{"start":{},"end":{}}],"line":108},"15":{"loc":{"start":{"line":122,"column":6},"end":{"line":122,"column":null}},"type":"if","locations":[{"start":{"line":122,"column":6},"end":{"line":122,"column":null}},{"start":{},"end":{}}],"line":122},"16":{"loc":{"start":{"line":124,"column":6},"end":{"line":135,"column":null}},"type":"if","locations":[{"start":{"line":124,"column":6},"end":{"line":135,"column":null}},{"start":{},"end":{}}],"line":124},"17":{"loc":{"start":{"line":125,"column":8},"end":{"line":128,"column":null}},"type":"binary-expr","locations":[{"start":{"line":125,"column":8},"end":{"line":125,"column":null}},{"start":{"line":126,"column":8},"end":{"line":126,"column":null}},{"start":{"line":127,"column":8},"end":{"line":127,"column":null}},{"start":{"line":128,"column":8},"end":{"line":128,"column":null}}],"line":125},"18":{"loc":{"start":{"line":155,"column":6},"end":{"line":155,"column":null}},"type":"if","locations":[{"start":{"line":155,"column":6},"end":{"line":155,"column":null}},{"start":{},"end":{}}],"line":155},"19":{"loc":{"start":{"line":157,"column":6},"end":{"line":163,"column":null}},"type":"if","locations":[{"start":{"line":157,"column":6},"end":{"line":163,"column":null}},{"start":{},"end":{}}],"line":157},"20":{"loc":{"start":{"line":158,"column":8},"end":{"line":160,"column":null}},"type":"binary-expr","locations":[{"start":{"line":158,"column":8},"end":{"line":158,"column":null}},{"start":{"line":159,"column":8},"end":{"line":159,"column":null}},{"start":{"line":160,"column":8},"end":{"line":160,"column":null}}],"line":158},"21":{"loc":{"start":{"line":256,"column":6},"end":{"line":256,"column":null}},"type":"if","locations":[{"start":{"line":256,"column":6},"end":{"line":256,"column":null}},{"start":{},"end":{}}],"line":256},"22":{"loc":{"start":{"line":257,"column":6},"end":{"line":257,"column":null}},"type":"if","locations":[{"start":{"line":257,"column":6},"end":{"line":257,"column":null}},{"start":{},"end":{}}],"line":257},"23":{"loc":{"start":{"line":257,"column":10},"end":{"line":257,"column":55}},"type":"binary-expr","locations":[{"start":{"line":257,"column":10},"end":{"line":257,"column":20}},{"start":{"line":257,"column":20},"end":{"line":257,"column":55}}],"line":257},"24":{"loc":{"start":{"line":259,"column":6},"end":{"line":259,"column":null}},"type":"if","locations":[{"start":{"line":259,"column":6},"end":{"line":259,"column":null}},{"start":{},"end":{}}],"line":259},"25":{"loc":{"start":{"line":271,"column":6},"end":{"line":271,"column":null}},"type":"if","locations":[{"start":{"line":271,"column":6},"end":{"line":271,"column":null}},{"start":{},"end":{}}],"line":271},"26":{"loc":{"start":{"line":272,"column":6},"end":{"line":278,"column":null}},"type":"if","locations":[{"start":{"line":272,"column":6},"end":{"line":278,"column":null}},{"start":{},"end":{}}],"line":272},"27":{"loc":{"start":{"line":272,"column":10},"end":{"line":272,"column":51}},"type":"binary-expr","locations":[{"start":{"line":272,"column":10},"end":{"line":272,"column":21}},{"start":{"line":272,"column":21},"end":{"line":272,"column":51}}],"line":272},"28":{"loc":{"start":{"line":275,"column":34},"end":{"line":275,"column":61}},"type":"binary-expr","locations":[{"start":{"line":275,"column":34},"end":{"line":275,"column":51}},{"start":{"line":275,"column":51},"end":{"line":275,"column":61}}],"line":275},"29":{"loc":{"start":{"line":281,"column":8},"end":{"line":298,"column":null}},"type":"cond-expr","locations":[{"start":{"line":282,"column":12},"end":{"line":289,"column":null}},{"start":{"line":290,"column":12},"end":{"line":298,"column":null}}],"line":281},"30":{"loc":{"start":{"line":312,"column":6},"end":{"line":312,"column":null}},"type":"if","locations":[{"start":{"line":312,"column":6},"end":{"line":312,"column":null}},{"start":{},"end":{}}],"line":312},"31":{"loc":{"start":{"line":314,"column":6},"end":{"line":320,"column":null}},"type":"if","locations":[{"start":{"line":314,"column":6},"end":{"line":320,"column":null}},{"start":{},"end":{}}],"line":314},"32":{"loc":{"start":{"line":315,"column":8},"end":{"line":317,"column":null}},"type":"binary-expr","locations":[{"start":{"line":315,"column":8},"end":{"line":315,"column":null}},{"start":{"line":316,"column":8},"end":{"line":316,"column":null}},{"start":{"line":317,"column":8},"end":{"line":317,"column":null}}],"line":315},"33":{"loc":{"start":{"line":321,"column":6},"end":{"line":321,"column":null}},"type":"if","locations":[{"start":{"line":321,"column":6},"end":{"line":321,"column":null}},{"start":{},"end":{}}],"line":321},"34":{"loc":{"start":{"line":337,"column":6},"end":{"line":337,"column":null}},"type":"if","locations":[{"start":{"line":337,"column":6},"end":{"line":337,"column":null}},{"start":{},"end":{}}],"line":337},"35":{"loc":{"start":{"line":349,"column":6},"end":{"line":356,"column":null}},"type":"if","locations":[{"start":{"line":349,"column":6},"end":{"line":356,"column":null}},{"start":{},"end":{}}],"line":349},"36":{"loc":{"start":{"line":350,"column":8},"end":{"line":353,"column":null}},"type":"binary-expr","locations":[{"start":{"line":350,"column":8},"end":{"line":350,"column":null}},{"start":{"line":351,"column":8},"end":{"line":351,"column":null}},{"start":{"line":352,"column":8},"end":{"line":352,"column":null}},{"start":{"line":353,"column":8},"end":{"line":353,"column":null}}],"line":350},"37":{"loc":{"start":{"line":360,"column":6},"end":{"line":362,"column":null}},"type":"if","locations":[{"start":{"line":360,"column":6},"end":{"line":362,"column":null}},{"start":{},"end":{}}],"line":360},"38":{"loc":{"start":{"line":365,"column":6},"end":{"line":365,"column":null}},"type":"if","locations":[{"start":{"line":365,"column":6},"end":{"line":365,"column":null}},{"start":{},"end":{}}],"line":365},"39":{"loc":{"start":{"line":401,"column":8},"end":{"line":406,"column":null}},"type":"if","locations":[{"start":{"line":401,"column":8},"end":{"line":406,"column":null}},{"start":{},"end":{}}],"line":401},"40":{"loc":{"start":{"line":408,"column":8},"end":{"line":411,"column":null}},"type":"if","locations":[{"start":{"line":408,"column":8},"end":{"line":411,"column":null}},{"start":{},"end":{}}],"line":408},"41":{"loc":{"start":{"line":408,"column":12},"end":{"line":408,"column":70}},"type":"binary-expr","locations":[{"start":{"line":408,"column":12},"end":{"line":408,"column":20}},{"start":{"line":408,"column":20},"end":{"line":408,"column":70}}],"line":408},"42":{"loc":{"start":{"line":412,"column":8},"end":{"line":418,"column":null}},"type":"if","locations":[{"start":{"line":412,"column":8},"end":{"line":418,"column":null}},{"start":{},"end":{}}],"line":412}},"s":{"0":7,"1":7,"2":98,"3":98,"4":1,"5":97,"6":97,"7":758,"8":98,"9":98,"10":98,"11":223,"12":10,"13":213,"14":213,"15":213,"16":213,"17":21,"18":191,"19":191,"20":190,"21":190,"22":171,"23":19,"24":0,"25":0,"26":0,"27":19,"28":19,"29":7,"30":7,"31":12,"32":6,"33":2,"34":6,"35":6,"36":0,"37":6,"38":5,"39":1,"40":76,"41":76,"42":74,"43":74,"44":73,"45":19,"46":19,"47":1,"48":18,"49":18,"50":17,"51":4,"52":4,"53":4,"54":4,"55":3,"56":3,"57":3,"58":2,"59":1,"60":1,"61":13,"62":8,"63":2,"64":1,"65":4,"66":3,"67":6,"68":3,"69":18,"70":4,"71":4,"72":4,"73":14,"74":14,"75":14,"76":13,"77":2,"78":11,"79":11,"80":1,"81":10,"82":4,"83":4,"84":4,"85":4,"86":4,"87":3,"88":1,"89":2,"90":2,"91":4,"92":2,"93":25,"94":25,"95":25,"96":25,"97":2,"98":23,"99":23,"100":3,"101":16,"102":1,"103":15,"104":15,"105":213,"106":213,"107":21,"108":21,"109":21,"110":21,"111":192,"112":191,"113":1,"114":330,"115":330,"116":322,"117":322,"118":0,"119":320,"120":5,"121":320,"122":10,"123":6,"124":4,"125":45,"126":45,"127":45,"128":45,"129":44,"130":1,"131":1,"132":1,"133":300,"134":300,"135":300,"136":309,"137":309,"138":298,"139":298,"140":298,"141":298,"142":11,"143":1,"144":10,"145":0,"146":10,"147":0,"148":0,"149":0,"150":10,"151":1,"152":9,"153":298,"154":298,"155":298,"156":0,"157":888,"158":888},"f":{"0":98,"1":758,"2":223,"3":191,"4":76,"5":74,"6":4,"7":4,"8":13,"9":8,"10":2,"11":1,"12":4,"13":3,"14":6,"15":3,"16":18,"17":4,"18":4,"19":4,"20":25,"21":25,"22":213,"23":330,"24":45,"25":1,"26":300,"27":0,"28":0,"29":0,"30":888},"b":{"0":[1,97],"1":[98,98],"2":[97,758],"3":[98,90],"4":[98,93],"5":[98,95],"6":[10,213],"7":[21,192],"8":[171,19],"9":[0,19],"10":[7,12],"11":[6,6],"12":[2,4],"13":[0,6],"14":[5,1],"15":[73,1],"16":[1,18],"17":[19,18,18,18],"18":[3,1],"19":[2,1],"20":[3,2,1],"21":[14,0],"22":[2,11],"23":[13,13],"24":[1,10],"25":[4,0],"26":[1,2],"27":[3,3],"28":[1,0],"29":[1,1],"30":[2,23],"31":[3,20],"32":[23,18,18],"33":[1,15],"34":[191,1],"35":[0,322],"36":[322,320,320,320],"37":[5,315],"38":[6,4],"39":[1,10],"40":[0,10],"41":[10,10],"42":[1,9]},"meta":{"lastBranch":43,"lastFunction":31,"lastStatement":159,"seen":{"s:1:9:1:Infinity":0,"s:1:27:1:Infinity":1,"s:56:22:56:Infinity":2,"f:58:2:58:14":0,"b:59:4:64:Infinity:undefined:undefined:undefined:undefined":0,"s:59:4:64:Infinity":3,"b:59:8:59:30:59:30:59:63":1,"s:60:6:63:Infinity":4,"s:65:4:65:Infinity":5,"s:66:4:66:Infinity":6,"b:66:18:66:42:66:26:66:Infinity":2,"f:66:26:66:42":1,"s:66:42:66:Infinity":7,"s:67:4:67:Infinity":8,"b:67:19:67:37:67:37:67:Infinity":3,"s:68:4:68:Infinity":9,"b:68:26:68:51:68:51:68:Infinity":4,"s:69:4:69:Infinity":10,"b:69:24:69:47:69:47:69:Infinity":5,"f:72:8:72:Infinity":2,"b:75:4:77:Infinity:undefined:undefined:undefined:undefined":6,"s:75:4:77:Infinity":11,"s:76:6:76:Infinity":12,"s:78:4:78:Infinity":13,"s:79:16:79:Infinity":14,"s:80:20:80:Infinity":15,"b:81:4:83:Infinity:undefined:undefined:undefined:undefined":7,"s:81:4:83:Infinity":16,"s:82:6:82:Infinity":17,"s:84:4:112:Infinity":18,"f:84:31:84:43":3,"s:85:23:85:Infinity":19,"s:86:23:86:Infinity":20,"b:87:6:89:Infinity:undefined:undefined:undefined:undefined":8,"s:87:6:89:Infinity":21,"s:88:8:88:Infinity":22,"b:90:6:94:Infinity:undefined:undefined:undefined:undefined":9,"s:90:6:94:Infinity":23,"s:91:23:91:Infinity":24,"s:92:8:92:Infinity":25,"s:93:8:93:Infinity":26,"s:95:21:95:Infinity":27,"b:96:6:99:Infinity:undefined:undefined:undefined:undefined":10,"s:96:6:99:Infinity":28,"s:97:8:97:Infinity":29,"s:98:8:98:Infinity":30,"b:100:6:104:Infinity:undefined:undefined:undefined:undefined":11,"s:100:6:104:Infinity":31,"b:101:8:102:Infinity:undefined:undefined:undefined:undefined":12,"s:101:8:102:Infinity":32,"s:102:10:102:Infinity":33,"s:103:8:103:Infinity":34,"b:105:6:107:Infinity:undefined:undefined:undefined:undefined":13,"s:105:6:107:Infinity":35,"s:106:8:106:Infinity":36,"b:108:6:110:Infinity:undefined:undefined:undefined:undefined":14,"s:108:6:110:Infinity":37,"s:109:8:109:Infinity":38,"s:111:6:111:Infinity":39,"f:115:8:115:Infinity":4,"s:119:16:119:Infinity":40,"s:120:4:144:Infinity":41,"f:120:31:120:43":5,"s:121:21:121:Infinity":42,"b:122:6:122:Infinity:undefined:undefined:undefined:undefined":15,"s:122:6:122:Infinity":43,"s:122:18:122:Infinity":44,"s:123:18:123:Infinity":45,"b:124:6:135:Infinity:undefined:undefined:undefined:undefined":16,"s:124:6:135:Infinity":46,"b:125:8:125:Infinity:126:8:126:Infinity:127:8:127:Infinity:128:8:128:Infinity":17,"s:130:8:134:Infinity":47,"s:136:43:141:Infinity":48,"s:142:6:142:Infinity":49,"s:143:6:143:Infinity":50,"f:147:8:147:Infinity":6,"s:152:16:152:Infinity":51,"s:153:4:170:Infinity":52,"f:153:31:153:43":7,"s:154:21:154:Infinity":53,"b:155:6:155:Infinity:undefined:undefined:undefined:undefined":18,"s:155:6:155:Infinity":54,"s:155:18:155:Infinity":55,"s:156:18:156:Infinity":56,"b:157:6:163:Infinity:undefined:undefined:undefined:undefined":19,"s:157:6:163:Infinity":57,"b:158:8:158:Infinity:159:8:159:Infinity:160:8:160:Infinity":20,"s:162:8:162:Infinity":58,"s:164:6:168:Infinity":59,"s:169:6:169:Infinity":60,"f:173:8:173:Infinity":8,"s:178:4:191:Infinity":61,"f:180:6:180:Infinity":9,"s:181:45:190:Infinity":62,"f:194:8:194:Infinity":10,"s:199:4:207:Infinity":63,"f:199:34:199:47":11,"s:199:64:207:6":64,"f:210:8:210:Infinity":12,"s:215:4:223:Infinity":65,"f:215:34:215:47":13,"s:215:64:223:6":66,"f:226:8:226:Infinity":14,"s:231:4:239:Infinity":67,"f:231:34:231:47":15,"s:231:64:239:6":68,"f:242:8:242:Infinity":16,"s:245:4:245:Infinity":69,"f:248:8:248:Infinity":17,"s:252:16:252:Infinity":70,"s:253:21:253:Infinity":71,"s:254:4:261:Infinity":72,"s:255:21:255:Infinity":73,"b:256:6:256:Infinity:undefined:undefined:undefined:undefined":21,"s:256:6:256:Infinity":74,"s:256:18:256:Infinity":75,"b:257:6:257:Infinity:undefined:undefined:undefined:undefined":22,"s:257:6:257:Infinity":76,"b:257:10:257:20:257:20:257:55":23,"s:257:55:257:Infinity":77,"s:258:24:258:Infinity":78,"b:259:6:259:Infinity:undefined:undefined:undefined:undefined":24,"s:259:6:259:Infinity":79,"s:259:26:259:Infinity":80,"s:260:6:260:Infinity":81,"f:264:8:264:Infinity":18,"s:268:16:268:Infinity":82,"s:269:4:301:Infinity":83,"f:269:31:269:43":19,"s:270:21:270:Infinity":84,"b:271:6:271:Infinity:undefined:undefined:undefined:undefined":25,"s:271:6:271:Infinity":85,"s:271:18:271:Infinity":86,"b:272:6:278:Infinity:undefined:undefined:undefined:undefined":26,"s:272:6:278:Infinity":87,"b:272:10:272:21:272:21:272:51":27,"s:273:8:277:Infinity":88,"b:275:34:275:51:275:51:275:61":28,"s:279:18:279:Infinity":89,"s:281:8:298:Infinity":90,"b:282:12:289:Infinity:290:12:298:Infinity":29,"s:299:6:299:Infinity":91,"s:300:6:300:Infinity":92,"f:304:8:304:Infinity":20,"s:309:16:309:Infinity":93,"s:310:4:324:Infinity":94,"f:310:31:310:43":21,"s:311:21:311:Infinity":95,"b:312:6:312:Infinity:undefined:undefined:undefined:undefined":30,"s:312:6:312:Infinity":96,"s:312:19:312:Infinity":97,"s:313:6:313:Infinity":98,"b:314:6:320:Infinity:undefined:undefined:undefined:undefined":31,"s:314:6:320:Infinity":99,"b:315:8:315:Infinity:316:8:316:Infinity:317:8:317:Infinity":32,"s:319:8:319:Infinity":100,"b:321:6:321:Infinity:undefined:undefined:undefined:undefined":33,"s:321:6:321:Infinity":101,"s:321:44:321:Infinity":102,"s:322:6:322:Infinity":103,"s:323:6:323:Infinity":104,"f:327:8:327:19":22,"s:328:4:342:Infinity":105,"s:329:21:329:Infinity":106,"s:330:6:334:Infinity":107,"s:331:8:331:Infinity":108,"s:333:8:333:Infinity":109,"s:335:6:335:Infinity":110,"b:337:6:337:Infinity:undefined:undefined:undefined:undefined":34,"s:337:6:337:Infinity":111,"s:337:62:337:Infinity":112,"s:338:6:341:Infinity":113,"f:345:8:345:20":23,"s:346:4:370:Infinity":114,"s:347:18:347:Infinity":115,"s:348:21:348:Infinity":116,"b:349:6:356:Infinity:undefined:undefined:undefined:undefined":35,"s:349:6:356:Infinity":117,"b:350:8:350:Infinity:351:8:351:Infinity:352:8:352:Infinity:353:8:353:Infinity":36,"s:355:8:355:Infinity":118,"b:360:6:362:Infinity:undefined:undefined:undefined:undefined":37,"s:360:6:362:Infinity":119,"s:361:8:361:Infinity":120,"s:363:6:363:Infinity":121,"b:365:6:365:Infinity:undefined:undefined:undefined:undefined":38,"s:365:6:365:Infinity":122,"s:365:62:365:Infinity":123,"s:366:6:369:Infinity":124,"f:373:8:373:21":24,"s:374:19:374:Infinity":125,"s:375:22:375:Infinity":126,"s:376:4:385:Infinity":127,"s:377:6:377:Infinity":128,"s:378:6:378:Infinity":129,"s:380:6:380:Infinity":130,"f:380:30:380:42":25,"s:380:42:380:51":131,"s:381:6:384:Infinity":132,"f:388:8:388:21":26,"s:389:21:389:Infinity":133,"s:390:21:390:Infinity":134,"s:391:4:421:Infinity":135,"s:392:6:420:Infinity":136,"s:393:23:393:Infinity":137,"s:394:8:398:Infinity":138,"s:395:10:395:Infinity":139,"s:397:10:397:Infinity":140,"s:399:8:399:Infinity":141,"b:401:8:406:Infinity:undefined:undefined:undefined:undefined":39,"s:401:8:406:Infinity":142,"s:402:10:405:Infinity":143,"s:407:21:407:Infinity":144,"f:407:42:407:54":27,"s:407:54:407:63":145,"b:408:8:411:Infinity:undefined:undefined:undefined:undefined":40,"s:408:8:411:Infinity":146,"b:408:12:408:20:408:20:408:70":41,"s:409:10:409:Infinity":147,"f:409:33:409:45":28,"s:409:45:409:54":148,"s:410:10:410:Infinity":149,"b:412:8:418:Infinity:undefined:undefined:undefined:undefined":42,"s:412:8:418:Infinity":150,"s:413:10:417:Infinity":151,"s:419:8:419:Infinity":152,"s:422:4:426:Infinity":153,"s:423:6:423:Infinity":154,"s:425:6:425:Infinity":155,"f:425:29:425:41":29,"s:425:41:425:50":156,"f:429:2:429:14":30,"s:430:19:430:Infinity":157,"s:431:4:431:Infinity":158}}}
,"/home/ricardo/cvg-agent-secretary-v2/packages/channel-gateway/src/effect-journal.ts": {"path":"/home/ricardo/cvg-agent-secretary-v2/packages/channel-gateway/src/effect-journal.ts","statementMap":{"0":{"start":{"line":1,"column":9},"end":{"line":1,"column":null}},"1":{"start":{"line":6,"column":38},"end":{"line":6,"column":null}},"2":{"start":{"line":9,"column":35},"end":{"line":9,"column":null}},"3":{"start":{"line":10,"column":35},"end":{"line":10,"column":null}},"4":{"start":{"line":11,"column":36},"end":{"line":11,"column":null}},"5":{"start":{"line":14,"column":2},"end":{"line":14,"column":null}},"6":{"start":{"line":25,"column":15},"end":{"line":25,"column":null}},"7":{"start":{"line":26,"column":2},"end":{"line":26,"column":null}},"8":{"start":{"line":26,"column":25},"end":{"line":26,"column":null}},"9":{"start":{"line":27,"column":2},"end":{"line":27,"column":null}},"10":{"start":{"line":33,"column":18},"end":{"line":33,"column":null}},"11":{"start":{"line":34,"column":2},"end":{"line":40,"column":null}},"12":{"start":{"line":35,"column":4},"end":{"line":39,"column":null}},"13":{"start":{"line":41,"column":2},"end":{"line":41,"column":null}},"14":{"start":{"line":142,"column":2},"end":{"line":147,"column":null}},"15":{"start":{"line":154,"column":2},"end":{"line":154,"column":null}},"16":{"start":{"line":158,"column":2},"end":{"line":158,"column":null}},"17":{"start":{"line":164,"column":2},"end":{"line":164,"column":null}},"18":{"start":{"line":171,"column":2},"end":{"line":183,"column":null}},"19":{"start":{"line":207,"column":2},"end":{"line":209,"column":null}},"20":{"start":{"line":208,"column":4},"end":{"line":208,"column":null}},"21":{"start":{"line":210,"column":2},"end":{"line":210,"column":null}},"22":{"start":{"line":210,"column":17},"end":{"line":210,"column":null}},"23":{"start":{"line":211,"column":30},"end":{"line":211,"column":null}},"24":{"start":{"line":212,"column":2},"end":{"line":217,"column":null}},"25":{"start":{"line":216,"column":4},"end":{"line":216,"column":null}},"26":{"start":{"line":218,"column":2},"end":{"line":220,"column":null}},"27":{"start":{"line":219,"column":4},"end":{"line":219,"column":null}},"28":{"start":{"line":221,"column":2},"end":{"line":223,"column":null}},"29":{"start":{"line":222,"column":4},"end":{"line":222,"column":null}},"30":{"start":{"line":224,"column":2},"end":{"line":226,"column":null}},"31":{"start":{"line":225,"column":4},"end":{"line":225,"column":null}},"32":{"start":{"line":227,"column":2},"end":{"line":229,"column":null}},"33":{"start":{"line":228,"column":4},"end":{"line":228,"column":null}},"34":{"start":{"line":230,"column":2},"end":{"line":241,"column":null}},"35":{"start":{"line":231,"column":43},"end":{"line":239,"column":null}},"36":{"start":{"line":240,"column":4},"end":{"line":240,"column":null}},"37":{"start":{"line":242,"column":40},"end":{"line":252,"column":null}},"38":{"start":{"line":253,"column":2},"end":{"line":253,"column":null}},"39":{"start":{"line":262,"column":2},"end":{"line":262,"column":null}},"40":{"start":{"line":281,"column":20},"end":{"line":288,"column":null}},"41":{"start":{"line":289,"column":2},"end":{"line":289,"column":null}},"42":{"start":{"line":304,"column":22},"end":{"line":304,"column":null}},"43":{"start":{"line":309,"column":4},"end":{"line":309,"column":null}},"44":{"start":{"line":309,"column":42},"end":{"line":309,"column":null}},"45":{"start":{"line":310,"column":4},"end":{"line":310,"column":null}},"46":{"start":{"line":316,"column":16},"end":{"line":316,"column":null}},"47":{"start":{"line":317,"column":16},"end":{"line":317,"column":null}},"48":{"start":{"line":318,"column":21},"end":{"line":318,"column":null}},"49":{"start":{"line":319,"column":21},"end":{"line":319,"column":null}},"50":{"start":{"line":320,"column":4},"end":{"line":322,"column":null}},"51":{"start":{"line":321,"column":6},"end":{"line":321,"column":null}},"52":{"start":{"line":323,"column":4},"end":{"line":327,"column":null}},"53":{"start":{"line":324,"column":22},"end":{"line":324,"column":null}},"54":{"start":{"line":325,"column":6},"end":{"line":325,"column":null}},"55":{"start":{"line":326,"column":6},"end":{"line":326,"column":null}},"56":{"start":{"line":328,"column":4},"end":{"line":332,"column":null}},"57":{"start":{"line":329,"column":23},"end":{"line":329,"column":null}},"58":{"start":{"line":330,"column":6},"end":{"line":330,"column":null}},"59":{"start":{"line":331,"column":6},"end":{"line":331,"column":null}},"60":{"start":{"line":333,"column":4},"end":{"line":343,"column":null}},"61":{"start":{"line":334,"column":6},"end":{"line":336,"column":null}},"62":{"start":{"line":335,"column":8},"end":{"line":335,"column":null}},"63":{"start":{"line":337,"column":6},"end":{"line":342,"column":null}},"64":{"start":{"line":344,"column":4},"end":{"line":349,"column":null}},"65":{"start":{"line":345,"column":6},"end":{"line":348,"column":null}},"66":{"start":{"line":350,"column":4},"end":{"line":355,"column":null}},"67":{"start":{"line":351,"column":6},"end":{"line":354,"column":null}},"68":{"start":{"line":356,"column":4},"end":{"line":359,"column":null}},"69":{"start":{"line":366,"column":4},"end":{"line":384,"column":null}},"70":{"start":{"line":367,"column":6},"end":{"line":377,"column":null}},"71":{"start":{"line":372,"column":8},"end":{"line":376,"column":null}},"72":{"start":{"line":378,"column":6},"end":{"line":383,"column":null}},"73":{"start":{"line":392,"column":16},"end":{"line":392,"column":null}},"74":{"start":{"line":393,"column":19},"end":{"line":393,"column":null}},"75":{"start":{"line":394,"column":4},"end":{"line":394,"column":null}},"76":{"start":{"line":394,"column":17},"end":{"line":394,"column":null}},"77":{"start":{"line":395,"column":16},"end":{"line":395,"column":null}},"78":{"start":{"line":396,"column":4},"end":{"line":401,"column":null}},"79":{"start":{"line":400,"column":6},"end":{"line":400,"column":null}},"80":{"start":{"line":402,"column":4},"end":{"line":406,"column":null}},"81":{"start":{"line":407,"column":4},"end":{"line":407,"column":null}},"82":{"start":{"line":415,"column":4},"end":{"line":434,"column":null}},"83":{"start":{"line":416,"column":6},"end":{"line":416,"column":null}},"84":{"start":{"line":416,"column":40},"end":{"line":416,"column":null}},"85":{"start":{"line":417,"column":6},"end":{"line":423,"column":null}},"86":{"start":{"line":418,"column":8},"end":{"line":422,"column":null}},"87":{"start":{"line":424,"column":6},"end":{"line":433,"column":null}},"88":{"start":{"line":442,"column":4},"end":{"line":453,"column":null}},"89":{"start":{"line":443,"column":6},"end":{"line":443,"column":null}},"90":{"start":{"line":443,"column":37},"end":{"line":443,"column":null}},"91":{"start":{"line":444,"column":6},"end":{"line":452,"column":null}},"92":{"start":{"line":461,"column":4},"end":{"line":469,"column":null}},"93":{"start":{"line":461,"column":64},"end":{"line":469,"column":6}},"94":{"start":{"line":477,"column":4},"end":{"line":485,"column":null}},"95":{"start":{"line":477,"column":64},"end":{"line":485,"column":6}},"96":{"start":{"line":491,"column":19},"end":{"line":491,"column":null}},"97":{"start":{"line":492,"column":4},"end":{"line":492,"column":null}},"98":{"start":{"line":499,"column":16},"end":{"line":499,"column":null}},"99":{"start":{"line":500,"column":21},"end":{"line":500,"column":null}},"100":{"start":{"line":501,"column":4},"end":{"line":509,"column":null}},"101":{"start":{"line":502,"column":21},"end":{"line":502,"column":null}},"102":{"start":{"line":503,"column":6},"end":{"line":505,"column":null}},"103":{"start":{"line":504,"column":8},"end":{"line":504,"column":null}},"104":{"start":{"line":506,"column":24},"end":{"line":506,"column":null}},"105":{"start":{"line":507,"column":6},"end":{"line":507,"column":null}},"106":{"start":{"line":507,"column":26},"end":{"line":507,"column":null}},"107":{"start":{"line":508,"column":6},"end":{"line":508,"column":null}},"108":{"start":{"line":516,"column":4},"end":{"line":543,"column":null}},"109":{"start":{"line":517,"column":6},"end":{"line":523,"column":null}},"110":{"start":{"line":518,"column":8},"end":{"line":522,"column":null}},"111":{"start":{"line":524,"column":6},"end":{"line":533,"column":null}},"112":{"start":{"line":525,"column":8},"end":{"line":532,"column":null}},"113":{"start":{"line":534,"column":6},"end":{"line":542,"column":null}},"114":{"start":{"line":550,"column":16},"end":{"line":550,"column":null}},"115":{"start":{"line":551,"column":19},"end":{"line":551,"column":null}},"116":{"start":{"line":552,"column":16},"end":{"line":552,"column":null}},"117":{"start":{"line":553,"column":4},"end":{"line":559,"column":null}},"118":{"start":{"line":554,"column":6},"end":{"line":558,"column":null}},"119":{"start":{"line":560,"column":4},"end":{"line":560,"column":null}},"120":{"start":{"line":561,"column":20},"end":{"line":561,"column":null}},"121":{"start":{"line":562,"column":4},"end":{"line":562,"column":null}},"122":{"start":{"line":563,"column":4},"end":{"line":563,"column":null}},"123":{"start":{"line":571,"column":16},"end":{"line":571,"column":null}},"124":{"start":{"line":572,"column":19},"end":{"line":572,"column":null}},"125":{"start":{"line":573,"column":4},"end":{"line":573,"column":null}},"126":{"start":{"line":573,"column":17},"end":{"line":573,"column":null}},"127":{"start":{"line":574,"column":4},"end":{"line":574,"column":null}},"128":{"start":{"line":575,"column":4},"end":{"line":581,"column":null}},"129":{"start":{"line":580,"column":6},"end":{"line":580,"column":null}},"130":{"start":{"line":582,"column":4},"end":{"line":582,"column":null}},"131":{"start":{"line":582,"column":42},"end":{"line":582,"column":null}},"132":{"start":{"line":583,"column":16},"end":{"line":583,"column":null}},"133":{"start":{"line":584,"column":20},"end":{"line":584,"column":null}},"134":{"start":{"line":585,"column":4},"end":{"line":585,"column":null}},"135":{"start":{"line":586,"column":4},"end":{"line":586,"column":null}},"136":{"start":{"line":591,"column":2},"end":{"line":591,"column":null}},"137":{"start":{"line":591,"column":34},"end":{"line":591,"column":57}}},"fnMap":{"0":{"name":"isSupportedHashVersion","decl":{"start":{"line":13,"column":16},"end":{"line":13,"column":39}},"loc":{"start":{"line":13,"column":76},"end":{"line":15,"column":null}},"line":13},"1":{"name":"resolvePersistedHashVersion","decl":{"start":{"line":22,"column":16},"end":{"line":22,"column":null}},"loc":{"start":{"line":24,"column":22},"end":{"line":28,"column":null}},"line":24},"2":{"name":"assertSupportedPersistedHashVersion","decl":{"start":{"line":30,"column":16},"end":{"line":30,"column":null}},"loc":{"start":{"line":32,"column":10},"end":{"line":42,"column":null}},"line":32},"3":{"name":"channelEffectKey","decl":{"start":{"line":141,"column":16},"end":{"line":141,"column":33}},"loc":{"start":{"line":141,"column":74},"end":{"line":148,"column":null}},"line":141},"4":{"name":"channelEffectHasActiveLease","decl":{"start":{"line":150,"column":16},"end":{"line":150,"column":null}},"loc":{"start":{"line":153,"column":11},"end":{"line":155,"column":null}},"line":153},"5":{"name":"isTerminalForWaiter","decl":{"start":{"line":157,"column":16},"end":{"line":157,"column":36}},"loc":{"start":{"line":157,"column":72},"end":{"line":159,"column":null}},"line":157},"6":{"name":"cloneEffectRecord","decl":{"start":{"line":161,"column":16},"end":{"line":161,"column":null}},"loc":{"start":{"line":163,"column":23},"end":{"line":165,"column":null}},"line":163},"7":{"name":"createEffectRecord","decl":{"start":{"line":167,"column":16},"end":{"line":167,"column":null}},"loc":{"start":{"line":170,"column":23},"end":{"line":184,"column":null}},"line":170},"8":{"name":"decideReserve","decl":{"start":{"line":202,"column":16},"end":{"line":202,"column":null}},"loc":{"start":{"line":206,"column":19},"end":{"line":254,"column":null}},"line":206},"9":{"name":"canonicalizePayload","decl":{"start":{"line":261,"column":16},"end":{"line":261,"column":36}},"loc":{"start":{"line":261,"column":60},"end":{"line":263,"column":null}},"line":261},"10":{"name":"hashOutboundPayload","decl":{"start":{"line":280,"column":16},"end":{"line":280,"column":36}},"loc":{"start":{"line":280,"column":79},"end":{"line":290,"column":null}},"line":280},"11":{"name":"(anonymous_11)","decl":{"start":{"line":308,"column":2},"end":{"line":308,"column":14}},"loc":{"start":{"line":308,"column":65},"end":{"line":311,"column":null}},"line":308},"12":{"name":"(anonymous_12)","decl":{"start":{"line":309,"column":26},"end":{"line":309,"column":42}},"loc":{"start":{"line":309,"column":42},"end":{"line":309,"column":null}},"line":309},"13":{"name":"(anonymous_13)","decl":{"start":{"line":313,"column":8},"end":{"line":313,"column":null}},"loc":{"start":{"line":315,"column":42},"end":{"line":360,"column":null}},"line":315},"14":{"name":"(anonymous_14)","decl":{"start":{"line":362,"column":8},"end":{"line":362,"column":null}},"loc":{"start":{"line":365,"column":34},"end":{"line":385,"column":null}},"line":365},"15":{"name":"(anonymous_15)","decl":{"start":{"line":366,"column":28},"end":{"line":366,"column":39}},"loc":{"start":{"line":366,"column":55},"end":{"line":384,"column":5}},"line":366},"16":{"name":"(anonymous_16)","decl":{"start":{"line":387,"column":8},"end":{"line":387,"column":null}},"loc":{"start":{"line":391,"column":22},"end":{"line":408,"column":null}},"line":391},"17":{"name":"(anonymous_17)","decl":{"start":{"line":410,"column":8},"end":{"line":410,"column":null}},"loc":{"start":{"line":414,"column":38},"end":{"line":435,"column":null}},"line":414},"18":{"name":"(anonymous_18)","decl":{"start":{"line":415,"column":34},"end":{"line":415,"column":47}},"loc":{"start":{"line":415,"column":63},"end":{"line":434,"column":5}},"line":415},"19":{"name":"(anonymous_19)","decl":{"start":{"line":437,"column":8},"end":{"line":437,"column":null}},"loc":{"start":{"line":441,"column":38},"end":{"line":454,"column":null}},"line":441},"20":{"name":"(anonymous_20)","decl":{"start":{"line":442,"column":34},"end":{"line":442,"column":47}},"loc":{"start":{"line":442,"column":63},"end":{"line":453,"column":5}},"line":442},"21":{"name":"(anonymous_21)","decl":{"start":{"line":456,"column":8},"end":{"line":456,"column":null}},"loc":{"start":{"line":460,"column":38},"end":{"line":470,"column":null}},"line":460},"22":{"name":"(anonymous_22)","decl":{"start":{"line":461,"column":34},"end":{"line":461,"column":47}},"loc":{"start":{"line":461,"column":64},"end":{"line":469,"column":6}},"line":461},"23":{"name":"(anonymous_23)","decl":{"start":{"line":472,"column":8},"end":{"line":472,"column":null}},"loc":{"start":{"line":476,"column":38},"end":{"line":486,"column":null}},"line":476},"24":{"name":"(anonymous_24)","decl":{"start":{"line":477,"column":34},"end":{"line":477,"column":47}},"loc":{"start":{"line":477,"column":64},"end":{"line":485,"column":6}},"line":477},"25":{"name":"(anonymous_25)","decl":{"start":{"line":488,"column":8},"end":{"line":488,"column":null}},"loc":{"start":{"line":490,"column":46},"end":{"line":493,"column":null}},"line":490},"26":{"name":"(anonymous_26)","decl":{"start":{"line":495,"column":8},"end":{"line":495,"column":null}},"loc":{"start":{"line":498,"column":46},"end":{"line":510,"column":null}},"line":498},"27":{"name":"(anonymous_27)","decl":{"start":{"line":512,"column":8},"end":{"line":512,"column":null}},"loc":{"start":{"line":515,"column":34},"end":{"line":544,"column":null}},"line":515},"28":{"name":"(anonymous_28)","decl":{"start":{"line":516,"column":28},"end":{"line":516,"column":39}},"loc":{"start":{"line":516,"column":55},"end":{"line":543,"column":5}},"line":516},"29":{"name":"(anonymous_29)","decl":{"start":{"line":546,"column":2},"end":{"line":546,"column":null}},"loc":{"start":{"line":549,"column":25},"end":{"line":564,"column":null}},"line":549},"30":{"name":"(anonymous_30)","decl":{"start":{"line":566,"column":2},"end":{"line":566,"column":null}},"loc":{"start":{"line":570,"column":29},"end":{"line":587,"column":null}},"line":570},"31":{"name":"delay","decl":{"start":{"line":590,"column":16},"end":{"line":590,"column":22}},"loc":{"start":{"line":590,"column":49},"end":{"line":592,"column":null}},"line":590},"32":{"name":"(anonymous_32)","decl":{"start":{"line":591,"column":13},"end":{"line":591,"column":22}},"loc":{"start":{"line":591,"column":34},"end":{"line":591,"column":57}},"line":591}},"branchMap":{"0":{"loc":{"start":{"line":14,"column":9},"end":{"line":14,"column":null}},"type":"binary-expr","locations":[{"start":{"line":14,"column":9},"end":{"line":14,"column":44}},{"start":{"line":14,"column":44},"end":{"line":14,"column":null}}],"line":14},"1":{"loc":{"start":{"line":26,"column":2},"end":{"line":26,"column":null}},"type":"if","locations":[{"start":{"line":26,"column":2},"end":{"line":26,"column":null}},{"start":{},"end":{}}],"line":26},"2":{"loc":{"start":{"line":27,"column":9},"end":{"line":27,"column":null}},"type":"cond-expr","locations":[{"start":{"line":27,"column":39},"end":{"line":27,"column":45}},{"start":{"line":27,"column":45},"end":{"line":27,"column":null}}],"line":27},"3":{"loc":{"start":{"line":34,"column":2},"end":{"line":40,"column":null}},"type":"if","locations":[{"start":{"line":34,"column":2},"end":{"line":40,"column":null}},{"start":{},"end":{}}],"line":34},"4":{"loc":{"start":{"line":154,"column":9},"end":{"line":154,"column":null}},"type":"binary-expr","locations":[{"start":{"line":154,"column":9},"end":{"line":154,"column":45}},{"start":{"line":154,"column":45},"end":{"line":154,"column":null}}],"line":154},"5":{"loc":{"start":{"line":158,"column":9},"end":{"line":158,"column":null}},"type":"binary-expr","locations":[{"start":{"line":158,"column":9},"end":{"line":158,"column":34}},{"start":{"line":158,"column":34},"end":{"line":158,"column":56}},{"start":{"line":158,"column":56},"end":{"line":158,"column":null}}],"line":158},"6":{"loc":{"start":{"line":207,"column":2},"end":{"line":209,"column":null}},"type":"if","locations":[{"start":{"line":207,"column":2},"end":{"line":209,"column":null}},{"start":{},"end":{}}],"line":207},"7":{"loc":{"start":{"line":210,"column":2},"end":{"line":210,"column":null}},"type":"if","locations":[{"start":{"line":210,"column":2},"end":{"line":210,"column":null}},{"start":{},"end":{}}],"line":210},"8":{"loc":{"start":{"line":212,"column":2},"end":{"line":217,"column":null}},"type":"if","locations":[{"start":{"line":212,"column":2},"end":{"line":217,"column":null}},{"start":{},"end":{}}],"line":212},"9":{"loc":{"start":{"line":213,"column":4},"end":{"line":214,"column":null}},"type":"binary-expr","locations":[{"start":{"line":213,"column":4},"end":{"line":213,"column":null}},{"start":{"line":214,"column":4},"end":{"line":214,"column":null}}],"line":213},"10":{"loc":{"start":{"line":218,"column":2},"end":{"line":220,"column":null}},"type":"if","locations":[{"start":{"line":218,"column":2},"end":{"line":220,"column":null}},{"start":{},"end":{}}],"line":218},"11":{"loc":{"start":{"line":221,"column":2},"end":{"line":223,"column":null}},"type":"if","locations":[{"start":{"line":221,"column":2},"end":{"line":223,"column":null}},{"start":{},"end":{}}],"line":221},"12":{"loc":{"start":{"line":221,"column":6},"end":{"line":221,"column":69}},"type":"binary-expr","locations":[{"start":{"line":221,"column":6},"end":{"line":221,"column":40}},{"start":{"line":221,"column":40},"end":{"line":221,"column":69}}],"line":221},"13":{"loc":{"start":{"line":224,"column":2},"end":{"line":226,"column":null}},"type":"if","locations":[{"start":{"line":224,"column":2},"end":{"line":226,"column":null}},{"start":{},"end":{}}],"line":224},"14":{"loc":{"start":{"line":227,"column":2},"end":{"line":229,"column":null}},"type":"if","locations":[{"start":{"line":227,"column":2},"end":{"line":229,"column":null}},{"start":{},"end":{}}],"line":227},"15":{"loc":{"start":{"line":230,"column":2},"end":{"line":241,"column":null}},"type":"if","locations":[{"start":{"line":230,"column":2},"end":{"line":241,"column":null}},{"start":{},"end":{}}],"line":230},"16":{"loc":{"start":{"line":234,"column":17},"end":{"line":234,"column":null}},"type":"binary-expr","locations":[{"start":{"line":234,"column":17},"end":{"line":234,"column":39}},{"start":{"line":234,"column":39},"end":{"line":234,"column":null}}],"line":234},"17":{"loc":{"start":{"line":308,"column":14},"end":{"line":308,"column":65}},"type":"default-arg","locations":[{"start":{"line":308,"column":61},"end":{"line":308,"column":65}}],"line":308},"18":{"loc":{"start":{"line":309,"column":18},"end":{"line":309,"column":null}},"type":"binary-expr","locations":[{"start":{"line":309,"column":18},"end":{"line":309,"column":42}},{"start":{"line":309,"column":26},"end":{"line":309,"column":null}}],"line":309},"19":{"loc":{"start":{"line":310,"column":19},"end":{"line":310,"column":null}},"type":"binary-expr","locations":[{"start":{"line":310,"column":19},"end":{"line":310,"column":37}},{"start":{"line":310,"column":37},"end":{"line":310,"column":null}}],"line":310},"20":{"loc":{"start":{"line":320,"column":4},"end":{"line":322,"column":null}},"type":"if","locations":[{"start":{"line":320,"column":4},"end":{"line":322,"column":null}},{"start":{},"end":{}}],"line":320},"21":{"loc":{"start":{"line":323,"column":4},"end":{"line":327,"column":null}},"type":"if","locations":[{"start":{"line":323,"column":4},"end":{"line":327,"column":null}},{"start":{},"end":{}}],"line":323},"22":{"loc":{"start":{"line":328,"column":4},"end":{"line":332,"column":null}},"type":"if","locations":[{"start":{"line":328,"column":4},"end":{"line":332,"column":null}},{"start":{},"end":{}}],"line":328},"23":{"loc":{"start":{"line":333,"column":4},"end":{"line":343,"column":null}},"type":"if","locations":[{"start":{"line":333,"column":4},"end":{"line":343,"column":null}},{"start":{},"end":{}}],"line":333},"24":{"loc":{"start":{"line":334,"column":6},"end":{"line":336,"column":null}},"type":"if","locations":[{"start":{"line":334,"column":6},"end":{"line":336,"column":null}},{"start":{},"end":{}}],"line":334},"25":{"loc":{"start":{"line":340,"column":11},"end":{"line":340,"column":null}},"type":"binary-expr","locations":[{"start":{"line":340,"column":11},"end":{"line":340,"column":30}},{"start":{"line":340,"column":30},"end":{"line":340,"column":null}}],"line":340},"26":{"loc":{"start":{"line":344,"column":4},"end":{"line":349,"column":null}},"type":"if","locations":[{"start":{"line":344,"column":4},"end":{"line":349,"column":null}},{"start":{},"end":{}}],"line":344},"27":{"loc":{"start":{"line":350,"column":4},"end":{"line":355,"column":null}},"type":"if","locations":[{"start":{"line":350,"column":4},"end":{"line":355,"column":null}},{"start":{},"end":{}}],"line":350},"28":{"loc":{"start":{"line":367,"column":6},"end":{"line":377,"column":null}},"type":"if","locations":[{"start":{"line":367,"column":6},"end":{"line":377,"column":null}},{"start":{},"end":{}}],"line":367},"29":{"loc":{"start":{"line":368,"column":8},"end":{"line":370,"column":null}},"type":"binary-expr","locations":[{"start":{"line":368,"column":8},"end":{"line":368,"column":null}},{"start":{"line":369,"column":8},"end":{"line":369,"column":null}},{"start":{"line":370,"column":8},"end":{"line":370,"column":null}}],"line":368},"30":{"loc":{"start":{"line":394,"column":4},"end":{"line":394,"column":null}},"type":"if","locations":[{"start":{"line":394,"column":4},"end":{"line":394,"column":null}},{"start":{},"end":{}}],"line":394},"31":{"loc":{"start":{"line":396,"column":4},"end":{"line":401,"column":null}},"type":"if","locations":[{"start":{"line":396,"column":4},"end":{"line":401,"column":null}},{"start":{},"end":{}}],"line":396},"32":{"loc":{"start":{"line":397,"column":6},"end":{"line":398,"column":null}},"type":"binary-expr","locations":[{"start":{"line":397,"column":6},"end":{"line":397,"column":null}},{"start":{"line":398,"column":6},"end":{"line":398,"column":null}}],"line":397},"33":{"loc":{"start":{"line":416,"column":6},"end":{"line":416,"column":null}},"type":"if","locations":[{"start":{"line":416,"column":6},"end":{"line":416,"column":null}},{"start":{},"end":{}}],"line":416},"34":{"loc":{"start":{"line":417,"column":6},"end":{"line":423,"column":null}},"type":"if","locations":[{"start":{"line":417,"column":6},"end":{"line":423,"column":null}},{"start":{},"end":{}}],"line":417},"35":{"loc":{"start":{"line":443,"column":6},"end":{"line":443,"column":null}},"type":"if","locations":[{"start":{"line":443,"column":6},"end":{"line":443,"column":null}},{"start":{},"end":{}}],"line":443},"36":{"loc":{"start":{"line":492,"column":11},"end":{"line":492,"column":null}},"type":"cond-expr","locations":[{"start":{"line":492,"column":20},"end":{"line":492,"column":48}},{"start":{"line":492,"column":48},"end":{"line":492,"column":null}}],"line":492},"37":{"loc":{"start":{"line":503,"column":6},"end":{"line":505,"column":null}},"type":"if","locations":[{"start":{"line":503,"column":6},"end":{"line":505,"column":null}},{"start":{},"end":{}}],"line":503},"38":{"loc":{"start":{"line":503,"column":10},"end":{"line":503,"column":55}},"type":"binary-expr","locations":[{"start":{"line":503,"column":10},"end":{"line":503,"column":20}},{"start":{"line":503,"column":20},"end":{"line":503,"column":55}}],"line":503},"39":{"loc":{"start":{"line":507,"column":6},"end":{"line":507,"column":null}},"type":"if","locations":[{"start":{"line":507,"column":6},"end":{"line":507,"column":null}},{"start":{},"end":{}}],"line":507},"40":{"loc":{"start":{"line":517,"column":6},"end":{"line":523,"column":null}},"type":"if","locations":[{"start":{"line":517,"column":6},"end":{"line":523,"column":null}},{"start":{},"end":{}}],"line":517},"41":{"loc":{"start":{"line":524,"column":6},"end":{"line":533,"column":null}},"type":"if","locations":[{"start":{"line":524,"column":6},"end":{"line":533,"column":null}},{"start":{},"end":{}}],"line":524},"42":{"loc":{"start":{"line":553,"column":4},"end":{"line":559,"column":null}},"type":"if","locations":[{"start":{"line":553,"column":4},"end":{"line":559,"column":null}},{"start":{},"end":{}}],"line":553},"43":{"loc":{"start":{"line":573,"column":4},"end":{"line":573,"column":null}},"type":"if","locations":[{"start":{"line":573,"column":4},"end":{"line":573,"column":null}},{"start":{},"end":{}}],"line":573},"44":{"loc":{"start":{"line":575,"column":4},"end":{"line":581,"column":null}},"type":"if","locations":[{"start":{"line":575,"column":4},"end":{"line":581,"column":null}},{"start":{},"end":{}}],"line":575},"45":{"loc":{"start":{"line":576,"column":6},"end":{"line":578,"column":null}},"type":"binary-expr","locations":[{"start":{"line":576,"column":6},"end":{"line":576,"column":null}},{"start":{"line":577,"column":6},"end":{"line":577,"column":null}},{"start":{"line":578,"column":6},"end":{"line":578,"column":null}}],"line":576},"46":{"loc":{"start":{"line":582,"column":4},"end":{"line":582,"column":null}},"type":"if","locations":[{"start":{"line":582,"column":4},"end":{"line":582,"column":null}},{"start":{},"end":{}}],"line":582}},"s":{"0":10,"1":10,"2":10,"3":10,"4":10,"5":1141,"6":537,"7":537,"8":12,"9":525,"10":187,"11":187,"12":62,"13":125,"14":649,"15":83,"16":30,"17":153,"18":246,"19":393,"20":10,"21":383,"22":383,"23":350,"24":350,"25":298,"26":52,"27":3,"28":49,"29":13,"30":36,"31":9,"32":27,"33":5,"34":22,"35":6,"36":6,"37":16,"38":16,"39":1,"40":157,"41":157,"42":40,"43":40,"44":147,"45":40,"46":59,"47":59,"48":59,"49":59,"50":59,"51":11,"52":48,"53":33,"54":33,"55":33,"56":15,"57":3,"58":3,"59":3,"60":12,"61":3,"62":1,"63":3,"64":9,"65":3,"66":6,"67":2,"68":4,"69":32,"70":31,"71":1,"72":30,"73":8,"74":8,"75":8,"76":0,"77":8,"78":8,"79":2,"80":6,"81":6,"82":20,"83":17,"84":0,"85":17,"86":1,"87":16,"88":3,"89":2,"90":0,"91":2,"92":5,"93":4,"94":8,"95":6,"96":22,"97":22,"98":6,"99":6,"100":6,"101":22,"102":22,"103":3,"104":19,"105":19,"106":3,"107":16,"108":5,"109":4,"110":2,"111":2,"112":1,"113":1,"114":37,"115":37,"116":37,"117":37,"118":2,"119":35,"120":35,"121":35,"122":35,"123":36,"124":36,"125":36,"126":1,"127":35,"128":35,"129":5,"130":30,"131":1,"132":29,"133":29,"134":29,"135":29,"136":35,"137":35},"f":{"0":1141,"1":537,"2":187,"3":649,"4":83,"5":30,"6":153,"7":246,"8":393,"9":1,"10":157,"11":40,"12":147,"13":59,"14":32,"15":31,"16":8,"17":20,"18":17,"19":3,"20":2,"21":5,"22":4,"23":8,"24":6,"25":22,"26":6,"27":5,"28":4,"29":37,"30":36,"31":35,"32":35},"b":{"0":[1141,931],"1":[12,525],"2":[188,337],"3":[62,125],"4":[83,78],"5":[30,25,25],"6":[10,383],"7":[33,350],"8":[298,52],"9":[350,75],"10":[3,49],"11":[13,36],"12":[49,41],"13":[9,27],"14":[5,22],"15":[6,16],"16":[6,6],"17":[40],"18":[40,147],"19":[40,40],"20":[11,48],"21":[33,15],"22":[3,12],"23":[3,9],"24":[1,2],"25":[3,0],"26":[3,6],"27":[2,4],"28":[1,30],"29":[31,30,30],"30":[0,8],"31":[2,6],"32":[8,7],"33":[0,17],"34":[1,16],"35":[0,2],"36":[11,11],"37":[3,19],"38":[22,17],"39":[3,16],"40":[2,2],"41":[1,1],"42":[2,35],"43":[1,35],"44":[5,30],"45":[35,31,31],"46":[1,29]},"meta":{"lastBranch":47,"lastFunction":33,"lastStatement":138,"seen":{"s:1:9:1:Infinity":0,"s:6:38:6:Infinity":1,"s:9:35:9:Infinity":2,"s:10:35:10:Infinity":3,"s:11:36:11:Infinity":4,"f:13:16:13:39":0,"s:14:2:14:Infinity":5,"b:14:9:14:44:14:44:14:Infinity":0,"f:22:16:22:Infinity":1,"s:25:15:25:Infinity":6,"b:26:2:26:Infinity:undefined:undefined:undefined:undefined":1,"s:26:2:26:Infinity":7,"s:26:25:26:Infinity":8,"s:27:2:27:Infinity":9,"b:27:39:27:45:27:45:27:Infinity":2,"f:30:16:30:Infinity":2,"s:33:18:33:Infinity":10,"b:34:2:40:Infinity:undefined:undefined:undefined:undefined":3,"s:34:2:40:Infinity":11,"s:35:4:39:Infinity":12,"s:41:2:41:Infinity":13,"f:141:16:141:33":3,"s:142:2:147:Infinity":14,"f:150:16:150:Infinity":4,"s:154:2:154:Infinity":15,"b:154:9:154:45:154:45:154:Infinity":4,"f:157:16:157:36":5,"s:158:2:158:Infinity":16,"b:158:9:158:34:158:34:158:56:158:56:158:Infinity":5,"f:161:16:161:Infinity":6,"s:164:2:164:Infinity":17,"f:167:16:167:Infinity":7,"s:171:2:183:Infinity":18,"f:202:16:202:Infinity":8,"b:207:2:209:Infinity:undefined:undefined:undefined:undefined":6,"s:207:2:209:Infinity":19,"s:208:4:208:Infinity":20,"b:210:2:210:Infinity:undefined:undefined:undefined:undefined":7,"s:210:2:210:Infinity":21,"s:210:17:210:Infinity":22,"s:211:30:211:Infinity":23,"b:212:2:217:Infinity:undefined:undefined:undefined:undefined":8,"s:212:2:217:Infinity":24,"b:213:4:213:Infinity:214:4:214:Infinity":9,"s:216:4:216:Infinity":25,"b:218:2:220:Infinity:undefined:undefined:undefined:undefined":10,"s:218:2:220:Infinity":26,"s:219:4:219:Infinity":27,"b:221:2:223:Infinity:undefined:undefined:undefined:undefined":11,"s:221:2:223:Infinity":28,"b:221:6:221:40:221:40:221:69":12,"s:222:4:222:Infinity":29,"b:224:2:226:Infinity:undefined:undefined:undefined:undefined":13,"s:224:2:226:Infinity":30,"s:225:4:225:Infinity":31,"b:227:2:229:Infinity:undefined:undefined:undefined:undefined":14,"s:227:2:229:Infinity":32,"s:228:4:228:Infinity":33,"b:230:2:241:Infinity:undefined:undefined:undefined:undefined":15,"s:230:2:241:Infinity":34,"s:231:43:239:Infinity":35,"b:234:17:234:39:234:39:234:Infinity":16,"s:240:4:240:Infinity":36,"s:242:40:252:Infinity":37,"s:253:2:253:Infinity":38,"f:261:16:261:36":9,"s:262:2:262:Infinity":39,"f:280:16:280:36":10,"s:281:20:288:Infinity":40,"s:289:2:289:Infinity":41,"s:304:22:304:Infinity":42,"f:308:2:308:14":11,"b:308:61:308:65":17,"s:309:4:309:Infinity":43,"b:309:18:309:42:309:26:309:Infinity":18,"f:309:26:309:42":12,"s:309:42:309:Infinity":44,"s:310:4:310:Infinity":45,"b:310:19:310:37:310:37:310:Infinity":19,"f:313:8:313:Infinity":13,"s:316:16:316:Infinity":46,"s:317:16:317:Infinity":47,"s:318:21:318:Infinity":48,"s:319:21:319:Infinity":49,"b:320:4:322:Infinity:undefined:undefined:undefined:undefined":20,"s:320:4:322:Infinity":50,"s:321:6:321:Infinity":51,"b:323:4:327:Infinity:undefined:undefined:undefined:undefined":21,"s:323:4:327:Infinity":52,"s:324:22:324:Infinity":53,"s:325:6:325:Infinity":54,"s:326:6:326:Infinity":55,"b:328:4:332:Infinity:undefined:undefined:undefined:undefined":22,"s:328:4:332:Infinity":56,"s:329:23:329:Infinity":57,"s:330:6:330:Infinity":58,"s:331:6:331:Infinity":59,"b:333:4:343:Infinity:undefined:undefined:undefined:undefined":23,"s:333:4:343:Infinity":60,"b:334:6:336:Infinity:undefined:undefined:undefined:undefined":24,"s:334:6:336:Infinity":61,"s:335:8:335:Infinity":62,"s:337:6:342:Infinity":63,"b:340:11:340:30:340:30:340:Infinity":25,"b:344:4:349:Infinity:undefined:undefined:undefined:undefined":26,"s:344:4:349:Infinity":64,"s:345:6:348:Infinity":65,"b:350:4:355:Infinity:undefined:undefined:undefined:undefined":27,"s:350:4:355:Infinity":66,"s:351:6:354:Infinity":67,"s:356:4:359:Infinity":68,"f:362:8:362:Infinity":14,"s:366:4:384:Infinity":69,"f:366:28:366:39":15,"b:367:6:377:Infinity:undefined:undefined:undefined:undefined":28,"s:367:6:377:Infinity":70,"b:368:8:368:Infinity:369:8:369:Infinity:370:8:370:Infinity":29,"s:372:8:376:Infinity":71,"s:378:6:383:Infinity":72,"f:387:8:387:Infinity":16,"s:392:16:392:Infinity":73,"s:393:19:393:Infinity":74,"b:394:4:394:Infinity:undefined:undefined:undefined:undefined":30,"s:394:4:394:Infinity":75,"s:394:17:394:Infinity":76,"s:395:16:395:Infinity":77,"b:396:4:401:Infinity:undefined:undefined:undefined:undefined":31,"s:396:4:401:Infinity":78,"b:397:6:397:Infinity:398:6:398:Infinity":32,"s:400:6:400:Infinity":79,"s:402:4:406:Infinity":80,"s:407:4:407:Infinity":81,"f:410:8:410:Infinity":17,"s:415:4:434:Infinity":82,"f:415:34:415:47":18,"b:416:6:416:Infinity:undefined:undefined:undefined:undefined":33,"s:416:6:416:Infinity":83,"s:416:40:416:Infinity":84,"b:417:6:423:Infinity:undefined:undefined:undefined:undefined":34,"s:417:6:423:Infinity":85,"s:418:8:422:Infinity":86,"s:424:6:433:Infinity":87,"f:437:8:437:Infinity":19,"s:442:4:453:Infinity":88,"f:442:34:442:47":20,"b:443:6:443:Infinity:undefined:undefined:undefined:undefined":35,"s:443:6:443:Infinity":89,"s:443:37:443:Infinity":90,"s:444:6:452:Infinity":91,"f:456:8:456:Infinity":21,"s:461:4:469:Infinity":92,"f:461:34:461:47":22,"s:461:64:469:6":93,"f:472:8:472:Infinity":23,"s:477:4:485:Infinity":94,"f:477:34:477:47":24,"s:477:64:485:6":95,"f:488:8:488:Infinity":25,"s:491:19:491:Infinity":96,"s:492:4:492:Infinity":97,"b:492:20:492:48:492:48:492:Infinity":36,"f:495:8:495:Infinity":26,"s:499:16:499:Infinity":98,"s:500:21:500:Infinity":99,"s:501:4:509:Infinity":100,"s:502:21:502:Infinity":101,"b:503:6:505:Infinity:undefined:undefined:undefined:undefined":37,"s:503:6:505:Infinity":102,"b:503:10:503:20:503:20:503:55":38,"s:504:8:504:Infinity":103,"s:506:24:506:Infinity":104,"b:507:6:507:Infinity:undefined:undefined:undefined:undefined":39,"s:507:6:507:Infinity":105,"s:507:26:507:Infinity":106,"s:508:6:508:Infinity":107,"f:512:8:512:Infinity":27,"s:516:4:543:Infinity":108,"f:516:28:516:39":28,"b:517:6:523:Infinity:undefined:undefined:undefined:undefined":40,"s:517:6:523:Infinity":109,"s:518:8:522:Infinity":110,"b:524:6:533:Infinity:undefined:undefined:undefined:undefined":41,"s:524:6:533:Infinity":111,"s:525:8:532:Infinity":112,"s:534:6:542:Infinity":113,"f:546:2:546:Infinity":29,"s:550:16:550:Infinity":114,"s:551:19:551:Infinity":115,"s:552:16:552:Infinity":116,"b:553:4:559:Infinity:undefined:undefined:undefined:undefined":42,"s:553:4:559:Infinity":117,"s:554:6:558:Infinity":118,"s:560:4:560:Infinity":119,"s:561:20:561:Infinity":120,"s:562:4:562:Infinity":121,"s:563:4:563:Infinity":122,"f:566:2:566:Infinity":30,"s:571:16:571:Infinity":123,"s:572:19:572:Infinity":124,"b:573:4:573:Infinity:undefined:undefined:undefined:undefined":43,"s:573:4:573:Infinity":125,"s:573:17:573:Infinity":126,"s:574:4:574:Infinity":127,"b:575:4:581:Infinity:undefined:undefined:undefined:undefined":44,"s:575:4:581:Infinity":128,"b:576:6:576:Infinity:577:6:577:Infinity:578:6:578:Infinity":45,"s:580:6:580:Infinity":129,"b:582:4:582:Infinity:undefined:undefined:undefined:undefined":46,"s:582:4:582:Infinity":130,"s:582:42:582:Infinity":131,"s:583:16:583:Infinity":132,"s:584:20:584:Infinity":133,"s:585:4:585:Infinity":134,"s:586:4:586:Infinity":135,"f:590:16:590:22":31,"s:591:2:591:Infinity":136,"f:591:13:591:22":32,"s:591:34:591:57":137}}}
,"/home/ricardo/cvg-agent-secretary-v2/packages/channel-gateway/src/errors.ts": {"path":"/home/ricardo/cvg-agent-secretary-v2/packages/channel-gateway/src/errors.ts","statementMap":{"0":{"start":{"line":1,"column":33},"end":{"line":17,"column":null}},"1":{"start":{"line":41,"column":4},"end":{"line":41,"column":null}},"2":{"start":{"line":42,"column":4},"end":{"line":42,"column":null}},"3":{"start":{"line":43,"column":4},"end":{"line":43,"column":null}},"4":{"start":{"line":44,"column":4},"end":{"line":44,"column":null}},"5":{"start":{"line":45,"column":4},"end":{"line":45,"column":null}}},"fnMap":{"0":{"name":"(anonymous_0)","decl":{"start":{"line":35,"column":2},"end":{"line":35,"column":null}},"loc":{"start":{"line":40,"column":4},"end":{"line":46,"column":null}},"line":40}},"branchMap":{"0":{"loc":{"start":{"line":38,"column":4},"end":{"line":38,"column":null}},"type":"default-arg","locations":[{"start":{"line":38,"column":16},"end":{"line":38,"column":null}}],"line":38},"1":{"loc":{"start":{"line":39,"column":4},"end":{"line":39,"column":null}},"type":"default-arg","locations":[{"start":{"line":39,"column":35},"end":{"line":39,"column":null}}],"line":39},"2":{"loc":{"start":{"line":45,"column":25},"end":{"line":45,"column":null}},"type":"binary-expr","locations":[{"start":{"line":45,"column":25},"end":{"line":45,"column":50}},{"start":{"line":45,"column":50},"end":{"line":45,"column":null}}],"line":45}},"s":{"0":11,"1":197,"2":197,"3":197,"4":197,"5":197},"f":{"0":197},"b":{"0":[197],"1":[197],"2":[197,191]},"meta":{"lastBranch":3,"lastFunction":1,"lastStatement":6,"seen":{"s:1:33:17:Infinity":0,"f:35:2:35:Infinity":0,"b:38:16:38:Infinity":0,"b:39:35:39:Infinity":1,"s:41:4:41:Infinity":1,"s:42:4:42:Infinity":2,"s:43:4:43:Infinity":3,"s:44:4:44:Infinity":4,"s:45:4:45:Infinity":5,"b:45:25:45:50:45:50:45:Infinity":2}}}
,"/home/ricardo/cvg-agent-secretary-v2/packages/channel-gateway/src/gateway.ts": {"path":"/home/ricardo/cvg-agent-secretary-v2/packages/channel-gateway/src/gateway.ts","statementMap":{"0":{"start":{"line":1,"column":9},"end":{"line":1,"column":null}},"1":{"start":{"line":63,"column":40},"end":{"line":63,"column":null}},"2":{"start":{"line":72,"column":22},"end":{"line":72,"column":null}},"3":{"start":{"line":73,"column":23},"end":{"line":73,"column":null}},"4":{"start":{"line":84,"column":4},"end":{"line":86,"column":null}},"5":{"start":{"line":85,"column":6},"end":{"line":85,"column":null}},"6":{"start":{"line":87,"column":4},"end":{"line":89,"column":null}},"7":{"start":{"line":88,"column":6},"end":{"line":88,"column":null}},"8":{"start":{"line":90,"column":4},"end":{"line":90,"column":null}},"9":{"start":{"line":91,"column":4},"end":{"line":91,"column":null}},"10":{"start":{"line":92,"column":4},"end":{"line":92,"column":null}},"11":{"start":{"line":93,"column":4},"end":{"line":95,"column":null}},"12":{"start":{"line":96,"column":4},"end":{"line":96,"column":null}},"13":{"start":{"line":96,"column":42},"end":{"line":96,"column":null}},"14":{"start":{"line":97,"column":4},"end":{"line":97,"column":null}},"15":{"start":{"line":98,"column":4},"end":{"line":99,"column":null}},"16":{"start":{"line":100,"column":4},"end":{"line":100,"column":null}},"17":{"start":{"line":100,"column":25},"end":{"line":100,"column":null}},"18":{"start":{"line":108,"column":20},"end":{"line":108,"column":null}},"19":{"start":{"line":109,"column":4},"end":{"line":114,"column":null}},"20":{"start":{"line":110,"column":6},"end":{"line":113,"column":null}},"21":{"start":{"line":115,"column":4},"end":{"line":120,"column":null}},"22":{"start":{"line":116,"column":6},"end":{"line":119,"column":null}},"23":{"start":{"line":122,"column":4},"end":{"line":133,"column":null}},"24":{"start":{"line":123,"column":6},"end":{"line":123,"column":null}},"25":{"start":{"line":125,"column":6},"end":{"line":131,"column":null}},"26":{"start":{"line":132,"column":6},"end":{"line":132,"column":null}},"27":{"start":{"line":134,"column":21},"end":{"line":134,"column":null}},"28":{"start":{"line":135,"column":25},"end":{"line":135,"column":null}},"29":{"start":{"line":136,"column":4},"end":{"line":142,"column":null}},"30":{"start":{"line":143,"column":4},"end":{"line":143,"column":null}},"31":{"start":{"line":150,"column":19},"end":{"line":150,"column":null}},"32":{"start":{"line":151,"column":4},"end":{"line":156,"column":null}},"33":{"start":{"line":152,"column":6},"end":{"line":155,"column":null}},"34":{"start":{"line":157,"column":21},"end":{"line":157,"column":null}},"35":{"start":{"line":158,"column":4},"end":{"line":171,"column":null}},"36":{"start":{"line":159,"column":6},"end":{"line":166,"column":null}},"37":{"start":{"line":167,"column":6},"end":{"line":170,"column":null}},"38":{"start":{"line":173,"column":20},"end":{"line":173,"column":null}},"39":{"start":{"line":174,"column":4},"end":{"line":179,"column":null}},"40":{"start":{"line":175,"column":6},"end":{"line":178,"column":null}},"41":{"start":{"line":180,"column":4},"end":{"line":193,"column":null}},"42":{"start":{"line":181,"column":6},"end":{"line":188,"column":null}},"43":{"start":{"line":189,"column":6},"end":{"line":192,"column":null}},"44":{"start":{"line":195,"column":44},"end":{"line":200,"column":null}},"45":{"start":{"line":201,"column":23},"end":{"line":201,"column":null}},"46":{"start":{"line":202,"column":24},"end":{"line":208,"column":null}},"47":{"start":{"line":210,"column":4},"end":{"line":216,"column":null}},"48":{"start":{"line":211,"column":6},"end":{"line":215,"column":null}},"49":{"start":{"line":217,"column":4},"end":{"line":223,"column":null}},"50":{"start":{"line":218,"column":6},"end":{"line":222,"column":null}},"51":{"start":{"line":22
[...]
,"/home/ricardo/cvg-agent-secretary-v2/packages/channel-gateway/src/adapters/evolution.ts": {"path":"/home/ricardo/cvg-agent-secretary-v2/packages/channel-gateway/src/adapters/evolution.ts","statementMap":{"0":{"start":{"line":37,"column":35},"end":{"line":37,"column":null}},"1":{"start":{"line":46,"column":21},"end":{"line":46,"column":null}},"2":{"start":{"line":57,"column":4},"end":{"line":57,"column":null}},"3":{"start":{"line":58,"column":4},"end":{"line":58,"column":null}},"4":{"start":{"line":58,"column":42},"end":{"line":58,"column":null}},"5":{"start":{"line":59,"column":4},"end":{"line":60,"column":null}},"6":{"start":{"line":61,"column":4},"end":{"line":83,"column":null}},"7":{"start":{"line":62,"column":22},"end":{"line":62,"column":null}},"8":{"start":{"line":63,"column":6},"end":{"line":68,"column":null}},"9":{"start":{"line":64,"column":8},"end":{"line":67,"column":null}},"10":{"start":{"line":69,"column":20},"end":{"line":69,"column":null}},"11":{"start":{"line":70,"column":6},"end":{"line":75,"column":null}},"12":{"start":{"line":71,"column":8},"end":{"line":74,"column":null}},"13":{"start":{"line":76,"column":6},"end":{"line":76,"column":null}},"14":{"start":{"line":77,"column":6},"end":{"line":77,"column":null}},"15":{"start":{"line":78,"column":6},"end":{"line":78,"column":null}},"16":{"start":{"line":79,"column":6},"end":{"line":79,"column":null}},"17":{"start":{"line":80,"column":6},"end":{"line":80,"column":null}},"18":{"start":{"line":82,"column":6},"end":{"line":82,"column":null}},"19":{"start":{"line":90,"column":4},"end":{"line":90,"column":null}},"20":{"start":{"line":91,"column":20},"end":{"line":91,"column":null}},"21":{"start":{"line":92,"column":17},"end":{"line":92,"column":null}},"22":{"start":{"line":93,"column":22},"end":{"line":93,"column":null}},"23":{"start":{"line":94,"column":23},"end":{"line":94,"column":null}},"24":{"start":{"line":96,"column":6},"end":{"line":96,"column":null}},"25":{"start":{"line":97,"column":4},"end":{"line":102,"column":null}},"26":{"start":{"line":98,"column":6},"end":{"line":101,"column":null}},"27":{"start":{"line":103,"column":4},"end":{"line":108,"column":null}},"28":{"start":{"line":104,"column":6},"end":{"line":107,"column":null}},"29":{"start":{"line":109,"column":21},"end":{"line":109,"column":null}},"30":{"start":{"line":110,"column":22},"end":{"line":112,"column":null}},"31":{"start":{"line":113,"column":4},"end":{"line":134,"column":null}},"32":{"start":{"line":138,"column":4},"end":{"line":138,"column":null}},"33":{"start":{"line":139,"column":21},"end":{"line":139,"column":null}},"34":{"start":{"line":140,"column":18},"end":{"line":143,"column":null}},"35":{"start":{"line":144,"column":4},"end":{"line":149,"column":null}},"36":{"start":{"line":145,"column":6},"end":{"line":148,"column":null}},"37":{"start":{"line":151,"column":4},"end":{"line":171,"column":null}},"38":{"start":{"line":152,"column":6},"end":{"line":163,"column":null}},"39":{"start":{"line":165,"column":6},"end":{"line":170,"column":null}},"40":{"start":{"line":172,"column":4},"end":{"line":178,"column":null}},"41":{"start":{"line":173,"column":6},"end":{"line":177,"column":null}},"42":{"start":{"line":179,"column":17},"end":{"line":179,"column":null}},"43":{"start":{"line":180,"column":4},"end":{"line":185,"column":null}},"44":{"start":{"line":181,"column":6},"end":{"line":184,"column":null}},"45":{"start":{"line":186,"column":4},"end":{"line":191,"column":null}},"46":{"start":{"line":195,"column":4},"end":{"line":200,"column":null}},"47":{"start":{"line":196,"column":6},"end":{"line":199,"column":null}}},"fnMap":{"0":{"name":"(anonymous_0)","decl":{"start":{"line":56,"column":2},"end":{"line":56,"column":14}},"loc":{"start":{"line":56,"column":53},"end":{"line":84,"column":null}},"line":56},"1":{"name":"(anonymous_1)","decl":{"start":{"line":58,"column":26},"end":{"line":58,"column":42}},"loc":{"start":{"line":58,"column":42},"end":{"line":58,"column":null}},"line":58},"2":{"name":"(anonymous_2)","decl":{"start":{"line":86,"column":2},"end":{"line":86,"column":null}},"loc":{"start":{"line":89,"column":28},"end":{"line":135,"column":null}},"line":89},"3":{"name":"(anonymous_3)","decl":{"start":{"line":137,"column":8},"end":{"line":137,"column":13}},"loc":{"start":{"line":137,"column":73},"end":{"line":192,"column":null}},"line":137},"4":{"name":"(anonymous_4)","decl":{"start":{"line":194,"column":2},"end":{"line":194,"column":25}},"loc":{"start":{"line":194,"column":25},"end":{"line":201,"column":null}},"line":194}},"branchMap":{"0":{"loc":{"start":{"line":56,"column":14},"end":{"line":56,"column":53}},"type":"default-arg","locations":[{"start":{"line":56,"column":49},"end":{"line":56,"column":53}}],"line":56},"1":{"loc":{"start":{"line":57,"column":19},"end":{"line":57,"column":null}},"type":"binary-expr","locations":[{"start":{"line":57,"column":19},"end":{"line":57,"column":38}},{"start":{"line":57,"column":38},"end":{"line":57,"column":null}}],"line":57},"2":{"loc":{"start":{"line":58,"column":18},"end":{"line":58,"column":null}},"type":"binary-expr","locations":[{"start":{"line":58,"column":18},"end":{"line":58,"column":42}},{"start":{"line":58,"column":26},"end":{"line":58,"column":null}}],"line":58},"3":{"loc":{"start":{"line":60,"column":6},"end":{"line":60,"column":null}},"type":"binary-expr","locations":[{"start":{"line":60,"column":6},"end":{"line":60,"column":34}},{"start":{"line":60,"column":34},"end":{"line":60,"column":null}}],"line":60},"4":{"loc":{"start":{"line":61,"column":4},"end":{"line":83,"column":null}},"type":"if","locations":[{"start":{"line":61,"column":4},"end":{"line":83,"column":null}},{"start":{"line":81,"column":11},"end":{"line":83,"column":null}}],"line":61},"5":{"loc":{"start":{"line":63,"column":6},"end":{"line":68,"column":null}},"type":"if","locations":[{"start":{"line":63,"column":6},"end":{"line":68,"column":null}},{"start":{},"end":{}}],"line":63},"6":{"loc":{"start":{"line":63,"column":10},"end":{"line":63,"column":60}},"type":"binary-expr","locations":[{"start":{"line":63,"column":10},"end":{"line":63,"column":22}},{"start":{"line":63,"column":22},"end":{"line":63,"column":41}},{"start":{"line":63,"column":41},"end":{"line":63,"column":60}}],"line":63},"7":{"loc":{"start":{"line":70,"column":6},"end":{"line":75,"column":null}},"type":"if","locations":[{"start":{"line":70,"column":6},"end":{"line":75,"column":null}},{"start":{},"end":{}}],"line":70},"8":{"loc":{"start":{"line":79,"column":20},"end":{"line":79,"column":null}},"type":"binary-expr","locations":[{"start":{"line":79,"column":20},"end":{"line":79,"column":42}},{"start":{"line":79,"column":42},"end":{"line":79,"column":null}}],"line":79},"9":{"loc":{"start":{"line":96,"column":6},"end":{"line":96,"column":null}},"type":"binary-expr","locations":[{"start":{"line":96,"column":6},"end":{"line":96,"column":37}},{"start":{"line":96,"column":37},"end":{"line":96,"column":null}}],"line":96},"10":{"loc":{"start":{"line":97,"column":4},"end":{"line":102,"column":null}},"type":"if","locations":[{"start":{"line":97,"column":4},"end":{"line":102,"column":null}},{"start":{},"end":{}}],"line":97},"11":{"loc":{"start":{"line":97,"column":8},"end":{"line":97,"column":63}},"type":"binary-expr","locations":[{"start":{"line":97,"column":8},"end":{"line":97,"column":22}},{"start":{"line":97,"column":22},"end":{"line":97,"column":37}},{"start":{"line":97,"column":37},"end":{"line":97,"column":63}}],"line":97},"12":{"loc":{"start":{"line":103,"column":4},"end":{"line":108,"column":null}},"type":"if","locations":[{"start":{"line":103,"column":4},"end":{"line":108,"column":null}},{"start":{},"end":{}}],"line":103},"13":{"loc":{"start":{"line":109,"column":21},"end":{"line":109,"column":null}},"type":"binary-expr","locations":[{"start":{"line":109,"column":21},"end":{"line":109,"column":48}},{"start":{"line":109,"column":48},"end":{"line":109,"column":null}}],"line":109},"14":{"loc":{"start":{"line":110,"column":22},"end":{"line":112,"column":null}},"type":"cond-expr","locations":[{"start":{"line":111,"column":8},"end":{"line":111,"column":null}},{"start":{"line":112,"column":8},"end":{"line":112,"column":null}}],"line":110},"15":{"loc":{"start":{"line":122,"column":12},"end":{"line":122,"column":null}},"type":"cond-expr","locations":[{"start":{"line":122,"column":29},"end":{"line":122,"column":62}},{"start":{"line":122,"column":62},"end":{"line":122,"column":null}}],"line":122},"16":{"loc":{"start":{"line":124,"column":23},"end":{"line":124,"column":53}},"type":"binary-expr","locations":[{"start":{"line":124,"column":23},"end":{"line":124,"column":41}},{"start":{"line":124,"column":41},"end":{"line":124,"column":53}}],"line":124},"17":{"loc":{"start":{"line":144,"column":4},"end":{"line":149,"column":null}},"type":"if","locations":[{"start":{"line":144,"column":4},"end":{"line":149,"column":null}},{"start":{},"end":{}}],"line":144},"18":{"loc":{"start":{"line":156,"column":18},"end":{"line":156,"column":null}},"type":"binary-expr","locations":[{"start":{"line":156,"column":18},"end":{"line":156,"column":34}},{"start":{"line":156,"column":34},"end":{"line":156,"column":null}}],"line":156},"19":{"loc":{"start":{"line":172,"column":4},"end":{"line":178,"column":null}},"type":"if","locations":[{"start":{"line":172,"column":4},"end":{"line":178,"column":null}},{"start":{},"end":{}}],"line":172},"20":{"loc":{"start":{"line":176,"column":8},"end":{"line":176,"column":null}},"type":"binary-expr","locations":[{"start":{"line":176,"column":8},"end":{"line":176,"column":34}},{"start":{"line":176,"column":34},"end":{"line":176,"column":null}}],"line":176},"21":{"loc":{"start":{"line":180,"column":4},"end":{"line":185,"column":null}},"type":"if","locations":[{"start":{"line":180,"column":4},"end":{"line":185,"column":null}},{"start":{},"end":{}}],"line":180},"22":{"loc":{"start":{"line":195,"column":4},"end":{"line":200,"column":null}},"type":"if","locations":[{"start":{"line":195,"column":4},"end":{"line":200,"column":null}},{"start":{},"end":{}}],"line":195}},"s":{"0":3,"1":15,"2":15,"3":15,"4":1,"5":15,"6":15,"7":12,"8":12,"9":1,"10":11,"11":11,"12":1,"13":10,"14":10,"15":10,"16":10,"17":12,"18":3,"19":5,"20":5,"21":5,"22":5,"23":5,"24":5,"25":5,"26":1,"27":3,"28":1,"29":2,"30":5,"31":5,"32":7,"33":7,"34":7,"35":7,"36":0,"37":6,"38":6,"39":1,"40":5,"41":2,"42":3,"43":3,"44":1,"45":2,"46":12,"47":2},"f":{"0":15,"1":1,"2":5,"3":7,"4":12},"b":{"0":[15],"1":[15,2],"2":[15,1],"3":[15,14],"4":[12,3],"5":[1,11],"6":[12,11,11],"7":[1,10],"8":[10,0],"9":[5,2],"10":[1,4],"11":[5,3,3],"12":[1,2],"13":[2,0],"14":[1,1],"15":[1,1],"16":[5,0],"17":[0,7],"18":[6,0],"19":[2,3],"20":[2,1],"21":[1,2],"22":[2,10]},"meta":{"lastBranch":23,"lastFunction":5,"lastStatement":48,"seen":{"s:37:35:37:Infinity":0,"s:46:21:46:Infinity":1,"f:56:2:56:14":0,"b:56:49:56:53":0,"s:57:4:57:Infinity":2,"b:57:19:57:38:57:38:57:Infinity":1,"s:58:4:58:Infinity":3,"b:58:18:58:42:58:26:58:Infinity":2,"f:58:26:58:42":1,"s:58:42:58:Infinity":4,"s:59:4:60:Infinity":5,"b:60:6:60:34:60:34:60:Infinity":3,"b:61:4:83:Infinity:81:11:83:Infinity":4,"s:61:4:83:Infinity":6,"s:62:22:62:Infinity":7,"b:63:6:68:Infinity:undefined:undefined:undefined:undefined":5,"s:63:6:68:Infinity":8,"b:63:10:63:22:63:22:63:41:63:41:63:60":6,"s:64:8:67:Infinity":9,"s:69:20:69:Infinity":10,"b:70:6:75:Infinity:undefined:undefined:undefined:undefined":7,"s:70:6:75:Infinity":11,"s:71:8:74:Infinity":12,"s:76:6:76:Infinity":13,"s:77:6:77:Infinity":14,"s:78:6:78:Infinity":15,"s:79:6:79:Infinity":16,"b:79:20:79:42:79:42:79:Infinity":8,"s:80:6:80:Infinity":17,"s:82:6:82:Infinity":18,"f:86:2:86:Infinity":2,"s:90:4:90:Infinity":19,"s:91:20:91:Infinity":20,"s:92:17:92:Infinity":21,"s:93:22:93:Infinity":22,"s:94:23:94:Infinity":23,"s:96:6:96:Infinity":24,"b:96:6:96:37:96:37:96:Infinity":9,"b:97:4:102:Infinity:undefined:undefined:undefined:undefined":10,"s:97:4:102:Infinity":25,"b:97:8:97:22:97:22:97:37:97:37:97:63":11,"s:98:6:101:Infinity":26,"b:103:4:108:Infinity:undefined:undefined:undefined:undefined":12,"s:103:4:108:Infinity":27,"s:104:6:107:Infinity":28,"s:109:21:109:Infinity":29,"b:109:21:109:48:109:48:109:Infinity":13,"s:110:22:112:Infinity":30,"b:111:8:111:Infinity:112:8:112:Infinity":14,"s:113:4:134:Infinity":31,"b:122:29:122:62:122:62:122:Infinity":15,"b:124:23:124:41:124:41:124:53":16,"f:137:8:137:13":3,"s:138:4:138:Infinity":32,"s:139:21:139:Infinity":33,"s:140:18:143:Infinity":34,"b:144:4:149:Infinity:undefined:undefined:undefined:undefined":17,"s:144:4:149:Infinity":35,"s:145:6:148:Infinity":36,"s:151:4:171:Infinity":37,"s:152:6:163:Infinity":38,"b:156:18:156:34:156:34:156:Infinity":18,"s:165:6:170:Infinity":39,"b:172:4:178:Infinity:undefined:undefined:undefined:undefined":19,"s:172:4:178:Infinity":40,"s:173:6:177:Infinity":41,"b:176:8:176:34:176:34:176:Infinity":20,"s:179:17:179:Infinity":42,"b:180:4:185:Infinity:undefined:undefined:undefined:undefined":21,"s:180:4:185:Infinity":43,"s:181:6:184:Infinity":44,"s:186:4:191:Infinity":45,"f:194:2:194:25":4,"b:195:4:200:Infinity:undefined:undefined:undefined:undefined":22,"s:195:4:200:Infinity":46,"s:196:6:199:Infinity":47}}}
,"/home/ricardo/cvg-agent-secretary-v2/packages/channel-gateway/src/adapters/fake.ts": {"path":"/home/ricardo/cvg-agent-secretary-v2/packages/channel-gateway/src/adapters/fake.ts","statementMap":{"0":{"start":{"line":37,"column":21},"end":{"line":37,"column":null}},"1":{"start":{"line":38,"column":46},"end":{"line":38,"column":null}},"2":{"start":{"line":43,"column":4},"end":{"line":43,"column":null}},"3":{"start":{"line":44,"column":4},"end":{"line":44,"column":null}},"4":{"start":{"line":44,"column":42},"end":{"line":44,"column":null}},"5":{"start":{"line":45,"column":4},"end":{"line":45,"column":null}},"6":{"start":{"line":49,"column":4},"end":{"line":49,"column":null}},"7":{"start":{"line":56,"column":20},"end":{"line":56,"column":null}},"8":{"start":{"line":57,"column":4},"end":{"line":68,"column":null}},"9":{"start":{"line":64,"column":6},"end":{"line":67,"column":null}},"10":{"start":{"line":69,"column":21},"end":{"line":97,"column":null}},"11":{"start":{"line":82,"column":25},"end":{"line":87,"column":null}},"12":{"start":{"line":98,"column":4},"end":{"line":98,"column":null}},"13":{"start":{"line":102,"column":4},"end":{"line":105,"column":null}},"14":{"start":{"line":103,"column":6},"end":{"line":103,"column":null}},"15":{"start":{"line":104,"column":6},"end":{"line":104,"column":null}},"16":{"start":{"line":106,"column":4},"end":{"line":106,"column":null}},"17":{"start":{"line":107,"column":4},"end":{"line":112,"column":null}}},"fnMap":{"0":{"name":"(anonymous_0)","decl":{"start":{"line":42,"column":2},"end":{"line":42,"column":14}},"loc":{"start":{"line":42,"column":65},"end":{"line":46,"column":null}},"line":42},"1":{"name":"(anonymous_1)","decl":{"start":{"line":44,"column":26},"end":{"line":44,"column":42}},"loc":{"start":{"line":44,"column":42},"end":{"line":44,"column":null}},"line":44},"2":{"name":"(anonymous_2)","decl":{"start":{"line":48,"column":2},"end":{"line":48,"column":23}},"loc":{"start":{"line":48,"column":23},"end":{"line":50,"column":null}},"line":48},"3":{"name":"(anonymous_3)","decl":{"start":{"line":52,"column":2},"end":{"line":52,"column":null}},"loc":{"start":{"line":55,"column":28},"end":{"line":99,"column":null}},"line":55},"4":{"name":"(anonymous_4)","decl":{"start":{"line":81,"column":49},"end":{"line":81,"column":null}},"loc":{"start":{"line":82,"column":25},"end":{"line":87,"column":null}},"line":82},"5":{"name":"(anonymous_5)","decl":{"start":{"line":101,"column":8},"end":{"line":101,"column":13}},"loc":{"start":{"line":101,"column":73},"end":{"line":113,"column":null}},"line":101}},"branchMap":{"0":{"loc":{"start":{"line":42,"column":14},"end":{"line":42,"column":65}},"type":"default-arg","locations":[{"start":{"line":42,"column":61},"end":{"line":42,"column":65}}],"line":42},"1":{"loc":{"start":{"line":43,"column":19},"end":{"line":43,"column":null}},"type":"binary-expr","locations":[{"start":{"line":43,"column":19},"end":{"line":43,"column":38}},{"start":{"line":43,"column":38},"end":{"line":43,"column":null}}],"line":43},"2":{"loc":{"start":{"line":44,"column":18},"end":{"line":44,"column":null}},"type":"binary-expr","locations":[{"start":{"line":44,"column":18},"end":{"line":44,"column":42}},{"start":{"line":44,"column":26},"end":{"line":44,"column":null}}],"line":44},"3":{"loc":{"start":{"line":45,"column":25},"end":{"line":45,"column":null}},"type":"binary-expr","locations":[{"start":{"line":45,"column":25},"end":{"line":45,"column":49}},{"start":{"line":45,"column":49},"end":{"line":45,"column":null}}],"line":45},"4":{"loc":{"start":{"line":57,"column":4},"end":{"line":68,"column":null}},"type":"if","locations":[{"start":{"line":57,"column":4},"end":{"line":68,"column":null}},{"start":{},"end":{}}],"line":57},"5":{"loc":{"start":{"line":58,"column":6},"end":{"line":62,"column":null}},"type":"binary-expr","locations":[{"start":{"line":58,"column":6},"end":{"line":58,"column":null}},{"start":{"line":59,"column":6},"end":{"line":59,"column":null}},{"start":{"line":60,"column":6},"end":{"line":60,"column":null}},{"start":{"line":61,"column":6},"end":{"line":61,"column":null}},{"start":{"line":62,"column":6},"end":{"line":62,"column":null}}],"line":58},"6":{"loc":{"start":{"line":77,"column":17},"end":{"line":77,"column":null}},"type":"binary-expr","locations":[{"start":{"line":77,"column":17},"end":{"line":77,"column":38}},{"start":{"line":77,"column":38},"end":{"line":77,"column":null}}],"line":77},"7":{"loc":{"start":{"line":81,"column":20},"end":{"line":81,"column":49}},"type":"binary-expr","locations":[{"start":{"line":81,"column":20},"end":{"line":81,"column":47}},{"start":{"line":81,"column":47},"end":{"line":81,"column":49}}],"line":81},"8":{"loc":{"start":{"line":102,"column":4},"end":{"line":105,"column":null}},"type":"if","locations":[{"start":{"line":102,"column":4},"end":{"line":105,"column":null}},{"start":{},"end":{}}],"line":102}},"s":{"0":11,"1":11,"2":11,"3":11,"4":2,"5":11,"6":1,"7":6,"8":6,"9":1,"10":5,"11":2,"12":6,"13":6,"14":1,"15":1,"16":5,"17":5},"f":{"0":11,"1":2,"2":1,"3":6,"4":2,"5":6},"b":{"0":[11],"1":[11,11],"2":[11,2],"3":[11,11],"4":[1,5],"5":[6,6,6,5,5],"6":[5,5],"7":[6,4],"8":[1,5]},"meta":{"lastBranch":9,"lastFunction":6,"lastStatement":18,"seen":{"s:37:21:37:Infinity":0,"s:38:46:38:Infinity":1,"f:42:2:42:14":0,"b:42:61:42:65":0,"s:43:4:43:Infinity":2,"b:43:19:43:38:43:38:43:Infinity":1,"s:44:4:44:Infinity":3,"b:44:18:44:42:44:26:44:Infinity":2,"f:44:26:44:42":1,"s:44:42:44:Infinity":4,"s:45:4:45:Infinity":5,"b:45:25:45:49:45:49:45:Infinity":3,"f:48:2:48:23":2,"s:49:4:49:Infinity":6,"f:52:2:52:Infinity":3,"s:56:20:56:Infinity":7,"b:57:4:68:Infinity:undefined:undefined:undefined:undefined":4,"s:57:4:68:Infinity":8,"b:58:6:58:Infinity:59:6:59:Infinity:60:6:60:Infinity:61:6:61:Infinity:62:6:62:Infinity":5,"s:64:6:67:Infinity":9,"s:69:21:97:Infinity":10,"b:77:17:77:38:77:38:77:Infinity":6,"b:81:20:81:47:81:47:81:49":7,"f:81:49:81:Infinity":4,"s:82:25:87:Infinity":11,"s:98:4:98:Infinity":12,"f:101:8:101:13":5,"b:102:4:105:Infinity:undefined:undefined:undefined:undefined":8,"s:102:4:105:Infinity":13,"s:103:6:103:Infinity":14,"s:104:6:104:Infinity":15,"s:106:4:106:Infinity":16,"s:107:4:112:Infinity":17}}}
}
